#
# A fatal error has been detected by the Java Runtime Environment:
#
#  SIGSEGV (0xb) at pc=0x00007f5b04dd5ae8, pid=8604, tid=140027975022336
#
# JRE version: Java(TM) SE Runtime Environment (8.0_91-b14) (build 1.8.0_91-b14)
# Java VM: Java HotSpot(TM) 64-Bit Server VM (25.91-b14 mixed mode linux-amd64 compressed oops)
# Problematic frame:
# C  [libc.so.6+0x150ae8]
#
# Failed to write core dump. Core dumps have been disabled. To enable core dumping, try "ulimit -c unlimited" before starting Java again
#
# If you would like to submit a bug report, please visit:
#   http://bugreport.java.com/bugreport/crash.jsp
# The crash happened outside the Java Virtual Machine in native code.
# See problematic frame for where to report the bug.
#

---------------  T H R E A D  ---------------

Current thread (0x00007f5a8c003000):  JavaThread "http-nio-9090-exec-3" daemon [_thread_in_native, id=12594, stack(0x00007f5acda5b000,0x00007f5acdb5c000)]

siginfo: si_signo: 11 (SIGSEGV), si_code: 1 (SEGV_MAPERR), si_addr: 0x00007f5b058a7000

Registers:
RAX=0x00007f5a84013090, RBX=0x0000000000007274, RCX=0x0000000000008000, RDX=0x00000000000050e4
RSP=0x00007f5acdb56438, RBP=0x00007f5acdb56490, RSI=0x00007f5b058a6f89, RDI=0x00007f5a84015120
R8 =0x00007f5a84013090, R9 =0x00007f5b04dd5ac0, R10=0x00007f5a84000078, R11=0x00007f5b04e0c9d0
R12=0x00007f5b058973fd, R13=0x00007f5a84005550, R14=0x0000000000007369, R15=0x00007f5afc121b30
RIP=0x00007f5b04dd5ae8, EFLAGS=0x0000000000010206, CSGSFS=0x0000000000000033, ERR=0x0000000000000004
  TRAPNO=0x000000000000000e

Top of Stack: (sp=0x00007f5acdb56438)
0x00007f5acdb56438:   00007f5b01df5c7e 0000000083cf0a08
0x00007f5acdb56448:   7274690000000000 0000000000006765
0x00007f5acdb56458:   0000000050737361 00007f5a84005550
0x00007f5acdb56468:   00007f5afc121c90 00007f5afd0c0bd0
0x00007f5acdb56478:   00007f5afc121b30 00000000621ad270
0x00007f5acdb56488:   0000000000000026 00007f5acdb564f0
0x00007f5acdb56498:   00007f5b01df618f 00007f5a8c003000
0x00007f5acdb564a8:   01007f5a8c003000 00007f5acdb56510
0x00007f5acdb564b8:   00007f5acdb56537 00007f5acdb56535
0x00007f5acdb564c8:   00007f5acdb56510 0000000000000026
0x00007f5acdb564d8:   00007f5a8c0031f8 00007f5acdb56968
0x00007f5acdb564e8:   0000000000000001 00007f5acdb56950
0x00007f5acdb564f8:   00007f5b01de7ec0 00007f5b003c0470
0x00007f5acdb56508:   00007f5afc121b30 6f6d2f63656e696c
0x00007f5acdb56518:   61622f726f74696e 6c65646f6d2f6573
0x00007f5acdb56528:   656369767265532f 00007373616c632e
0x00007f5acdb56538:   00007f5a8c002730 00007f5afd3b1920
0x00007f5acdb56548:   00007f5afd3b19a8 00007f5afd3b1a08
0x00007f5acdb56558:   00000000000000d8 00007f5acdb56e50
0x00007f5acdb56568:   00007f5aed443c3d 00007f5b003c0470
0x00007f5acdb56578:   00007f5a8c003000 0000005300000056
0x00007f5acdb56588:   000000000062a370 00007f5b003c0470
0x00007f5acdb56598:   00007f5a8c003000 00000000d7491b28
0x00007f5acdb565a8:   00000000cd486428 00000000cd4ecdb8
0x00007f5acdb565b8:   00000000d7491c90 00007f5b003c0470
0x00007f5acdb565c8:   00007f5a8c003000 0000000083784f10
0x00007f5acdb565d8:   00007f5aeda89834 00007f5b003c0470
0x00007f5acdb565e8:   00007f5a8c003000 00007f5acdb56620
0x00007f5acdb565f8:   00007f5a8c0016d0 00000000d7492070
0x00007f5acdb56608:   00007f5b003c0470 00007f5a8c001060
0x00007f5acdb56618:   00007f5a8c003000 00007f5acdb567b0
0x00007f5acdb56628:   00007f5b0437231f 00000000cd4eccb8 

Instructions: (pc=0x00007f5b04dd5ae8)
0x00007f5b04dd5ac8:   28 4e f7 0f 28 56 07 0f 28 5e 17 0f 28 66 27 0f
0x00007f5b04dd5ad8:   28 6e 37 0f 28 76 47 0f 28 7e 57 44 0f 28 46 67
0x00007f5b04dd5ae8:   44 0f 28 4e 77 48 8d b6 80 00 00 00 66 45 0f 3a
0x00007f5b04dd5af8:   0f c8 09 44 0f 29 4f 70 66 44 0f 3a 0f c7 09 44 

Register to memory mapping:

RAX=0x00007f5a84013090 is an unknown value
RBX=0x0000000000007274 is an unknown value
RCX=0x0000000000008000 is an unknown value
RDX=0x00000000000050e4 is an unknown value
RSP=0x00007f5acdb56438 is pointing into the stack for thread: 0x00007f5a8c003000
RBP=0x00007f5acdb56490 is pointing into the stack for thread: 0x00007f5a8c003000
RSI=0x00007f5b058a6f89 is an unknown value
RDI=0x00007f5a84015120 is an unknown value
R8 =0x00007f5a84013090 is an unknown value
R9 =0x00007f5b04dd5ac0: <offset 0x150ac0> in /lib/x86_64-linux-gnu/libc.so.6 at 0x00007f5b04c85000
R10=0x00007f5a84000078 is an unknown value
R11=0x00007f5b04e0c9d0: <offset 0x1879d0> in /lib/x86_64-linux-gnu/libc.so.6 at 0x00007f5b04c85000
R12=0x00007f5b058973fd is an unknown value
R13=0x00007f5a84005550 is an unknown value
R14=0x0000000000007369 is an unknown value
R15=0x00007f5afc121b30 is an unknown value


Stack: [0x00007f5acda5b000,0x00007f5acdb5c000],  sp=0x00007f5acdb56438,  free space=1005k
Native frames: (J=compiled Java code, j=interpreted, Vv=VM code, C=native code)
C  [libc.so.6+0x150ae8]
C  [libzip.so+0x1218f]  ZIP_GetEntry2+0xff
C  [libzip.so+0x3ec0]  Java_java_util_zip_ZipFile_getEntry+0xf0
J 89  java.util.zip.ZipFile.getEntry(J[BZ)J (0 bytes) @ 0x00007f5aed12bc4e [0x00007f5aed12bb80+0xce]
J 1850 C2 java.util.jar.JarFile.getEntry(Ljava/lang/String;)Ljava/util/zip/ZipEntry; (22 bytes) @ 0x00007f5aed6c48b4 [0x00007f5aed6c4520+0x394]
J 1825 C2 sun.misc.URLClassPath$JarLoader.getResource(Ljava/lang/String;Z)Lsun/misc/Resource; (85 bytes) @ 0x00007f5aed6a3644 [0x00007f5aed6a3580+0xc4]
J 879 C2 sun.misc.URLClassPath.getResource(Ljava/lang/String;Z)Lsun/misc/Resource; (83 bytes) @ 0x00007f5aed3f935c [0x00007f5aed3f9260+0xfc]
J 2466 C2 java.net.URLClassLoader$1.run()Ljava/lang/Object; (5 bytes) @ 0x00007f5aedac169c [0x00007f5aedac1120+0x57c]
v  ~StubRoutines::call_stub
V  [libjvm.so+0x68dbc6]  JavaCalls::call_helper(JavaValue*, methodHandle*, JavaCallArguments*, Thread*)+0x1056
V  [libjvm.so+0x726a0c]  JVM_DoPrivileged+0x27c
J 270  java.security.AccessController.doPrivileged(Ljava/security/PrivilegedExceptionAction;Ljava/security/AccessControlContext;)Ljava/lang/Object; (0 bytes) @ 0x00007f5aed1c4fd5 [0x00007f5aed1c4f00+0xd5]
J 2042 C2 java.lang.ClassLoader.loadClass(Ljava/lang/String;Z)Ljava/lang/Class; (122 bytes) @ 0x00007f5aed7b08fc [0x00007f5aed7b0420+0x4dc]
J 3070 C2 java.lang.ClassLoader.loadClass(Ljava/lang/String;)Ljava/lang/Class; (7 bytes) @ 0x00007f5aed21b588 [0x00007f5aed21b3a0+0x1e8]
v  ~StubRoutines::call_stub
V  [libjvm.so+0x68dbc6]  JavaCalls::call_helper(JavaValue*, methodHandle*, JavaCallArguments*, Thread*)+0x1056
V  [libjvm.so+0x68e0d1]  JavaCalls::call_virtual(JavaValue*, KlassHandle, Symbol*, Symbol*, JavaCallArguments*, Thread*)+0x321
V  [libjvm.so+0x68e516]  JavaCalls::call_virtual(JavaValue*, Handle, KlassHandle, Symbol*, Symbol*, Handle, Thread*)+0x56
V  [libjvm.so+0xa33500]  SystemDictionary::load_instance_class(Symbol*, Handle, Thread*)+0x3f0
V  [libjvm.so+0xa323ec]  SystemDictionary::resolve_instance_class_or_null(Symbol*, Handle, Handle, Thread*)+0x7cc
V  [libjvm.so+0xa33923]  SystemDictionary::resolve_or_fail(Symbol*, Handle, Handle, bool, Thread*)+0x33
V  [libjvm.so+0x4f1e58]  ConstantPool::klass_at_impl(constantPoolHandle, int, Thread*)+0x158
V  [libjvm.so+0x682141]  InterpreterRuntime::_new(JavaThread*, ConstantPool*, int)+0x71
j  linec.monitor.client.controller.RegisterController.register(Llinec/monitor/base/model/Registration;)V+14
v  ~StubRoutines::call_stub
V  [libjvm.so+0x68dbc6]  JavaCalls::call_helper(JavaValue*, methodHandle*, JavaCallArguments*, Thread*)+0x1056
V  [libjvm.so+0x994487]  Reflection::invoke(instanceKlassHandle, methodHandle, Handle, bool, objArrayHandle, BasicType, objArrayHandle, bool, Thread*)+0x5d7
V  [libjvm.so+0x997b97]  Reflection::invoke_method(oopDesc*, Handle, objArrayHandle, Thread*)+0x147
V  [libjvm.so+0x71c7db]  JVM_InvokeMethod+0x26b
J 2316  sun.reflect.NativeMethodAccessorImpl.invoke0(Ljava/lang/reflect/Method;Ljava/lang/Object;[Ljava/lang/Object;)Ljava/lang/Object; (0 bytes) @ 0x00007f5aed86b56d [0x00007f5aed86b480+0xed]
J 2315 C1 sun.reflect.NativeMethodAccessorImpl.invoke(Ljava/lang/Object;[Ljava/lang/Object;)Ljava/lang/Object; (104 bytes) @ 0x00007f5aed88abcc [0x00007f5aed889a00+0x11cc]
J 2306 C2 java.lang.reflect.Method.invoke(Ljava/lang/Object;[Ljava/lang/Object;)Ljava/lang/Object; (62 bytes) @ 0x00007f5aed869a38 [0x00007f5aed869980+0xb8]
j  org.springframework.web.method.support.InvocableHandlerMethod.doInvoke([Ljava/lang/Object;)Ljava/lang/Object;+16
j  org.springframework.web.method.support.InvocableHandlerMethod.invokeForRequest(Lorg/springframework/web/context/request/NativeWebRequest;Lorg/springframework/web/method/support/ModelAndViewContainer;[Ljava/lang/Object;)Ljava/lang/Object;+96
j  org.springframework.web.servlet.mvc.method.annotation.ServletInvocableHandlerMethod.invokeAndHandle(Lorg/springframework/web/context/request/ServletWebRequest;Lorg/springframework/web/method/support/ModelAndViewContainer;[Ljava/lang/Object;)V+4
j  org.springframework.web.servlet.mvc.method.annotation.RequestMappingHandlerAdapter.invokeHandlerMethod(Ljavax/servlet/http/HttpServletRequest;Ljavax/servlet/http/HttpServletResponse;Lorg/springframework/web/method/HandlerMethod;)Lorg/springframework/web/servlet/ModelAndView;+230
j  org.springframework.web.servlet.mvc.method.annotation.RequestMappingHandlerAdapter.handleInternal(Ljavax/servlet/http/HttpServletRequest;Ljavax/servlet/http/HttpServletResponse;Lorg/springframework/web/method/HandlerMethod;)Lorg/springframework/web/servlet/ModelAndView;+89
j  org.springframework.web.servlet.mvc.method.AbstractHandlerMethodAdapter.handle(Ljavax/servlet/http/HttpServletRequest;Ljavax/servlet/http/HttpServletResponse;Ljava/lang/Object;)Lorg/springframework/web/servlet/ModelAndView;+7
j  org.springframework.web.servlet.DispatcherServlet.doDispatch(Ljavax/servlet/http/HttpServletRequest;Ljavax/servlet/http/HttpServletResponse;)V+318
j  org.springframework.web.servlet.DispatcherServlet.doService(Ljavax/servlet/http/HttpServletRequest;Ljavax/servlet/http/HttpServletResponse;)V+301
j  org.springframework.web.servlet.FrameworkServlet.processRequest(Ljavax/servlet/http/HttpServletRequest;Ljavax/servlet/http/HttpServletResponse;)V+71
j  org.springframework.web.servlet.FrameworkServlet.doPut(Ljavax/servlet/http/HttpServletRequest;Ljavax/servlet/http/HttpServletResponse;)V+3
j  javax.servlet.http.HttpServlet.service(Ljavax/servlet/http/HttpServletRequest;Ljavax/servlet/http/HttpServletResponse;)V+167
j  org.springframework.web.servlet.FrameworkServlet.service(Ljavax/servlet/http/HttpServletRequest;Ljavax/servlet/http/HttpServletResponse;)V+32
j  javax.servlet.http.HttpServlet.service(Ljavax/servlet/ServletRequest;Ljavax/servlet/ServletResponse;)V+30
j  org.apache.catalina.core.ApplicationFilterChain.internalDoFilter(Ljavax/servlet/ServletRequest;Ljavax/servlet/ServletResponse;)V+396
j  org.apache.catalina.core.ApplicationFilterChain.doFilter(Ljavax/servlet/ServletRequest;Ljavax/servlet/ServletResponse;)V+101
j  org.apache.tomcat.websocket.server.WsFilter.doFilter(Ljavax/servlet/ServletRequest;Ljavax/servlet/ServletResponse;Ljavax/servlet/FilterChain;)V+21
j  org.apache.catalina.core.ApplicationFilterChain.internalDoFilter(Ljavax/servlet/ServletRequest;Ljavax/servlet/ServletResponse;)V+151
j  org.apache.catalina.core.ApplicationFilterChain.doFilter(Ljavax/servlet/ServletRequest;Ljavax/servlet/ServletResponse;)V+101
j  org.springframework.web.filter.HiddenHttpMethodFilter.doFilterInternal(Ljavax/servlet/http/HttpServletRequest;Ljavax/servlet/http/HttpServletResponse;Ljavax/servlet/FilterChain;)V+71
j  org.springframework.web.filter.OncePerRequestFilter.doFilter(Ljavax/servlet/ServletRequest;Ljavax/servlet/ServletResponse;Ljavax/servlet/FilterChain;)V+111
j  org.apache.catalina.core.ApplicationFilterChain.internalDoFilter(Ljavax/servlet/ServletRequest;Ljavax/servlet/ServletResponse;)V+151
j  org.apache.catalina.core.ApplicationFilterChain.doFilter(Ljavax/servlet/ServletRequest;Ljavax/servlet/ServletResponse;)V+101
j  org.springframework.web.filter.CharacterEncodingFilter.doFilterInternal(Ljavax/servlet/http/HttpServletRequest;Ljavax/servlet/http/HttpServletResponse;Ljavax/servlet/FilterChain;)V+53
j  org.springframework.web.filter.OncePerRequestFilter.doFilter(Ljavax/servlet/ServletRequest;Ljavax/servlet/ServletResponse;Ljavax/servlet/FilterChain;)V+111
j  org.apache.catalina.core.ApplicationFilterChain.internalDoFilter(Ljavax/servlet/ServletRequest;Ljavax/servlet/ServletResponse;)V+151
j  org.apache.catalina.core.ApplicationFilterChain.doFilter(Ljavax/servlet/ServletRequest;Ljavax/servlet/ServletResponse;)V+101
j  org.apache.catalina.core.StandardWrapperValve.invoke(Lorg/apache/catalina/connector/Request;Lorg/apache/catalina/connector/Response;)V+774
j  org.apache.catalina.core.StandardContextValve.invoke(Lorg/apache/catalina/connector/Request;Lorg/apache/catalina/connector/Response;)V+166
j  org.apache.catalina.authenticator.AuthenticatorBase.invoke(Lorg/apache/catalina/connector/Request;Lorg/apache/catalina/connector/Response;)V+417
j  org.apache.catalina.core.StandardHostValve.invoke(Lorg/apache/catalina/connector/Request;Lorg/apache/catalina/connector/Response;)V+135
j  org.apache.catalina.valves.ErrorReportValve.invoke(Lorg/apache/catalina/connector/Request;Lorg/apache/catalina/connector/Response;)V+6
j  org.apache.catalina.core.StandardEngineValve.invoke(Lorg/apache/catalina/connector/Request;Lorg/apache/catalina/connector/Response;)V+71
j  org.apache.catalina.connector.CoyoteAdapter.service(Lorg/apache/coyote/Request;Lorg/apache/coyote/Response;)V+199
j  org.apache.coyote.http11.AbstractHttp11Processor.process(Lorg/apache/tomcat/util/net/SocketWrapper;)Lorg/apache/tomcat/util/net/AbstractEndpoint$Handler$SocketState;+624
j  org.apache.coyote.AbstractProtocol$AbstractConnectionHandler.process(Lorg/apache/tomcat/util/net/SocketWrapper;Lorg/apache/tomcat/util/net/SocketStatus;)Lorg/apache/tomcat/util/net/AbstractEndpoint$Handler$SocketState;+349
j  org.apache.tomcat.util.net.NioEndpoint$SocketProcessor.doRun()V+166
j  org.apache.tomcat.util.net.NioEndpoint$SocketProcessor.run()V+63
j  java.util.concurrent.ThreadPoolExecutor.runWorker(Ljava/util/concurrent/ThreadPoolExecutor$Worker;)V+95
j  java.util.concurrent.ThreadPoolExecutor$Worker.run()V+5
j  org.apache.tomcat.util.threads.TaskThread$WrappingRunnable.run()V+4
j  java.lang.Thread.run()V+11
v  ~StubRoutines::call_stub
V  [libjvm.so+0x68dbc6]  JavaCalls::call_helper(JavaValue*, methodHandle*, JavaCallArguments*, Thread*)+0x1056
V  [libjvm.so+0x68e0d1]  JavaCalls::call_virtual(JavaValue*, KlassHandle, Symbol*, Symbol*, JavaCallArguments*, Thread*)+0x321
V  [libjvm.so+0x68e567]  JavaCalls::call_virtual(JavaValue*, Handle, KlassHandle, Symbol*, Symbol*, Thread*)+0x47
V  [libjvm.so+0x7254b0]  thread_entry(JavaThread*, Thread*)+0xa0
V  [libjvm.so+0xa6b77f]  JavaThread::thread_main_inner()+0xdf
V  [libjvm.so+0xa6b8ac]  JavaThread::run()+0x11c
V  [libjvm.so+0x91ef78]  java_start(Thread*)+0x108
C  [libpthread.so.0+0x8184]  start_thread+0xc4

Java frames: (J=compiled Java code, j=interpreted, Vv=VM code)
J 89  java.util.zip.ZipFile.getEntry(J[BZ)J (0 bytes) @ 0x00007f5aed12bbd8 [0x00007f5aed12bb80+0x58]
J 1850 C2 java.util.jar.JarFile.getEntry(Ljava/lang/String;)Ljava/util/zip/ZipEntry; (22 bytes) @ 0x00007f5aed6c48b4 [0x00007f5aed6c4520+0x394]
J 1825 C2 sun.misc.URLClassPath$JarLoader.getResource(Ljava/lang/String;Z)Lsun/misc/Resource; (85 bytes) @ 0x00007f5aed6a3644 [0x00007f5aed6a3580+0xc4]
J 879 C2 sun.misc.URLClassPath.getResource(Ljava/lang/String;Z)Lsun/misc/Resource; (83 bytes) @ 0x00007f5aed3f935c [0x00007f5aed3f9260+0xfc]
J 2466 C2 java.net.URLClassLoader$1.run()Ljava/lang/Object; (5 bytes) @ 0x00007f5aedac169c [0x00007f5aedac1120+0x57c]
v  ~StubRoutines::call_stub
J 270  java.security.AccessController.doPrivileged(Ljava/security/PrivilegedExceptionAction;Ljava/security/AccessControlContext;)Ljava/lang/Object; (0 bytes) @ 0x00007f5aed1c4f63 [0x00007f5aed1c4f00+0x63]
J 2042 C2 java.lang.ClassLoader.loadClass(Ljava/lang/String;Z)Ljava/lang/Class; (122 bytes) @ 0x00007f5aed7b08fc [0x00007f5aed7b0420+0x4dc]
J 3070 C2 java.lang.ClassLoader.loadClass(Ljava/lang/String;)Ljava/lang/Class; (7 bytes) @ 0x00007f5aed21b588 [0x00007f5aed21b3a0+0x1e8]
v  ~StubRoutines::call_stub
j  linec.monitor.client.controller.RegisterController.register(Llinec/monitor/base/model/Registration;)V+14
v  ~StubRoutines::call_stub
J 2316  sun.reflect.NativeMethodAccessorImpl.invoke0(Ljava/lang/reflect/Method;Ljava/lang/Object;[Ljava/lang/Object;)Ljava/lang/Object; (0 bytes) @ 0x00007f5aed86b4f7 [0x00007f5aed86b480+0x77]
J 2315 C1 sun.reflect.NativeMethodAccessorImpl.invoke(Ljava/lang/Object;[Ljava/lang/Object;)Ljava/lang/Object; (104 bytes) @ 0x00007f5aed88abcc [0x00007f5aed889a00+0x11cc]
J 2306 C2 java.lang.reflect.Method.invoke(Ljava/lang/Object;[Ljava/lang/Object;)Ljava/lang/Object; (62 bytes) @ 0x00007f5aed869a38 [0x00007f5aed869980+0xb8]
j  org.springframework.web.method.support.InvocableHandlerMethod.doInvoke([Ljava/lang/Object;)Ljava/lang/Object;+16
j  org.springframework.web.method.support.InvocableHandlerMethod.invokeForRequest(Lorg/springframework/web/context/request/NativeWebRequest;Lorg/springframework/web/method/support/ModelAndViewContainer;[Ljava/lang/Object;)Ljava/lang/Object;+96
j  org.springframework.web.servlet.mvc.method.annotation.ServletInvocableHandlerMethod.invokeAndHandle(Lorg/springframework/web/context/request/ServletWebRequest;Lorg/springframework/web/method/support/ModelAndViewContainer;[Ljava/lang/Object;)V+4
j  org.springframework.web.servlet.mvc.method.annotation.RequestMappingHandlerAdapter.invokeHandlerMethod(Ljavax/servlet/http/HttpServletRequest;Ljavax/servlet/http/HttpServletResponse;Lorg/springframework/web/method/HandlerMethod;)Lorg/springframework/web/servlet/ModelAndView;+230
j  org.springframework.web.servlet.mvc.method.annotation.RequestMappingHandlerAdapter.handleInternal(Ljavax/servlet/http/HttpServletRequest;Ljavax/servlet/http/HttpServletResponse;Lorg/springframework/web/method/HandlerMethod;)Lorg/springframework/web/servlet/ModelAndView;+89
j  org.springframework.web.servlet.mvc.method.AbstractHandlerMethodAdapter.handle(Ljavax/servlet/http/HttpServletRequest;Ljavax/servlet/http/HttpServletResponse;Ljava/lang/Object;)Lorg/springframework/web/servlet/ModelAndView;+7
j  org.springframework.web.servlet.DispatcherServlet.doDispatch(Ljavax/servlet/http/HttpServletRequest;Ljavax/servlet/http/HttpServletResponse;)V+318
j  org.springframework.web.servlet.DispatcherServlet.doService(Ljavax/servlet/http/HttpServletRequest;Ljavax/servlet/http/HttpServletResponse;)V+301
j  org.springframework.web.servlet.FrameworkServlet.processRequest(Ljavax/servlet/http/HttpServletRequest;Ljavax/servlet/http/HttpServletResponse;)V+71
j  org.springframework.web.servlet.FrameworkServlet.doPut(Ljavax/servlet/http/HttpServletRequest;Ljavax/servlet/http/HttpServletResponse;)V+3
j  javax.servlet.http.HttpServlet.service(Ljavax/servlet/http/HttpServletRequest;Ljavax/servlet/http/HttpServletResponse;)V+167
j  org.springframework.web.servlet.FrameworkServlet.service(Ljavax/servlet/http/HttpServletRequest;Ljavax/servlet/http/HttpServletResponse;)V+32
j  javax.servlet.http.HttpServlet.service(Ljavax/servlet/ServletRequest;Ljavax/servlet/ServletResponse;)V+30
j  org.apache.catalina.core.ApplicationFilterChain.internalDoFilter(Ljavax/servlet/ServletRequest;Ljavax/servlet/ServletResponse;)V+396
j  org.apache.catalina.core.ApplicationFilterChain.doFilter(Ljavax/servlet/ServletRequest;Ljavax/servlet/ServletResponse;)V+101
j  org.apache.tomcat.websocket.server.WsFilter.doFilter(Ljavax/servlet/ServletRequest;Ljavax/servlet/ServletResponse;Ljavax/servlet/FilterChain;)V+21
j  org.apache.catalina.core.ApplicationFilterChain.internalDoFilter(Ljavax/servlet/ServletRequest;Ljavax/servlet/ServletResponse;)V+151
j  org.apache.catalina.core.ApplicationFilterChain.doFilter(Ljavax/servlet/ServletRequest;Ljavax/servlet/ServletResponse;)V+101
j  org.springframework.web.filter.HiddenHttpMethodFilter.doFilterInternal(Ljavax/servlet/http/HttpServletRequest;Ljavax/servlet/http/HttpServletResponse;Ljavax/servlet/FilterChain;)V+71
j  org.springframework.web.filter.OncePerRequestFilter.doFilter(Ljavax/servlet/ServletRequest;Ljavax/servlet/ServletResponse;Ljavax/servlet/FilterChain;)V+111
j  org.apache.catalina.core.ApplicationFilterChain.internalDoFilter(Ljavax/servlet/ServletRequest;Ljavax/servlet/ServletResponse;)V+151
j  org.apache.catalina.core.ApplicationFilterChain.doFilter(Ljavax/servlet/ServletRequest;Ljavax/servlet/ServletResponse;)V+101
j  org.springframework.web.filter.CharacterEncodingFilter.doFilterInternal(Ljavax/servlet/http/HttpServletRequest;Ljavax/servlet/http/HttpServletResponse;Ljavax/servlet/FilterChain;)V+53
j  org.springframework.web.filter.OncePerRequestFilter.doFilter(Ljavax/servlet/ServletRequest;Ljavax/servlet/ServletResponse;Ljavax/servlet/FilterChain;)V+111
j  org.apache.catalina.core.ApplicationFilterChain.internalDoFilter(Ljavax/servlet/ServletRequest;Ljavax/servlet/ServletResponse;)V+151
j  org.apache.catalina.core.ApplicationFilterChain.doFilter(Ljavax/servlet/ServletRequest;Ljavax/servlet/ServletResponse;)V+101
j  org.apache.catalina.core.StandardWrapperValve.invoke(Lorg/apache/catalina/connector/Request;Lorg/apache/catalina/connector/Response;)V+774
j  org.apache.catalina.core.StandardContextValve.invoke(Lorg/apache/catalina/connector/Request;Lorg/apache/catalina/connector/Response;)V+166
j  org.apache.catalina.authenticator.AuthenticatorBase.invoke(Lorg/apache/catalina/connector/Request;Lorg/apache/catalina/connector/Response;)V+417
j  org.apache.catalina.core.StandardHostValve.invoke(Lorg/apache/catalina/connector/Request;Lorg/apache/catalina/connector/Response;)V+135
j  org.apache.catalina.valves.ErrorReportValve.invoke(Lorg/apache/catalina/connector/Request;Lorg/apache/catalina/connector/Response;)V+6
j  org.apache.catalina.core.StandardEngineValve.invoke(Lorg/apache/catalina/connector/Request;Lorg/apache/catalina/connector/Response;)V+71
j  org.apache.catalina.connector.CoyoteAdapter.service(Lorg/apache/coyote/Request;Lorg/apache/coyote/Response;)V+199
j  org.apache.coyote.http11.AbstractHttp11Processor.process(Lorg/apache/tomcat/util/net/SocketWrapper;)Lorg/apache/tomcat/util/net/AbstractEndpoint$Handler$SocketState;+624
j  org.apache.coyote.AbstractProtocol$AbstractConnectionHandler.process(Lorg/apache/tomcat/util/net/SocketWrapper;Lorg/apache/tomcat/util/net/SocketStatus;)Lorg/apache/tomcat/util/net/AbstractEndpoint$Handler$SocketState;+349
j  org.apache.tomcat.util.net.NioEndpoint$SocketProcessor.doRun()V+166
j  org.apache.tomcat.util.net.NioEndpoint$SocketProcessor.run()V+63
j  java.util.concurrent.ThreadPoolExecutor.runWorker(Ljava/util/concurrent/ThreadPoolExecutor$Worker;)V+95
j  java.util.concurrent.ThreadPoolExecutor$Worker.run()V+5
j  org.apache.tomcat.util.threads.TaskThread$WrappingRunnable.run()V+4
j  java.lang.Thread.run()V+11
v  ~StubRoutines::call_stub

---------------  P R O C E S S  ---------------

Java Threads: ( => current thread )
  0x00007f5a84004000 JavaThread "Keep-Alive-Timer" daemon [_thread_blocked, id=12610, stack(0x00007f5acd75a000,0x00007f5acd85b000)]
=>0x00007f5a8c003000 JavaThread "http-nio-9090-exec-3" daemon [_thread_in_native, id=12594, stack(0x00007f5acda5b000,0x00007f5acdb5c000)]
  0x00007f5a88001800 JavaThread "http-nio-9090-exec-2" daemon [_thread_blocked, id=12470, stack(0x00007f5ace25f000,0x00007f5ace360000)]
  0x00007f5a8c004000 JavaThread "http-nio-9090-exec-1" daemon [_thread_blocked, id=12286, stack(0x00007f5ace15e000,0x00007f5ace25f000)]
  0x00007f5afc00f000 JavaThread "DestroyJavaVM" [_thread_blocked, id=8606, stack(0x00007f5b05783000,0x00007f5b05884000)]
  0x00007f5afd33d000 JavaThread "http-nio-9090-Acceptor-0" daemon [_thread_in_native, id=8659, stack(0x00007f5acd111000,0x00007f5acd212000)]
  0x00007f5afd33a800 JavaThread "http-nio-9090-ClientPoller-1" daemon [_thread_in_native, id=8658, stack(0x00007f5acd212000,0x00007f5acd313000)]
  0x00007f5afd32c800 JavaThread "http-nio-9090-ClientPoller-0" daemon [_thread_in_native, id=8657, stack(0x00007f5acd558000,0x00007f5acd659000)]
  0x00007f5afd31b800 JavaThread "NioBlockingSelector.BlockPoller-1" daemon [_thread_in_native, id=8656, stack(0x00007f5acd659000,0x00007f5acd75a000)]
  0x00007f5afcd57000 JavaThread "container-0" [_thread_blocked, id=8635, stack(0x00007f5acdb5c000,0x00007f5acdc5d000)]
  0x00007f5a9816c000 JavaThread "ContainerBackgroundProcessor[StandardEngine[Tomcat].StandardHost[localhost].StandardContext[]]" daemon [_thread_blocked, id=8634, stack(0x00007f5acdc5d000,0x00007f5acdd5e000)]
  0x00007f5afc0de000 JavaThread "Service Thread" daemon [_thread_blocked, id=8626, stack(0x00007f5acf4f3000,0x00007f5acf5f4000)]
  0x00007f5afc0d2800 JavaThread "C1 CompilerThread2" daemon [_thread_blocked, id=8625, stack(0x00007f5acf5f4000,0x00007f5acf6f5000)]
  0x00007f5afc0d1000 JavaThread "C2 CompilerThread1" daemon [_thread_blocked, id=8624, stack(0x00007f5acf6f5000,0x00007f5acf7f6000)]
  0x00007f5afc0ce000 JavaThread "C2 CompilerThread0" daemon [_thread_blocked, id=8623, stack(0x00007f5acf7f6000,0x00007f5acf8f7000)]
  0x00007f5ac4001000 JavaThread "JDWP Command Reader" daemon [_thread_in_native, id=8621, stack(0x00007f5acf8f7000,0x00007f5acf9f8000)]
  0x00007f5afc0cc000 JavaThread "JDWP Event Helper Thread" daemon [_thread_blocked, id=8620, stack(0x00007f5acf9f8000,0x00007f5acfaf9000)]
  0x00007f5afc0c8800 JavaThread "JDWP Transport Listener: dt_socket" daemon [_thread_blocked, id=8619, stack(0x00007f5acfaf9000,0x00007f5acfbfa000)]
  0x00007f5afc0bb000 JavaThread "Signal Dispatcher" daemon [_thread_blocked, id=8617, stack(0x00007f5acfdfe000,0x00007f5acfeff000)]
  0x00007f5afc089000 JavaThread "Finalizer" daemon [_thread_blocked, id=8616, stack(0x00007f5acfeff000,0x00007f5ad0000000)]
  0x00007f5afc084800 JavaThread "Reference Handler" daemon [_thread_blocked, id=8615, stack(0x00007f5ae40af000,0x00007f5ae41b0000)]

Other Threads:
  0x00007f5afc07d000 VMThread [stack: 0x00007f5aec06d000,0x00007f5aec16e000] [id=8614]
  0x00007f5afc0e1800 WatcherThread [stack: 0x00007f5acf3f2000,0x00007f5acf4f3000] [id=8627]

VM state:not at safepoint (normal execution)

VM Mutex/Monitor currently owned by a thread: None

Heap:
 PSYoungGen      total 113152K, used 22521K [0x00000000d6780000, 0x00000000dfc00000, 0x0000000100000000)
  eden space 103936K, 13% used [0x00000000d6780000,0x00000000d74db1b8,0x00000000dcd00000)
  from space 9216K, 95% used [0x00000000df300000,0x00000000dfba3250,0x00000000dfc00000)
  to   space 12288K, 0% used [0x00000000de400000,0x00000000de400000,0x00000000df000000)
 ParOldGen       total 62976K, used 11977K [0x0000000083600000, 0x0000000087380000, 0x00000000d6780000)
  object space 62976K, 19% used [0x0000000083600000,0x00000000841b26c0,0x0000000087380000)
 Metaspace       used 29693K, capacity 29974K, committed 30128K, reserved 1075200K
  class space    used 3606K, capacity 3699K, committed 3760K, reserved 1048576K

Card table byte_map: [0x00007f5b0163e000,0x00007f5b01a24000] byte_map_base: 0x00007f5b01223000

Marking Bits: (ParMarkBitMap*) 0x00007f5b04c58d60
 Begin Bits: [0x00007f5ae41b0000, 0x00007f5ae60d8000)
 End Bits:   [0x00007f5ae60d8000, 0x00007f5ae8000000)

Polling page: 0x00007f5b058a1000

CodeCache: size=245760Kb used=9583Kb max_used=11377Kb free=236176Kb
 bounds [0x00007f5aed000000, 0x00007f5aedb50000, 0x00007f5afc000000]
 total_blobs=3094 nmethods=2678 adapters=337
 compilation: enabled

Compilation events (10 events):
Event: 5601.574 Thread 0x00007f5afc0ce000 3107       4       java.nio.channels.spi.AbstractInterruptibleChannel::blockedOn (13 bytes)
Event: 5601.576 Thread 0x00007f5afc0ce000 nmethod 3107 0x00007f5aed146750 code [0x00007f5aed1468a0, 0x00007f5aed146bb8]
Event: 5601.576 Thread 0x00007f5afc0d2800 3108       3       org.apache.tomcat.util.buf.MessageBytes::equalsIgnoreCase (78 bytes)
Event: 5601.576 Thread 0x00007f5afc0d2800 nmethod 3108 0x00007f5aed147310 code [0x00007f5aed1474a0, 0x00007f5aed147928]
Event: 5601.577 Thread 0x00007f5afc0d2800 3111       1       org.apache.catalina.core.ApplicationContext::getFacade (5 bytes)
Event: 5601.577 Thread 0x00007f5afc0d2800 nmethod 3111 0x00007f5aed4f7750 code [0x00007f5aed4f78a0, 0x00007f5aed4f79b0]
Event: 5601.577 Thread 0x00007f5afc0d2800 3109       1       org.apache.catalina.webresources.StandardRoot::isCachingAllowed (5 bytes)
Event: 5601.577 Thread 0x00007f5afc0d2800 nmethod 3109 0x00007f5aed6f1810 code [0x00007f5aed6f1960, 0x00007f5aed6f1a70]
Event: 5601.577 Thread 0x00007f5afc0d2800 3110       1       org.apache.catalina.webresources.StandardRoot::getAllowLinking (5 bytes)
Event: 5601.577 Thread 0x00007f5afc0d2800 nmethod 3110 0x00007f5aed733f90 code [0x00007f5aed7340e0, 0x00007f5aed7341f0]

GC Heap History (10 events):
Event: 2.008 GC heap before
{Heap before GC invocations=3 (full 0):
 PSYoungGen      total 37888K, used 37271K [0x00000000d6780000, 0x00000000db180000, 0x0000000100000000)
  eden space 32768K, 100% used [0x00000000d6780000,0x00000000d8780000,0x00000000d8780000)
  from space 5120K, 87% used [0x00000000d8c80000,0x00000000d90e5ff8,0x00000000d9180000)
  to   space 5120K, 0% used [0x00000000d8780000,0x00000000d8780000,0x00000000d8c80000)
 ParOldGen       total 86016K, used 16K [0x0000000083600000, 0x0000000088a00000, 0x00000000d6780000)
  object space 86016K, 0% used [0x0000000083600000,0x0000000083604000,0x0000000088a00000)
 Metaspace       used 12471K, capacity 12622K, committed 12928K, reserved 1060864K
  class space    used 1514K, capacity 1569K, committed 1664K, reserved 1048576K
Event: 2.014 GC heap after
Heap after GC invocations=3 (full 0):
 PSYoungGen      total 37888K, used 4918K [0x00000000d6780000, 0x00000000db180000, 0x0000000100000000)
  eden space 32768K, 0% used [0x00000000d6780000,0x00000000d6780000,0x00000000d8780000)
  from space 5120K, 96% used [0x00000000d8780000,0x00000000d8c4dbf8,0x00000000d8c80000)
  to   space 5120K, 0% used [0x00000000dac80000,0x00000000dac80000,0x00000000db180000)
 ParOldGen       total 86016K, used 24K [0x0000000083600000, 0x0000000088a00000, 0x00000000d6780000)
  object space 86016K, 0% used [0x0000000083600000,0x0000000083606000,0x0000000088a00000)
 Metaspace       used 12471K, capacity 12622K, committed 12928K, reserved 1060864K
  class space    used 1514K, capacity 1569K, committed 1664K, reserved 1048576K
}
Event: 2.505 GC heap before
{Heap before GC invocations=4 (full 0):
 PSYoungGen      total 37888K, used 37686K [0x00000000d6780000, 0x00000000db180000, 0x0000000100000000)
  eden space 32768K, 100% used [0x00000000d6780000,0x00000000d8780000,0x00000000d8780000)
  from space 5120K, 96% used [0x00000000d8780000,0x00000000d8c4dbf8,0x00000000d8c80000)
  to   space 5120K, 0% used [0x00000000dac80000,0x00000000dac80000,0x00000000db180000)
 ParOldGen       total 86016K, used 24K [0x0000000083600000, 0x0000000088a00000, 0x00000000d6780000)
  object space 86016K, 0% used [0x0000000083600000,0x0000000083606000,0x0000000088a00000)
 Metaspace       used 18325K, capacity 18524K, committed 18688K, reserved 1064960K
  class space    used 2235K, capacity 2286K, committed 2304K, reserved 1048576K
Event: 2.517 GC heap after
Heap after GC invocations=4 (full 0):
 PSYoungGen      total 70656K, used 5088K [0x00000000d6780000, 0x00000000db180000, 0x0000000100000000)
  eden space 65536K, 0% used [0x00000000d6780000,0x00000000d6780000,0x00000000da780000)
  from space 5120K, 99% used [0x00000000dac80000,0x00000000db178040,0x00000000db180000)
  to   space 5120K, 0% used [0x00000000da780000,0x00000000da780000,0x00000000dac80000)
 ParOldGen       total 86016K, used 2885K [0x0000000083600000, 0x0000000088a00000, 0x00000000d6780000)
  object space 86016K, 3% used [0x0000000083600000,0x00000000838d1460,0x0000000088a00000)
 Metaspace       used 18325K, capacity 18524K, committed 18688K, reserved 1064960K
  class space    used 2235K, capacity 2286K, committed 2304K, reserved 1048576K
}
Event: 3.176 GC heap before
{Heap before GC invocations=5 (full 0):
 PSYoungGen      total 70656K, used 52840K [0x00000000d6780000, 0x00000000db180000, 0x0000000100000000)
  eden space 65536K, 72% used [0x00000000d6780000,0x00000000d96220b0,0x00000000da780000)
  from space 5120K, 99% used [0x00000000dac80000,0x00000000db178040,0x00000000db180000)
  to   space 5120K, 0% used [0x00000000da780000,0x00000000da780000,0x00000000dac80000)
 ParOldGen       total 86016K, used 2885K [0x0000000083600000, 0x0000000088a00000, 0x00000000d6780000)
  object space 86016K, 3% used [0x0000000083600000,0x00000000838d1460,0x0000000088a00000)
 Metaspace       used 21078K, capacity 21234K, committed 21296K, reserved 1069056K
  class space    used 2550K, capacity 2583K, committed 2608K, reserved 1048576K
Event: 3.234 GC heap after
Heap after GC invocations=5 (full 0):
 PSYoungGen      total 70656K, used 5106K [0x00000000d6780000, 0x00000000dfe80000, 0x0000000100000000)
  eden space 65536K, 0% used [0x00000000d6780000,0x00000000d6780000,0x00000000da780000)
  from space 5120K, 99% used [0x00000000da780000,0x00000000dac7c830,0x00000000dac80000)
  to   space 11776K, 0% used [0x00000000df300000,0x00000000df300000,0x00000000dfe80000)
 ParOldGen       total 86016K, used 9716K [0x0000000083600000, 0x0000000088a00000, 0x00000000d6780000)
  object space 86016K, 11% used [0x0000000083600000,0x0000000083f7d2b8,0x0000000088a00000)
 Metaspace       used 21078K, capacity 21234K, committed 21296K, reserved 1069056K
  class space    used 2550K, capacity 2583K, committed 2608K, reserved 1048576K
}
Event: 3.234 GC heap before
{Heap before GC invocations=6 (full 1):
 PSYoungGen      total 70656K, used 5106K [0x00000000d6780000, 0x00000000dfe80000, 0x0000000100000000)
  eden space 65536K, 0% used [0x00000000d6780000,0x00000000d6780000,0x00000000da780000)
  from space 5120K, 99% used [0x00000000da780000,0x00000000dac7c830,0x00000000dac80000)
  to   space 11776K, 0% used [0x00000000df300000,0x00000000df300000,0x00000000dfe80000)
 ParOldGen       total 86016K, used 9716K [0x0000000083600000, 0x0000000088a00000, 0x00000000d6780000)
  object space 86016K, 11% used [0x0000000083600000,0x0000000083f7d2b8,0x0000000088a00000)
 Metaspace       used 21078K, capacity 21234K, committed 21296K, reserved 1069056K
  class space    used 2550K, capacity 2583K, committed 2608K, reserved 1048576K
Event: 3.295 GC heap after
Heap after GC invocations=6 (full 1):
 PSYoungGen      total 70656K, used 0K [0x00000000d6780000, 0x00000000dfe80000, 0x0000000100000000)
  eden space 65536K, 0% used [0x00000000d6780000,0x00000000d6780000,0x00000000da780000)
  from space 5120K, 0% used [0x00000000da780000,0x00000000da780000,0x00000000dac80000)
  to   space 11776K, 0% used [0x00000000df300000,0x00000000df300000,0x00000000dfe80000)
 ParOldGen       total 62976K, used 11969K [0x0000000083600000, 0x0000000087380000, 0x00000000d6780000)
  object space 62976K, 19% used [0x0000000083600000,0x00000000841b06c0,0x0000000087380000)
 Metaspace       used 21078K, capacity 21234K, committed 21296K, reserved 1069056K
  class space    used 2550K, capacity 2583K, committed 2608K, reserved 1048576K
}
Event: 5387.338 GC heap before
{Heap before GC invocations=7 (full 1):
 PSYoungGen      total 70656K, used 65536K [0x00000000d6780000, 0x00000000dfe80000, 0x0000000100000000)
  eden space 65536K, 100% used [0x00000000d6780000,0x00000000da780000,0x00000000da780000)
  from space 5120K, 0% used [0x00000000da780000,0x00000000da780000,0x00000000dac80000)
  to   space 11776K, 0% used [0x00000000df300000,0x00000000df300000,0x00000000dfe80000)
 ParOldGen       total 62976K, used 11969K [0x0000000083600000, 0x0000000087380000, 0x00000000d6780000)
  object space 62976K, 19% used [0x0000000083600000,0x00000000841b06c0,0x0000000087380000)
 Metaspace       used 28307K, capacity 28630K, committed 28976K, reserved 1075200K
  class space    used 3421K, capacity 3507K, committed 3632K, reserved 1048576K
Event: 5398.986 GC heap after
Heap after GC invocations=7 (full 1):
 PSYoungGen      total 113152K, used 8844K [0x00000000d6780000, 0x00000000dfc00000, 0x0000000100000000)
  eden space 103936K, 0% used [0x00000000d6780000,0x00000000d6780000,0x00000000dcd00000)
  from space 9216K, 95% used [0x00000000df300000,0x00000000dfba3250,0x00000000dfc00000)
  to   space 12288K, 0% used [0x00000000de400000,0x00000000de400000,0x00000000df000000)
 ParOldGen       total 62976K, used 11977K [0x0000000083600000, 0x0000000087380000, 0x00000000d6780000)
  object space 62976K, 19% used [0x0000000083600000,0x00000000841b26c0,0x0000000087380000)
 Metaspace       used 28307K, capacity 28630K, committed 28976K, reserved 1075200K
  class space    used 3421K, capacity 3507K, committed 3632K, reserved 1048576K
}

Deoptimization events (10 events):
Event: 33.675 Thread 0x00007f5a9816c000 Uncommon trap: reason=predicate action=maybe_recompile pc=0x00007f5aed8faf34 method=java.util.AbstractCollection.addAll(Ljava/util/Collection;)Z @ 18
Event: 5385.058 Thread 0x00007f5afd33a800 Uncommon trap: reason=unstable_if action=reinterpret pc=0x00007f5aedb00870 method=sun.nio.ch.EPollArrayWrapper.poll(J)I @ 31
Event: 5385.115 Thread 0x00007f5afd33a800 Uncommon trap: reason=unstable_if action=reinterpret pc=0x00007f5aed13ddd8 method=sun.nio.ch.EPollSelectorImpl.updateSelectedKeys()I @ 14
Event: 5385.120 Thread 0x00007f5afd33a800 Uncommon trap: reason=unstable_if action=reinterpret pc=0x00007f5aed26f074 method=org.apache.tomcat.util.collections.SynchronizedQueue.poll()Ljava/lang/Object; @ 8
Event: 5385.244 Thread 0x00007f5afd33a800 Uncommon trap: reason=unstable_if action=reinterpret pc=0x00007f5aed129ac4 method=org.apache.tomcat.util.net.NioEndpoint$Poller.timeout(IZ)V @ 18
Event: 5413.121 Thread 0x00007f5a8c004000 Uncommon trap: reason=bimorphic action=maybe_recompile pc=0x00007f5aed74508c method=java.net.URL.<init>(Ljava/net/URL;Ljava/lang/String;Ljava/net/URLStreamHandler;)V @ 504
Event: 5424.046 Thread 0x00007f5afd31b800 Uncommon trap: reason=unstable_if action=reinterpret pc=0x00007f5aed21e824 method=org.apache.tomcat.util.net.NioBlockingSelector$BlockPoller.events()Z @ 11
Event: 5424.047 Thread 0x00007f5afd31b800 Uncommon trap: reason=unstable_if action=reinterpret pc=0x00007f5aed1103d8 method=org.apache.tomcat.util.collections.SynchronizedQueue.poll()Ljava/lang/Object; @ 8
Event: 5424.055 Thread 0x00007f5afd33a800 Uncommon trap: reason=unstable_if action=reinterpret pc=0x00007f5aed19587c method=sun.nio.ch.SelectorImpl.processDeregisterQueue()V @ 15
Event: 5543.105 Thread 0x00007f5a88001800 Uncommon trap: reason=bimorphic action=maybe_recompile pc=0x00007f5aed74508c method=java.net.URL.<init>(Ljava/net/URL;Ljava/lang/String;Ljava/net/URLStreamHandler;)V @ 504

Internal exceptions (10 events):
Event: 5405.241 Thread 0x00007f5a8c004000 Exception <a 'java/lang/ClassNotFoundException': org/springframework/web/servlet/theme/FixedThemeResolverCustomizer> (0x00000000d6b45598) thrown at [/HUDSON/workspace/8-2-build-linux-amd64/jdk8u91/6644/hotspot/src/share/vm/classfile/systemDictionary.cpp, 
Event: 5406.202 Thread 0x00007f5a8c004000 Exception <a 'java/lang/ClassNotFoundException': org/springframework/web/servlet/view/DefaultRequestToViewNameTranslatorBeanInfo> (0x00000000d6b6d998) thrown at [/HUDSON/workspace/8-2-build-linux-amd64/jdk8u91/6644/hotspot/src/share/vm/classfile/systemDic
Event: 5406.236 Thread 0x00007f5a8c004000 Exception <a 'java/lang/ClassNotFoundException': org/springframework/web/servlet/view/DefaultRequestToViewNameTranslatorCustomizer> (0x00000000d6b7f1b0) thrown at [/HUDSON/workspace/8-2-build-linux-amd64/jdk8u91/6644/hotspot/src/share/vm/classfile/systemD
Event: 5406.783 Thread 0x00007f5a8c004000 Exception <a 'java/lang/ClassNotFoundException': org/springframework/web/servlet/support/SessionFlashMapManagerBeanInfo> (0x00000000d6bc4978) thrown at [/HUDSON/workspace/8-2-build-linux-amd64/jdk8u91/6644/hotspot/src/share/vm/classfile/systemDictionary.c
Event: 5406.841 Thread 0x00007f5a8c004000 Exception <a 'java/lang/ClassNotFoundException': org/springframework/web/servlet/support/AbstractFlashMapManagerBeanInfo> (0x00000000d6bd4ca8) thrown at [/HUDSON/workspace/8-2-build-linux-amd64/jdk8u91/6644/hotspot/src/share/vm/classfile/systemDictionary.
Event: 5406.882 Thread 0x00007f5a8c004000 Exception <a 'java/lang/ClassNotFoundException': org/springframework/web/servlet/support/AbstractFlashMapManagerCustomizer> (0x00000000d6be52a8) thrown at [/HUDSON/workspace/8-2-build-linux-amd64/jdk8u91/6644/hotspot/src/share/vm/classfile/systemDictionar
Event: 5407.091 Thread 0x00007f5a8c004000 Exception <a 'java/lang/ClassNotFoundException': org/springframework/web/servlet/support/SessionFlashMapManagerCustomizer> (0x00000000d6bfd588) thrown at [/HUDSON/workspace/8-2-build-linux-amd64/jdk8u91/6644/hotspot/src/share/vm/classfile/systemDictionary
Event: 5420.462 Thread 0x00007f5a8c004000 Exception <a 'java/lang/reflect/InvocationTargetException'> (0x00000000d6f463f8) thrown at [/HUDSON/workspace/8-2-build-linux-amd64/jdk8u91/6644/hotspot/src/share/vm/runtime/reflection.cpp, line 1092]
Event: 5543.110 Thread 0x00007f5a88001800 Exception <a 'java/net/ConnectException'> (0x00000000d7396700) thrown at [/HUDSON/workspace/8-2-build-linux-amd64/jdk8u91/6644/hotspot/src/share/vm/prims/jni.cpp, line 709]
Event: 5543.110 Thread 0x00007f5a88001800 Exception <a 'java/lang/reflect/InvocationTargetException'> (0x00000000d7397400) thrown at [/HUDSON/workspace/8-2-build-linux-amd64/jdk8u91/6644/hotspot/src/share/vm/runtime/reflection.cpp, line 1092]

Events (10 events):
Event: 5610.131 Executing VM operation: GetOrSetLocal
Event: 5610.131 Executing VM operation: GetOrSetLocal done
Event: 5610.132 Executing VM operation: GetOrSetLocal
Event: 5610.132 Executing VM operation: GetOrSetLocal done
Event: 5610.132 Executing VM operation: GetOrSetLocal
Event: 5610.132 Executing VM operation: GetOrSetLocal done
Event: 5611.291 Executing VM operation: ChangeBreakpoints
Event: 5611.291 Executing VM operation: ChangeBreakpoints done
Event: 5612.863 loading class linec/monitor/base/model/Service
Event: 5612.863 loading class linec/monitor/base/model/Service done


Dynamic libraries:
00400000-00401000 r-xp 00000000 08:01 5776068                            /home/zlin/java/jdk1.8.0_91/bin/java
00600000-00601000 rw-p 00000000 08:01 5776068                            /home/zlin/java/jdk1.8.0_91/bin/java
00f3f000-00f60000 rw-p 00000000 00:00 0                                  [heap]
83600000-87380000 rw-p 00000000 00:00 0 
87380000-d6780000 ---p 00000000 00:00 0 
d6780000-dfc00000 rw-p 00000000 00:00 0 
dfc00000-100000000 ---p 00000000 00:00 0 
100000000-1003ac000 rw-p 00000000 00:00 0 
1003ac000-140000000 ---p 00000000 00:00 0 
7f5a78000000-7f5a78021000 rw-p 00000000 00:00 0 
7f5a78021000-7f5a7c000000 ---p 00000000 00:00 0 
7f5a80000000-7f5a80021000 rw-p 00000000 00:00 0 
7f5a80021000-7f5a84000000 ---p 00000000 00:00 0 
7f5a84000000-7f5a842c8000 rw-p 00000000 00:00 0 
7f5a842c8000-7f5a88000000 ---p 00000000 00:00 0 
7f5a88000000-7f5a88021000 rw-p 00000000 00:00 0 
7f5a88021000-7f5a8c000000 ---p 00000000 00:00 0 
7f5a8c000000-7f5a8c021000 rw-p 00000000 00:00 0 
7f5a8c021000-7f5a90000000 ---p 00000000 00:00 0 
7f5a90000000-7f5a9028b000 rw-p 00000000 00:00 0 
7f5a9028b000-7f5a94000000 ---p 00000000 00:00 0 
7f5a94000000-7f5a94021000 rw-p 00000000 00:00 0 
7f5a94021000-7f5a98000000 ---p 00000000 00:00 0 
7f5a98000000-7f5a98224000 rw-p 00000000 00:00 0 
7f5a98224000-7f5a9c000000 ---p 00000000 00:00 0 
7f5a9c000000-7f5a9c021000 rw-p 00000000 00:00 0 
7f5a9c021000-7f5aa0000000 ---p 00000000 00:00 0 
7f5aa0000000-7f5aa0021000 rw-p 00000000 00:00 0 
7f5aa0021000-7f5aa4000000 ---p 00000000 00:00 0 
7f5aa4000000-7f5aa4021000 rw-p 00000000 00:00 0 
7f5aa4021000-7f5aa8000000 ---p 00000000 00:00 0 
7f5aa8000000-7f5aa99c9000 rw-p 00000000 00:00 0 
7f5aa99c9000-7f5aac000000 ---p 00000000 00:00 0 
7f5aac000000-7f5aac021000 rw-p 00000000 00:00 0 
7f5aac021000-7f5ab0000000 ---p 00000000 00:00 0 
7f5ab0000000-7f5ab243b000 rw-p 00000000 00:00 0 
7f5ab243b000-7f5ab4000000 ---p 00000000 00:00 0 
7f5ab4000000-7f5ab6b04000 rw-p 00000000 00:00 0 
7f5ab6b04000-7f5ab8000000 ---p 00000000 00:00 0 
7f5ab8000000-7f5ab8069000 rw-p 00000000 00:00 0 
7f5ab8069000-7f5abc000000 ---p 00000000 00:00 0 
7f5abc000000-7f5abc021000 rw-p 00000000 00:00 0 
7f5abc021000-7f5ac0000000 ---p 00000000 00:00 0 
7f5ac0000000-7f5ac0021000 rw-p 00000000 00:00 0 
7f5ac0021000-7f5ac4000000 ---p 00000000 00:00 0 
7f5ac4000000-7f5ac4021000 rw-p 00000000 00:00 0 
7f5ac4021000-7f5ac8000000 ---p 00000000 00:00 0 
7f5ac8000000-7f5ac8021000 rw-p 00000000 00:00 0 
7f5ac8021000-7f5acc000000 ---p 00000000 00:00 0 
7f5acd111000-7f5acd114000 ---p 00000000 00:00 0 
7f5acd114000-7f5acd212000 rw-p 00000000 00:00 0                          [stack:8659]
7f5acd212000-7f5acd215000 ---p 00000000 00:00 0 
7f5acd215000-7f5acd513000 rw-p 00000000 00:00 0                          [stack:8658]
7f5acd558000-7f5acd55b000 ---p 00000000 00:00 0 
7f5acd55b000-7f5acd659000 rw-p 00000000 00:00 0                          [stack:8657]
7f5acd659000-7f5acd65c000 ---p 00000000 00:00 0 
7f5acd65c000-7f5acd75a000 rw-p 00000000 00:00 0                          [stack:8656]
7f5acd75a000-7f5acd75d000 ---p 00000000 00:00 0 
7f5acd75d000-7f5acd85b000 rw-p 00000000 00:00 0                          [stack:12610]
7f5acd85b000-7f5acda1b000 rw-p 00000000 00:00 0 
7f5acda1b000-7f5acda5b000 ---p 00000000 00:00 0 
7f5acda5b000-7f5acda5e000 ---p 00000000 00:00 0 
7f5acda5e000-7f5acdb5c000 rw-p 00000000 00:00 0                          [stack:12594]
7f5acdb5c000-7f5acdb5f000 ---p 00000000 00:00 0 
7f5acdb5f000-7f5acdc5d000 rw-p 00000000 00:00 0                          [stack:8635]
7f5acdc5d000-7f5acdc60000 ---p 00000000 00:00 0 
7f5acdc60000-7f5acdf5e000 rw-p 00000000 00:00 0                          [stack:8634]
7f5acdf5e000-7f5ace15e000 rw-p 00000000 00:00 0 
7f5ace15e000-7f5ace161000 ---p 00000000 00:00 0 
7f5ace161000-7f5ace25f000 rw-p 00000000 00:00 0                          [stack:12286]
7f5ace25f000-7f5ace262000 ---p 00000000 00:00 0 
7f5ace262000-7f5ace560000 rw-p 00000000 00:00 0                          [stack:12470]
7f5ace560000-7f5ace571000 r-xp 00000000 08:01 294379                     /home/zlin/java/jdk1.8.0_91/jre/lib/amd64/libnio.so
7f5ace571000-7f5ace770000 ---p 00011000 08:01 294379                     /home/zlin/java/jdk1.8.0_91/jre/lib/amd64/libnio.so
7f5ace770000-7f5ace771000 rw-p 00010000 08:01 294379                     /home/zlin/java/jdk1.8.0_91/jre/lib/amd64/libnio.so
7f5ace771000-7f5ace971000 rw-p 00000000 00:00 0 
7f5ace971000-7f5aceb71000 rw-p 00000000 00:00 0 
7f5acebd2000-7f5acedd2000 rw-p 00000000 00:00 0 
7f5acedd2000-7f5acefd2000 rw-p 00000000 00:00 0 
7f5acefd2000-7f5acefe8000 r-xp 00000000 08:01 294376                     /home/zlin/java/jdk1.8.0_91/jre/lib/amd64/libnet.so
7f5acefe8000-7f5acf1e8000 ---p 00016000 08:01 294376                     /home/zlin/java/jdk1.8.0_91/jre/lib/amd64/libnet.so
7f5acf1e8000-7f5acf1e9000 rw-p 00016000 08:01 294376                     /home/zlin/java/jdk1.8.0_91/jre/lib/amd64/libnet.so
7f5acf1e9000-7f5acf1f2000 r-xp 00000000 08:01 294384                     /home/zlin/java/jdk1.8.0_91/jre/lib/amd64/libmanagement.so
7f5acf1f2000-7f5acf3f1000 ---p 00009000 08:01 294384                     /home/zlin/java/jdk1.8.0_91/jre/lib/amd64/libmanagement.so
7f5acf3f1000-7f5acf3f2000 rw-p 00008000 08:01 294384                     /home/zlin/java/jdk1.8.0_91/jre/lib/amd64/libmanagement.so
7f5acf3f2000-7f5acf3f3000 ---p 00000000 00:00 0 
7f5acf3f3000-7f5acf4f3000 rw-p 00000000 00:00 0                          [stack:8627]
7f5acf4f3000-7f5acf4f6000 ---p 00000000 00:00 0 
7f5acf4f6000-7f5acf5f4000 rw-p 00000000 00:00 0                          [stack:8626]
7f5acf5f4000-7f5acf5f7000 ---p 00000000 00:00 0 
7f5acf5f7000-7f5acf6f5000 rw-p 00000000 00:00 0                          [stack:8625]
7f5acf6f5000-7f5acf6f8000 ---p 00000000 00:00 0 
7f5acf6f8000-7f5acf7f6000 rw-p 00000000 00:00 0                          [stack:8624]
7f5acf7f6000-7f5acf7f9000 ---p 00000000 00:00 0 
7f5acf7f9000-7f5acf8f7000 rw-p 00000000 00:00 0                          [stack:8623]
7f5acf8f7000-7f5acf8fa000 ---p 00000000 00:00 0 
7f5acf8fa000-7f5acf9f8000 rw-p 00000000 00:00 0                          [stack:8621]
7f5acf9f8000-7f5acf9fb000 ---p 00000000 00:00 0 
7f5acf9fb000-7f5acfaf9000 rw-p 00000000 00:00 0                          [stack:8620]
7f5acfaf9000-7f5acfafc000 ---p 00000000 00:00 0 
7f5acfafc000-7f5acfbfa000 rw-p 00000000 00:00 0                          [stack:8619]
7f5acfbfa000-7f5acfbfe000 r-xp 00000000 08:01 294341                     /home/zlin/java/jdk1.8.0_91/jre/lib/amd64/libdt_socket.so
7f5acfbfe000-7f5acfdfd000 ---p 00004000 08:01 294341                     /home/zlin/java/jdk1.8.0_91/jre/lib/amd64/libdt_socket.so
7f5acfdfd000-7f5acfdfe000 rw-p 00003000 08:01 294341                     /home/zlin/java/jdk1.8.0_91/jre/lib/amd64/libdt_socket.so
7f5acfdfe000-7f5acfe01000 ---p 00000000 00:00 0 
7f5acfe01000-7f5acfeff000 rw-p 00000000 00:00 0                          [stack:8617]
7f5acfeff000-7f5acff02000 ---p 00000000 00:00 0 
7f5acff02000-7f5ad0000000 rw-p 00000000 00:00 0                          [stack:8616]
7f5ad0000000-7f5ad0021000 rw-p 00000000 00:00 0 
7f5ad0021000-7f5ad4000000 ---p 00000000 00:00 0 
7f5ad4000000-7f5ad4021000 rw-p 00000000 00:00 0 
7f5ad4021000-7f5ad8000000 ---p 00000000 00:00 0 
7f5ad8000000-7f5ad8021000 rw-p 00000000 00:00 0 
7f5ad8021000-7f5adc000000 ---p 00000000 00:00 0 
7f5adc000000-7f5adc021000 rw-p 00000000 00:00 0 
7f5adc021000-7f5ae0000000 ---p 00000000 00:00 0 
7f5ae0000000-7f5ae0021000 rw-p 00000000 00:00 0 
7f5ae0021000-7f5ae4000000 ---p 00000000 00:00 0 
7f5ae400e000-7f5ae4012000 rw-p 00000000 00:00 0 
7f5ae4012000-7f5ae401c000 r--s 00116000 08:01 294232                     /home/zlin/java/jdk1.8.0_91/jre/lib/ext/localedata.jar
7f5ae401c000-7f5ae4038000 r--s 00393000 08:01 294225                     /home/zlin/java/jdk1.8.0_91/jre/lib/ext/cldrdata.jar
7f5ae4038000-7f5ae403e000 r--s 002f8000 08:01 294167                     /home/zlin/java/jdk1.8.0_91/jre/lib/charsets.jar
7f5ae403e000-7f5ae4042000 r--s 00097000 08:01 294221                     /home/zlin/java/jdk1.8.0_91/jre/lib/jsse.jar
7f5ae4042000-7f5ae4055000 r--s 00344000 08:01 294207                     /home/zlin/java/jdk1.8.0_91/jre/lib/resources.jar
7f5ae4055000-7f5ae4057000 r--s 00000000 08:01 2359635                    /home/zlin/.gradle/caches/modules-2/files-2.1/aopalliance/aopalliance/1.0/235ba8b489512805ac13a8f9ea77a1ca5ebe3e8/aopalliance-1.0.jar
7f5ae4057000-7f5ae4060000 r--s 0004f000 08:01 2371559                    /home/zlin/.gradle/caches/modules-2/files-2.1/org.springframework/spring-aop/4.1.8.RELEASE/408fb870d35dbcfa0a2860d10692be45f543dc72/spring-aop-4.1.8.RELEASE.jar
7f5ae4060000-7f5ae4065000 r--s 0003b000 08:01 2371575                    /home/zlin/.gradle/caches/modules-2/files-2.1/org.springframework/spring-expression/4.1.8.RELEASE/cfd1574b07fdfea85ed8370b688c9daa0294ce87/spring-expression-4.1.8.RELEASE.jar
7f5ae4065000-7f5ae407d000 r--s 000e3000 08:01 2371561                    /home/zlin/.gradle/caches/modules-2/files-2.1/org.springframework/spring-context/4.1.8.RELEASE/7a3b7141186484e57653a720ce9b58298debafad/spring-context-4.1.8.RELEASE.jar
7f5ae407d000-7f5ae408a000 r--s 000a1000 08:01 2371560                    /home/zlin/.gradle/caches/modules-2/files-2.1/org.springframework/spring-beans/4.1.8.RELEASE/1e9f9dfb8ee0d645da05dcb88d2e0138588d22e7/spring-beans-4.1.8.RELEASE.jar
7f5ae408a000-7f5ae408c000 r--s 0000e000 08:01 2359369                    /home/zlin/.gradle/caches/modules-2/files-2.1/commons-logging/commons-logging/1.2/4bfc12adfe4842bf07b657f0369c4cb522955686/commons-logging-1.2.jar
7f5ae408c000-7f5ae409c000 r--s 000a1000 08:01 2371240                    /home/zlin/.gradle/caches/modules-2/files-2.1/org.springframework/spring-web/4.1.8.RELEASE/d0ac54adf8a79e652a019a9cba8fdb29ecbb2131/spring-web-4.1.8.RELEASE.jar
7f5ae409c000-7f5ae40a7000 r--s 00065000 08:01 2359648                    /home/zlin/.gradle/caches/modules-2/files-2.1/ch.qos.logback/logback-core/1.1.3/e3c02049f2dbbc764681b40094ecf0dcbc99b157/logback-core-1.1.3.jar
7f5ae40a7000-7f5ae40a8000 r--s 00007000 08:01 2359659                    /home/zlin/.gradle/caches/modules-2/files-2.1/org.slf4j/slf4j-api/1.7.12/8e20852d05222dc286bf1c71d78d0531e177c317/slf4j-api-1.7.12.jar
7f5ae40a8000-7f5ae40ae000 r--s 0003f000 08:01 2359645                    /home/zlin/.gradle/caches/modules-2/files-2.1/ch.qos.logback/logback-classic/1.1.3/d90276fff414f06cb375f2057f6778cd63c6082f/logback-classic-1.1.3.jar
7f5ae40ae000-7f5ae40af000 r--s 00005000 08:01 2359644                    /home/zlin/.gradle/caches/modules-2/files-2.1/org.slf4j/log4j-over-slf4j/1.7.12/d2444c9c7c1923304c25f86c5ee83a79a8166205/log4j-over-slf4j-1.7.12.jar
7f5ae40af000-7f5ae40b2000 ---p 00000000 00:00 0 
7f5ae40b2000-7f5ae8000000 rw-p 00000000 00:00 0                          [stack:8615]
7f5ae8000000-7f5ae8021000 rw-p 00000000 00:00 0 
7f5ae8021000-7f5aec000000 ---p 00000000 00:00 0 
7f5aec000000-7f5aec002000 r--s 00000000 08:01 2359643                    /home/zlin/.gradle/caches/modules-2/files-2.1/org.slf4j/jul-to-slf4j/1.7.12/8811e2e9ab9055e557598dc9aedc64fd43e0ab20/jul-to-slf4j-1.7.12.jar
7f5aec002000-7f5aec004000 r--s 00003000 08:01 2359642                    /home/zlin/.gradle/caches/modules-2/files-2.1/org.slf4j/jcl-over-slf4j/1.7.12/adef7a9e1263298255fdb5cb107ff171d07c82f3/jcl-over-slf4j-1.7.12.jar
7f5aec004000-7f5aec006000 r--s 0000d000 08:01 2359634                    /home/zlin/.gradle/caches/modules-2/files-2.1/com.fasterxml/classmate/1.0.0/434efef28c81162b17c540e634cffa3bd9b09b4c/classmate-1.0.0.jar
7f5aec006000-7f5aec00a000 r--s 0000c000 08:01 2359633                    /home/zlin/.gradle/caches/modules-2/files-2.1/javax.validation/validation-api/1.1.0.Final/8613ae82954779d518631e05daa73a6a954817d5/validation-api-1.1.0.Final.jar
7f5aec00a000-7f5aec00e000 r--s 00034000 08:01 2371558                    /home/zlin/.gradle/caches/modules-2/files-2.1/com.fasterxml.jackson.core/jackson-core/2.4.6/2a1f6edb86b8c6d29f37f6a807295d4e5c279707/jackson-core-2.4.6.jar
7f5aec00e000-7f5aec011000 r--s 00007000 08:01 2371557                    /home/zlin/.gradle/caches/modules-2/files-2.1/com.fasterxml.jackson.core/jackson-annotations/2.4.0/d6a66c7a5f01cf500377bd669507a08cfeba882a/jackson-annotations-2.4.0.jar
7f5aec011000-7f5aec017000 r--s 00036000 08:01 2359632                    /home/zlin/.gradle/caches/modules-2/files-2.1/org.apache.tomcat.embed/tomcat-embed-websocket/8.0.28/61dfc07af876f1fa9ee9f30112babf30c721a543/tomcat-embed-websocket-8.0.28.jar
7f5aec017000-7f5aec01c000 r--s 00036000 08:01 2359609                    /home/zlin/.gradle/caches/modules-2/files-2.1/org.apache.tomcat.embed/tomcat-embed-el/8.0.28/12ff86316ae8835b410461401ce8a77d040b0c5f/tomcat-embed-el-8.0.28.jar
7f5aec01c000-7f5aec041000 r--s 0028c000 08:01 2359608                    /home/zlin/.gradle/caches/modules-2/files-2.1/org.apache.tomcat.embed/tomcat-embed-core/8.0.28/dd5f6dea56f0227f1b4e7d85ae6ad8041886fcad/tomcat-embed-core-8.0.28.jar
7f5aec041000-7f5aec048000 r--s 0003d000 08:01 2359630                    /home/zlin/.gradle/caches/modules-2/files-2.1/org.yaml/snakeyaml/1.14/c2df91929ed06a25001939929bff5120e0ea3fd4/snakeyaml-1.14.jar
7f5aec048000-7f5aec058000 r--s 0006b000 08:01 2359628                    /home/zlin/.gradle/caches/modules-2/files-2.1/org.springframework.boot/spring-boot-autoconfigure/1.2.7.RELEASE/5920116bb45bcb0f8006eb48d0f9279c94ed47d7/spring-boot-autoconfigure-1.2.7.RELEASE.jar
7f5aec058000-7f5aec06d000 r--s 000e2000 08:01 2359368                    /home/zlin/.gradle/caches/modules-2/files-2.1/org.springframework/spring-core/4.1.8.RELEASE/f1e1d887f325e1fe9005a0c3e4e1b74520f19252/spring-core-4.1.8.RELEASE.jar
7f5aec06d000-7f5aec06e000 ---p 00000000 00:00 0 
7f5aec06e000-7f5aed000000 rw-p 00000000 00:00 0                          [stack:8614]
7f5aed000000-7f5aedb50000 rwxp 00000000 00:00 0 
7f5aedb50000-7f5afc000000 ---p 00000000 00:00 0 
7f5afc000000-7f5afd3cc000 rw-p 00000000 00:00 0 
7f5afd3cc000-7f5b00000000 ---p 00000000 00:00 0 
7f5b00000000-7f5b0000f000 r--s 000b1000 08:01 2359649                    /home/zlin/.gradle/caches/modules-2/files-2.1/org.springframework/spring-webmvc/4.1.8.RELEASE/6a7904ceab9967a3b71b7b8543dd087765b17711/spring-webmvc-4.1.8.RELEASE.jar
7f5b0000f000-7f5b0001d000 r--s 0008d000 08:01 2359606                    /home/zlin/.gradle/caches/modules-2/files-2.1/org.hibernate/hibernate-validator/5.1.3.Final/334d46a93cf095160ce06d8382594b904933c808/hibernate-validator-5.1.3.Final.jar
7f5b0001d000-7f5b0016d000 rw-p 00000000 00:00 0 
7f5b0016d000-7f5b00346000 r--s 03d1f000 08:01 294169                     /home/zlin/java/jdk1.8.0_91/jre/lib/rt.jar
7f5b00346000-7f5b00fa1000 rw-p 00000000 00:00 0 
7f5b00fa1000-7f5b00fa2000 ---p 00000000 00:00 0 
7f5b00fa2000-7f5b010a2000 rw-p 00000000 00:00 0                          [stack:8611]
7f5b010a2000-7f5b010a3000 ---p 00000000 00:00 0 
7f5b010a3000-7f5b011a3000 rw-p 00000000 00:00 0                          [stack:8610]
7f5b011a3000-7f5b011a4000 ---p 00000000 00:00 0 
7f5b011a4000-7f5b012a4000 rw-p 00000000 00:00 0                          [stack:8609]
7f5b012a4000-7f5b012a5000 ---p 00000000 00:00 0 
7f5b012a5000-7f5b013c4000 rw-p 00000000 00:00 0                          [stack:8608]
7f5b013c4000-7f5b0163e000 ---p 00000000 00:00 0 
7f5b0163e000-7f5b0165d000 rw-p 00000000 00:00 0 
7f5b0165d000-7f5b018d6000 ---p 00000000 00:00 0 
7f5b018d6000-7f5b01921000 rw-p 00000000 00:00 0 
7f5b01921000-7f5b01a23000 ---p 00000000 00:00 0 
7f5b01a23000-7f5b01a52000 rw-p 00000000 00:00 0 
7f5b01a52000-7f5b01de4000 ---p 00000000 00:00 0 
7f5b01de4000-7f5b01dfe000 r-xp 00000000 08:01 294372                     /home/zlin/java/jdk1.8.0_91/jre/lib/amd64/libzip.so
7f5b01dfe000-7f5b01ffe000 ---p 0001a000 08:01 294372                     /home/zlin/java/jdk1.8.0_91/jre/lib/amd64/libzip.so
7f5b01ffe000-7f5b01fff000 rw-p 0001a000 08:01 294372                     /home/zlin/java/jdk1.8.0_91/jre/lib/amd64/libzip.so
7f5b01fff000-7f5b02009000 r-xp 00000000 08:01 4725705                    /lib/x86_64-linux-gnu/libnss_files-2.19.so
7f5b02009000-7f5b02208000 ---p 0000a000 08:01 4725705                    /lib/x86_64-linux-gnu/libnss_files-2.19.so
7f5b02208000-7f5b02209000 r--p 00009000 08:01 4725705                    /lib/x86_64-linux-gnu/libnss_files-2.19.so
7f5b02209000-7f5b0220a000 rw-p 0000a000 08:01 4725705                    /lib/x86_64-linux-gnu/libnss_files-2.19.so
7f5b0220a000-7f5b02215000 r-xp 00000000 08:01 4725697                    /lib/x86_64-linux-gnu/libnss_nis-2.19.so
7f5b02215000-7f5b02414000 ---p 0000b000 08:01 4725697                    /lib/x86_64-linux-gnu/libnss_nis-2.19.so
7f5b02414000-7f5b02415000 r--p 0000a000 08:01 4725697                    /lib/x86_64-linux-gnu/libnss_nis-2.19.so
7f5b02415000-7f5b02416000 rw-p 0000b000 08:01 4725697                    /lib/x86_64-linux-gnu/libnss_nis-2.19.so
7f5b02416000-7f5b0242d000 r-xp 00000000 08:01 4725693                    /lib/x86_64-linux-gnu/libnsl-2.19.so
7f5b0242d000-7f5b0262c000 ---p 00017000 08:01 4725693                    /lib/x86_64-linux-gnu/libnsl-2.19.so
7f5b0262c000-7f5b0262d000 r--p 00016000 08:01 4725693                    /lib/x86_64-linux-gnu/libnsl-2.19.so
7f5b0262d000-7f5b0262e000 rw-p 00017000 08:01 4725693                    /lib/x86_64-linux-gnu/libnsl-2.19.so
7f5b0262e000-7f5b02630000 rw-p 00000000 00:00 0 
7f5b02630000-7f5b02639000 r-xp 00000000 08:01 4725692                    /lib/x86_64-linux-gnu/libnss_compat-2.19.so
7f5b02639000-7f5b02838000 ---p 00009000 08:01 4725692                    /lib/x86_64-linux-gnu/libnss_compat-2.19.so
7f5b02838000-7f5b02839000 r--p 00008000 08:01 4725692                    /lib/x86_64-linux-gnu/libnss_compat-2.19.so
7f5b02839000-7f5b0283a000 rw-p 00009000 08:01 4725692                    /lib/x86_64-linux-gnu/libnss_compat-2.19.so
7f5b0283a000-7f5b02f1c000 r--p 00000000 08:01 4987913                    /usr/lib/locale/locale-archive
7f5b02f1c000-7f5b02f1e000 r-xp 00000000 08:01 294342                     /home/zlin/java/jdk1.8.0_91/jre/lib/amd64/libnpt.so
7f5b02f1e000-7f5b0311e000 ---p 00002000 08:01 294342                     /home/zlin/java/jdk1.8.0_91/jre/lib/amd64/libnpt.so
7f5b0311e000-7f5b0311f000 rw-p 00002000 08:01 294342                     /home/zlin/java/jdk1.8.0_91/jre/lib/amd64/libnpt.so
7f5b0311f000-7f5b03158000 r-xp 00000000 08:01 294361                     /home/zlin/java/jdk1.8.0_91/jre/lib/amd64/libjdwp.so
7f5b03158000-7f5b03357000 ---p 00039000 08:01 294361                     /home/zlin/java/jdk1.8.0_91/jre/lib/amd64/libjdwp.so
7f5b03357000-7f5b03359000 rw-p 00038000 08:01 294361                     /home/zlin/java/jdk1.8.0_91/jre/lib/amd64/libjdwp.so
7f5b03359000-7f5b03383000 r-xp 00000000 08:01 294367                     /home/zlin/java/jdk1.8.0_91/jre/lib/amd64/libjava.so
7f5b03383000-7f5b03583000 ---p 0002a000 08:01 294367                     /home/zlin/java/jdk1.8.0_91/jre/lib/amd64/libjava.so
7f5b03583000-7f5b03585000 rw-p 0002a000 08:01 294367                     /home/zlin/java/jdk1.8.0_91/jre/lib/amd64/libjava.so
7f5b03585000-7f5b03592000 r-xp 00000000 08:01 294371                     /home/zlin/java/jdk1.8.0_91/jre/lib/amd64/libverify.so
7f5b03592000-7f5b03792000 ---p 0000d000 08:01 294371                     /home/zlin/java/jdk1.8.0_91/jre/lib/amd64/libverify.so
7f5b03792000-7f5b03794000 rw-p 0000d000 08:01 294371                     /home/zlin/java/jdk1.8.0_91/jre/lib/amd64/libverify.so
7f5b03794000-7f5b0379b000 r-xp 00000000 08:01 4725701                    /lib/x86_64-linux-gnu/librt-2.19.so
7f5b0379b000-7f5b0399a000 ---p 00007000 08:01 4725701                    /lib/x86_64-linux-gnu/librt-2.19.so
7f5b0399a000-7f5b0399b000 r--p 00006000 08:01 4725701                    /lib/x86_64-linux-gnu/librt-2.19.so
7f5b0399b000-7f5b0399c000 rw-p 00007000 08:01 4725701                    /lib/x86_64-linux-gnu/librt-2.19.so
7f5b0399c000-7f5b03aa1000 r-xp 00000000 08:01 4725684                    /lib/x86_64-linux-gnu/libm-2.19.so
7f5b03aa1000-7f5b03ca0000 ---p 00105000 08:01 4725684                    /lib/x86_64-linux-gnu/libm-2.19.so
7f5b03ca0000-7f5b03ca1000 r--p 00104000 08:01 4725684                    /lib/x86_64-linux-gnu/libm-2.19.so
7f5b03ca1000-7f5b03ca2000 rw-p 00105000 08:01 4725684                    /lib/x86_64-linux-gnu/libm-2.19.so
7f5b03ca2000-7f5b04962000 r-xp 00000000 08:01 294349                     /home/zlin/java/jdk1.8.0_91/jre/lib/amd64/server/libjvm.so
7f5b04962000-7f5b04b62000 ---p 00cc0000 08:01 294349                     /home/zlin/java/jdk1.8.0_91/jre/lib/amd64/server/libjvm.so
7f5b04b62000-7f5b04c3a000 rw-p 00cc0000 08:01 294349                     /home/zlin/java/jdk1.8.0_91/jre/lib/amd64/server/libjvm.so
7f5b04c3a000-7f5b04c85000 rw-p 00000000 00:00 0 
7f5b04c85000-7f5b04e3f000 r-xp 00000000 08:01 4725702                    /lib/x86_64-linux-gnu/libc-2.19.so
7f5b04e3f000-7f5b0503f000 ---p 001ba000 08:01 4725702                    /lib/x86_64-linux-gnu/libc-2.19.so
7f5b0503f000-7f5b05043000 r--p 001ba000 08:01 4725702                    /lib/x86_64-linux-gnu/libc-2.19.so
7f5b05043000-7f5b05045000 rw-p 001be000 08:01 4725702                    /lib/x86_64-linux-gnu/libc-2.19.so
7f5b05045000-7f5b0504a000 rw-p 00000000 00:00 0 
7f5b0504a000-7f5b0504d000 r-xp 00000000 08:01 4725689                    /lib/x86_64-linux-gnu/libdl-2.19.so
7f5b0504d000-7f5b0524c000 ---p 00003000 08:01 4725689                    /lib/x86_64-linux-gnu/libdl-2.19.so
7f5b0524c000-7f5b0524d000 r--p 00002000 08:01 4725689                    /lib/x86_64-linux-gnu/libdl-2.19.so
7f5b0524d000-7f5b0524e000 rw-p 00003000 08:01 4725689                    /lib/x86_64-linux-gnu/libdl-2.19.so
7f5b0524e000-7f5b05263000 r-xp 00000000 08:01 296409                     /home/zlin/java/jdk1.8.0_91/lib/amd64/jli/libjli.so
7f5b05263000-7f5b05463000 ---p 00015000 08:01 296409                     /home/zlin/java/jdk1.8.0_91/lib/amd64/jli/libjli.so
7f5b05463000-7f5b05464000 rw-p 00015000 08:01 296409                     /home/zlin/java/jdk1.8.0_91/lib/amd64/jli/libjli.so
7f5b05464000-7f5b0547d000 r-xp 00000000 08:01 4725694                    /lib/x86_64-linux-gnu/libpthread-2.19.so
7f5b0547d000-7f5b0567c000 ---p 00019000 08:01 4725694                    /lib/x86_64-linux-gnu/libpthread-2.19.so
7f5b0567c000-7f5b0567d000 r--p 00018000 08:01 4725694                    /lib/x86_64-linux-gnu/libpthread-2.19.so
7f5b0567d000-7f5b0567e000 rw-p 00019000 08:01 4725694                    /lib/x86_64-linux-gnu/libpthread-2.19.so
7f5b0567e000-7f5b05682000 rw-p 00000000 00:00 0 
7f5b05682000-7f5b056a5000 r-xp 00000000 08:01 4725695                    /lib/x86_64-linux-gnu/ld-2.19.so
7f5b056a5000-7f5b056a7000 r--s 0000c000 08:01 2359611                    /home/zlin/.gradle/caches/modules-2/files-2.1/org.jboss.logging/jboss-logging/3.1.3.GA/64499e907f19e5e1b3fdc02f81440c1832fe3545/jboss-logging-3.1.3.GA.jar
7f5b056a7000-7f5b056b8000 r--s 000f7000 08:01 2371091                    /home/zlin/.gradle/caches/modules-2/files-2.1/com.fasterxml.jackson.core/jackson-databind/2.4.6/3e63a25de4065697b185f523ed5e020c0db3ff0/jackson-databind-2.4.6.jar
7f5b056b8000-7f5b05783000 rw-p 00000000 00:00 0 
7f5b05783000-7f5b05786000 ---p 00000000 00:00 0 
7f5b05786000-7f5b05888000 rw-p 00000000 00:00 0                          [stack:8606]
7f5b05888000-7f5b05889000 r--s 00009000 08:01 2359631                    /home/zlin/.gradle/caches/modules-2/files-2.1/org.apache.tomcat.embed/tomcat-embed-logging-juli/8.0.28/315e9c3d6d93fcb482eea89ee23c9af9fd1cc4b5/tomcat-embed-logging-juli-8.0.28.jar
7f5b05889000-7f5b0588a000 r--s 00000000 08:01 2359629                    /home/zlin/.gradle/caches/modules-2/files-2.1/org.springframework.boot/spring-boot-starter-logging/1.2.7.RELEASE/5da2dd7325c5b812cc11681279c9ab0bc766e9c7/spring-boot-starter-logging-1.2.7.RELEASE.jar
7f5b0588a000-7f5b05894000 r--s 00060000 08:01 2359627                    /home/zlin/.gradle/caches/modules-2/files-2.1/org.springframework.boot/spring-boot/1.2.7.RELEASE/1ade672b8c993824fbf997eb193729fe27c0b022/spring-boot-1.2.7.RELEASE.jar
7f5b05894000-7f5b05895000 r--s 00000000 08:01 2359605                    /home/zlin/.gradle/caches/modules-2/files-2.1/org.springframework.boot/spring-boot-starter-tomcat/1.2.7.RELEASE/98229baad7ab207a98c2cce5987b0d34b44dabe7/spring-boot-starter-tomcat-1.2.7.RELEASE.jar
7f5b05895000-7f5b05896000 r--s 00000000 08:01 2359604                    /home/zlin/.gradle/caches/modules-2/files-2.1/org.springframework.boot/spring-boot-starter/1.2.7.RELEASE/58ecbf80587aeb883810a4be00cab15701209437/spring-boot-starter-1.2.7.RELEASE.jar
7f5b05896000-7f5b05897000 r--s 00000000 08:01 2359574                    /home/zlin/.gradle/caches/modules-2/files-2.1/org.springframework.boot/spring-boot-starter-web/1.2.7.RELEASE/2ac141c925462c52186db8ef2caa0b3335f41a8/spring-boot-starter-web-1.2.7.RELEASE.jar
7f5b05897000-7f5b05898000 r--s 00002000 08:01 5778289                    /home/zlin/src/monitor/base/build/libs/base-1.0-SNAPSHOT.jar
7f5b05898000-7f5b058a0000 rw-s 00000000 08:01 2372262                    /tmp/hsperfdata_zlin/8604
7f5b058a0000-7f5b058a1000 rw-p 00000000 00:00 0 
7f5b058a1000-7f5b058a2000 r--p 00000000 00:00 0 
7f5b058a2000-7f5b058a4000 rw-p 00000000 00:00 0 
7f5b058a4000-7f5b058a5000 r--p 00022000 08:01 4725695                    /lib/x86_64-linux-gnu/ld-2.19.so
7f5b058a5000-7f5b058a6000 rw-p 00023000 08:01 4725695                    /lib/x86_64-linux-gnu/ld-2.19.so
7f5b058a6000-7f5b058a7000 rw-p 00000000 00:00 0 
7ffcfe0ef000-7ffcfe111000 rw-p 00000000 00:00 0                          [stack]
7ffcfe13e000-7ffcfe140000 r--p 00000000 00:00 0                          [vvar]
7ffcfe140000-7ffcfe142000 r-xp 00000000 00:00 0                          [vdso]
ffffffffff600000-ffffffffff601000 r-xp 00000000 00:00 0                  [vsyscall]

VM Arguments:
jvm_args: -agentlib:jdwp=transport=dt_socket,server=n,suspend=y,address=60968 -Dfile.encoding=UTF-8 -Duser.country=US -Duser.language=en -Duser.variant 
java_command: linec.monitor.client.Application
java_class_path (initial): /home/zlin/src/monitor/client/build/classes/main:/home/zlin/src/monitor/client/build/resources/main:/home/zlin/src/monitor/base/build/libs/base-1.0-SNAPSHOT.jar:/home/zlin/.gradle/caches/modules-2/files-2.1/org.springframework.boot/spring-boot-starter-web/1.2.7.RELEASE/2ac141c925462c52186db8ef2caa0b3335f41a8/spring-boot-starter-web-1.2.7.RELEASE.jar:/home/zlin/.gradle/caches/modules-2/files-2.1/org.springframework.boot/spring-boot-starter/1.2.7.RELEASE/58ecbf80587aeb883810a4be00cab15701209437/spring-boot-starter-1.2.7.RELEASE.jar:/home/zlin/.gradle/caches/modules-2/files-2.1/org.springframework.boot/spring-boot-starter-tomcat/1.2.7.RELEASE/98229baad7ab207a98c2cce5987b0d34b44dabe7/spring-boot-starter-tomcat-1.2.7.RELEASE.jar:/home/zlin/.gradle/caches/modules-2/files-2.1/com.fasterxml.jackson.core/jackson-databind/2.4.6/3e63a25de4065697b185f523ed5e020c0db3ff0/jackson-databind-2.4.6.jar:/home/zlin/.gradle/caches/modules-2/files-2.1/org.hibernate/hibernate-validator/5.1.3.Final/334d46a93cf095160ce06d8382594b904933c808/hibernate-validator-5.1.3.Final.jar:/home/zlin/.gradle/caches/modules-2/files-2.1/org.springframework/spring-core/4.1.8.RELEASE/f1e1d887f325e1fe9005a0c3e4e1b74520f19252/spring-core-4.1.8.RELEASE.jar:/home/zlin/.gradle/caches/modules-2/files-2.1/org.springframework/spring-webmvc/4.1.8.RELEASE/6a7904ceab9967a3b71b7b8543dd087765b17711/spring-webmvc-4.1.8.RELEASE.jar:/home/zlin/.gradle/caches/modules-2/files-2.1/org.springframework.boot/spring-boot/1.2.7.RELEASE/1ade672b8c993824fbf997eb193729fe27c0b022/spring-boot-1.2.7.RELEASE.jar:/home/zlin/.gradle/caches/modules-2/files-2.1/org.springframework.boot/spring-boot-autoconfigure/1.2.7.RELEASE/5920116bb45bcb0f8006eb48d0f9279c94ed47d7/spring-boot-autoconfigure-1.2.7.RELEASE.jar:/home/zlin/.gradle/caches/modules-2/files-2.1/org.springframework.boot/spring-boot-starter-logging/1.2.7.RELEASE/5da2dd7325c5b812cc11681279c9ab0bc766e9c7/spring-boot-starter-logging-1.2.7.RELEASE.jar:/home/zlin/
Launcher Type: SUN_STANDARD

Environment Variables:
JAVA_HOME=/home/zlin/java/jdk1.8.0_91
JRE_HOME=/home/zlin/java/jdk1.8.0_91/jre
PATH=/home/zlin/java/jdk1.8.0_91/bin:/home/zlin/tool/gradle-2.8/bin:/home/zlin/java/jdk1.8.0_91/bin:/home/zlin/tool/gradle-2.8/bin:/usr/local/sbin:/usr/local/bin:/usr/sbin:/usr/bin:/sbin:/bin:/usr/games:/usr/local/games
LD_LIBRARY_PATH=/home/zlin/idea-IU-162.1447.26/bin:
SHELL=/bin/bash
DISPLAY=:0

Signal Handlers:
SIGSEGV: [libjvm.so+0xabca10], sa_mask[0]=11111111011111111101111111111110, sa_flags=SA_RESTART|SA_SIGINFO
SIGBUS: [libjvm.so+0xabca10], sa_mask[0]=11111111011111111101111111111110, sa_flags=SA_RESTART|SA_SIGINFO
SIGFPE: [libjvm.so+0x919a20], sa_mask[0]=11111111011111111101111111111110, sa_flags=SA_RESTART|SA_SIGINFO
SIGPIPE: [libjvm.so+0x919a20], sa_mask[0]=11111111011111111101111111111110, sa_flags=SA_RESTART|SA_SIGINFO
SIGXFSZ: [libjvm.so+0x919a20], sa_mask[0]=11111111011111111101111111111110, sa_flags=SA_RESTART|SA_SIGINFO
SIGILL: [libjvm.so+0x919a20], sa_mask[0]=11111111011111111101111111111110, sa_flags=SA_RESTART|SA_SIGINFO
SIGUSR1: SIG_DFL, sa_mask[0]=00000000000000000000000000000000, sa_flags=none
SIGUSR2: [libjvm.so+0x91b050], sa_mask[0]=00100000000000000000000000000000, sa_flags=SA_RESTART|SA_SIGINFO
SIGHUP: [libjvm.so+0x91c450], sa_mask[0]=11111111011111111101111111111110, sa_flags=SA_RESTART|SA_SIGINFO
SIGINT: [libjvm.so+0x91c450], sa_mask[0]=11111111011111111101111111111110, sa_flags=SA_RESTART|SA_SIGINFO
SIGTERM: [libjvm.so+0x91c450], sa_mask[0]=11111111011111111101111111111110, sa_flags=SA_RESTART|SA_SIGINFO
SIGQUIT: [libjvm.so+0x91c450], sa_mask[0]=11111111011111111101111111111110, sa_flags=SA_RESTART|SA_SIGINFO


---------------  S Y S T E M  ---------------

OS:DISTRIB_ID=Ubuntu
DISTRIB_RELEASE=14.04
DISTRIB_CODENAME=trusty
DISTRIB_DESCRIPTION="Ubuntu 14.04.4 LTS"

uname:Linux 3.19.0-30-generic #34~14.04.1-Ubuntu SMP Fri Oct 2 22:09:39 UTC 2015 x86_64
libc:glibc 2.19 NPTL 2.19 
rlimit: STACK 8192k, CORE 0k, NPROC 31789, NOFILE 4096, AS infinity
load average:1.69 1.87 1.12

/proc/meminfo:
MemTotal:        8159436 kB
MemFree:         1826740 kB
MemAvailable:    2533448 kB
Buffers:           72056 kB
Cached:           795976 kB
SwapCached:       366720 kB
Active:          4309524 kB
Inactive:        1155472 kB
Active(anon):    3813588 kB
Inactive(anon):   800804 kB
Active(file):     495936 kB
Inactive(file):   354668 kB
Unevictable:         100 kB
Mlocked:             100 kB
SwapTotal:       8385532 kB
SwapFree:        7102768 kB
Dirty:             48596 kB
Writeback:             0 kB
AnonPages:       4565336 kB
Mapped:           228444 kB
Shmem:             17556 kB
Slab:             108984 kB
SReclaimable:      50064 kB
SUnreclaim:        58920 kB
KernelStack:       14208 kB
PageTables:        46920 kB
NFS_Unstable:          0 kB
Bounce:                0 kB
WritebackTmp:          0 kB
CommitLimit:    12465248 kB
Committed_AS:   10293160 kB
VmallocTotal:   34359738367 kB
VmallocUsed:      188908 kB
VmallocChunk:   34359456516 kB
HardwareCorrupted:     0 kB
AnonHugePages:   2781184 kB
CmaTotal:              0 kB
CmaFree:               0 kB
HugePages_Total:       0
HugePages_Free:        0
HugePages_Rsvd:        0
HugePages_Surp:        0
Hugepagesize:       2048 kB
DirectMap4k:      149312 kB
DirectMap2M:     6141952 kB
DirectMap1G:     4194304 kB


CPU:total 4 (1 cores per cpu, 1 threads per core) family 6 model 63 stepping 2, cmov, cx8, fxsr, mmx, sse, sse2, sse3, ssse3, sse4.1, sse4.2, popcnt, avx, avx2, aes, clmul, erms, lzcnt, tsc, tscinvbit, bmi1, bmi2

/proc/cpuinfo:
processor	: 0
vendor_id	: GenuineIntel
cpu family	: 6
model		: 63
model name	: Intel(R) Xeon(R) CPU E5-2623 v3 @ 3.00GHz
stepping	: 2
microcode	: 0x36
cpu MHz		: 2993.067
cache size	: 10240 KB
physical id	: 0
siblings	: 1
core id		: 0
cpu cores	: 1
apicid		: 0
initial apicid	: 0
fpu		: yes
fpu_exception	: yes
cpuid level	: 15
wp		: yes
flags		: fpu vme de pse tsc msr pae mce cx8 apic sep mtrr pge mca cmov pat pse36 clflush dts mmx fxsr sse sse2 ss syscall nx pdpe1gb rdtscp lm constant_tsc arch_perfmon pebs bts nopl xtopology tsc_reliable nonstop_tsc aperfmperf eagerfpu pni pclmulqdq ssse3 fma cx16 pcid sse4_1 sse4_2 x2apic movbe popcnt tsc_deadline_timer aes xsave avx f16c rdrand hypervisor lahf_lm abm ida arat epb pln pts dtherm fsgsbase tsc_adjust bmi1 avx2 smep bmi2 invpcid xsaveopt
bugs		:
bogomips	: 5986.13
clflush size	: 64
cache_alignment	: 64
address sizes	: 42 bits physical, 48 bits virtual
power management:

processor	: 1
vendor_id	: GenuineIntel
cpu family	: 6
model		: 63
model name	: Intel(R) Xeon(R) CPU E5-2623 v3 @ 3.00GHz
stepping	: 2
microcode	: 0x36
cpu MHz		: 2993.067
cache size	: 10240 KB
physical id	: 2
siblings	: 1
core id		: 0
cpu cores	: 1
apicid		: 2
initial apicid	: 2
fpu		: yes
fpu_exception	: yes
cpuid level	: 15
wp		: yes
flags		: fpu vme de pse tsc msr pae mce cx8 apic sep mtrr pge mca cmov pat pse36 clflush dts mmx fxsr sse sse2 ss syscall nx pdpe1gb rdtscp lm constant_tsc arch_perfmon pebs bts nopl xtopology tsc_reliable nonstop_tsc aperfmperf eagerfpu pni pclmulqdq ssse3 fma cx16 pcid sse4_1 sse4_2 x2apic movbe popcnt tsc_deadline_timer aes xsave avx f16c rdrand hypervisor lahf_lm abm ida arat epb pln pts dtherm fsgsbase tsc_adjust bmi1 avx2 smep bmi2 invpcid xsaveopt
bugs		:
bogomips	: 5986.13
clflush size	: 64
cache_alignment	: 64
address sizes	: 42 bits physical, 48 bits virtual
power management:

processor	: 2
vendor_id	: GenuineIntel
cpu family	: 6
model		: 63
model name	: Intel(R) Xeon(R) CPU E5-2623 v3 @ 3.00GHz
stepping	: 2
microcode	: 0x36
cpu MHz		: 2993.067
cache size	: 10240 KB
physical id	: 4
siblings	: 1
core id		: 0
cpu cores	: 1
apicid		: 4
initial apicid	: 4
fpu		: yes
fpu_exception	: yes
cpuid level	: 15
wp		: yes
flags		: fpu vme de pse tsc msr pae mce cx8 apic sep mtrr pge mca cmov pat pse36 clflush dts mmx fxsr sse sse2 ss syscall nx pdpe1gb rdtscp lm constant_tsc arch_perfmon pebs bts nopl xtopology tsc_reliable nonstop_tsc aperfmperf eagerfpu pni pclmulqdq ssse3 fma cx16 pcid sse4_1 sse4_2 x2apic movbe popcnt tsc_deadline_timer aes xsave avx f16c rdrand hypervisor lahf_lm abm ida arat epb pln pts dtherm fsgsbase tsc_adjust bmi1 avx2 smep bmi2 invpcid xsaveopt
bugs		:
bogomips	: 5986.13
clflush size	: 64
cache_alignment	: 64
address sizes	: 42 bits physical, 48 bits virtual
power management:

processor	: 3
vendor_id	: GenuineIntel
cpu family	: 6
model		: 63
model name	: Intel(R) Xeon(R) CPU E5-2623 v3 @ 3.00GHz
stepping	: 2
microcode	: 0x36
cpu MHz		: 2993.067
cache size	: 10240 KB
physical id	: 6
siblings	: 1
core id		: 0
cpu cores	: 1
apicid		: 6
initial apicid	: 6
fpu		: yes
fpu_exception	: yes
cpuid level	: 15
wp		: yes
flags		: fpu vme de pse tsc msr pae mce cx8 apic sep mtrr pge mca cmov pat pse36 clflush dts mmx fxsr sse sse2 ss syscall nx pdpe1gb rdtscp lm constant_tsc arch_perfmon pebs bts nopl xtopology tsc_reliable nonstop_tsc aperfmperf eagerfpu pni pclmulqdq ssse3 fma cx16 pcid sse4_1 sse4_2 x2apic movbe popcnt tsc_deadline_timer aes xsave avx f16c rdrand hypervisor lahf_lm abm ida arat epb pln pts dtherm fsgsbase tsc_adjust bmi1 avx2 smep bmi2 invpcid xsaveopt
bugs		:
bogomips	: 5986.13
clflush size	: 64
cache_alignment	: 64
address sizes	: 42 bits physical, 48 bits virtual
power management:



Memory: 4k page, physical 8159436k(1826740k free), swap 8385532k(7102768k free)

vm_info: Java HotSpot(TM) 64-Bit Server VM (25.91-b14) for linux-amd64 JRE (1.8.0_91-b14), built on Apr  1 2016 00:57:21 by "java_re" with gcc 4.3.0 20080428 (Red Hat 4.3.0-8)

time: Wed May 24 09:49:54 2017
elapsed time: 5612 seconds (0d 1h 33m 32s)

