2017-05-24 16:32:32.840  INFO 34198 --- [main] org.sphic.management.Application         : Starting Application on ubuntu with PID 34198 (started by zlin in /home/zlin/src/monitor/client)
2017-05-24 16:32:32.902  INFO 34198 --- [main] ationConfigEmbeddedWebApplicationContext : Refreshing org.springframework.boot.context.embedded.AnnotationConfigEmbeddedWebApplicationContext@3ec21ca5: startup date [Wed May 24 16:32:32 CST 2017]; root of context hierarchy
2017-05-24 16:32:33.595  WARN 34198 --- [main] .i.s.PathMatchingResourcePatternResolver : Skipping [/home/zlin/src/management/build/libs/management.war] because it does not denote a directory
2017-05-24 16:32:34.934  INFO 34198 --- [main] trationDelegate$BeanPostProcessorChecker : Bean 'org.springframework.amqp.rabbit.annotation.RabbitBootstrapConfiguration' of type [class org.springframework.amqp.rabbit.annotation.RabbitBootstrapConfiguration$$EnhancerBySpringCGLIB$$4ee00861] is not eligible for getting processed by all BeanPostProcessors (for example: not eligible for auto-proxying)
2017-05-24 16:32:35.052  INFO 34198 --- [main] trationDelegate$BeanPostProcessorChecker : Bean 'org.springframework.transaction.annotation.ProxyTransactionManagementConfiguration' of type [class org.springframework.transaction.annotation.ProxyTransactionManagementConfiguration$$EnhancerBySpringCGLIB$$457877f3] is not eligible for getting processed by all BeanPostProcessors (for example: not eligible for auto-proxying)
2017-05-24 16:32:35.251  INFO 34198 --- [main] trationDelegate$BeanPostProcessorChecker : Bean 'org.springframework.security.config.annotation.configuration.ObjectPostProcessorConfiguration' of type [class org.springframework.security.config.annotation.configuration.ObjectPostProcessorConfiguration$$EnhancerBySpringCGLIB$$6e99c0ed] is not eligible for getting processed by all BeanPostProcessors (for example: not eligible for auto-proxying)
2017-05-24 16:32:35.264  INFO 34198 --- [main] trationDelegate$BeanPostProcessorChecker : Bean 'objectPostProcessor' of type [class org.springframework.security.config.annotation.configuration.AutowireBeanFactoryObjectPostProcessor] is not eligible for getting processed by all BeanPostProcessors (for example: not eligible for auto-proxying)
2017-05-24 16:32:35.267  INFO 34198 --- [main] trationDelegate$BeanPostProcessorChecker : Bean 'org.springframework.security.access.expression.method.DefaultMethodSecurityExpressionHandler@7b234397' of type [class org.springframework.security.access.expression.method.DefaultMethodSecurityExpressionHandler] is not eligible for getting processed by all BeanPostProcessors (for example: not eligible for auto-proxying)
2017-05-24 16:32:35.280  INFO 34198 --- [main] trationDelegate$BeanPostProcessorChecker : Bean 'sphicPermissionEvaluator' of type [class org.sphic.security.service.SphicPermissionEvaluator] is not eligible for getting processed by all BeanPostProcessors (for example: not eligible for auto-proxying)
2017-05-24 16:32:35.289  INFO 34198 --- [main] trationDelegate$BeanPostProcessorChecker : Bean 'webConfig' of type [class org.sphic.management.config.WebConfig$$EnhancerBySpringCGLIB$$96bc3ffa] is not eligible for getting processed by all BeanPostProcessors (for example: not eligible for auto-proxying)
2017-05-24 16:32:35.301  INFO 34198 --- [main] trationDelegate$BeanPostProcessorChecker : Bean 'managementPermissionEvaluator' of type [class org.sphic.security.service.SphicPermissionEvaluator] is not eligible for getting processed by all BeanPostProcessors (for example: not eligible for auto-proxying)
2017-05-24 16:32:35.307  INFO 34198 --- [main] trationDelegate$BeanPostProcessorChecker : Bean 'org.springframework.security.config.annotation.method.configuration.GlobalMethodSecurityConfiguration' of type [class org.springframework.security.config.annotation.method.configuration.GlobalMethodSecurityConfiguration$$EnhancerBySpringCGLIB$$2177f55f] is not eligible for getting processed by all BeanPostProcessors (for example: not eligible for auto-proxying)
2017-05-24 16:32:35.321  INFO 34198 --- [main] trationDelegate$BeanPostProcessorChecker : Bean 'methodSecurityMetadataSource' of type [class org.springframework.security.access.method.DelegatingMethodSecurityMetadataSource] is not eligible for getting processed by all BeanPostProcessors (for example: not eligible for auto-proxying)
2017-05-24 16:32:35.926  INFO 34198 --- [main] s.b.c.e.t.TomcatEmbeddedServletContainer : Tomcat initialized with port(s): 8082 (http)
2017-05-24 16:32:36.102  INFO 34198 --- [main] o.apache.catalina.core.StandardService   : Starting service Tomcat
2017-05-24 16:32:36.103  INFO 34198 --- [main] org.apache.catalina.core.StandardEngine  : Starting Servlet Engine: Apache Tomcat/8.0.28
2017-05-24 16:32:38.463  INFO 34198 --- [localhost-startStop-1] org.apache.jasper.servlet.TldScanner     : At least one JAR was scanned for TLDs yet contained no TLDs. Enable debug logging for this logger for a complete list of JARs that were scanned but no TLDs were found in them. Skipping unneeded JARs during scanning can improve startup time and JSP compilation time.
2017-05-24 16:32:38.834  INFO 34198 --- [localhost-startStop-1] o.a.c.c.C.[Tomcat].[localhost].[/]       : Initializing Spring embedded WebApplicationContext
2017-05-24 16:32:38.834  INFO 34198 --- [localhost-startStop-1] o.s.web.context.ContextLoader            : Root WebApplicationContext: initialization completed in 5934 ms
2017-05-24 16:32:39.599  INFO 34198 --- [localhost-startStop-1] j.LocalContainerEntityManagerFactoryBean : Building JPA container EntityManagerFactory for persistence unit 'default'
2017-05-24 16:32:39.611  INFO 34198 --- [localhost-startStop-1] o.hibernate.jpa.internal.util.LogHelper  : HHH000204: Processing PersistenceUnitInfo [
	name: default
	...]
2017-05-24 16:32:39.722  INFO 34198 --- [localhost-startStop-1] org.hibernate.Version                    : HHH000412: Hibernate Core {4.3.11.Final}
2017-05-24 16:32:39.727  INFO 34198 --- [localhost-startStop-1] org.hibernate.cfg.Environment            : HHH000206: hibernate.properties not found
2017-05-24 16:32:39.730  INFO 34198 --- [localhost-startStop-1] org.hibernate.cfg.Environment            : HHH000021: Bytecode provider name : javassist
2017-05-24 16:32:40.085  INFO 34198 --- [localhost-startStop-1] o.hibernate.annotations.common.Version   : HCANN000001: Hibernate Commons Annotations {4.0.5.Final}
2017-05-24 16:32:40.900  INFO 34198 --- [localhost-startStop-1] org.hibernate.dialect.Dialect            : HHH000400: Using dialect: org.hibernate.dialect.MySQL5Dialect
2017-05-24 16:32:41.366  WARN 34198 --- [localhost-startStop-1] org.hibernate.mapping.RootClass          : HHH000038: Composite-id class does not override equals(): org.sphic.management.model.RotationList
2017-05-24 16:32:41.367  WARN 34198 --- [localhost-startStop-1] org.hibernate.mapping.RootClass          : HHH000039: Composite-id class does not override hashCode(): org.sphic.management.model.RotationList
2017-05-24 16:32:41.370  WARN 34198 --- [localhost-startStop-1] org.hibernate.mapping.RootClass          : HHH000038: Composite-id class does not override equals(): org.sphic.management.model.TaskTypeRelationship
2017-05-24 16:32:41.371  WARN 34198 --- [localhost-startStop-1] org.hibernate.mapping.RootClass          : HHH000039: Composite-id class does not override hashCode(): org.sphic.management.model.TaskTypeRelationship
2017-05-24 16:32:41.371  WARN 34198 --- [localhost-startStop-1] org.hibernate.mapping.RootClass          : HHH000038: Composite-id class does not override equals(): org.sphic.management.model.PatientPhysicians
2017-05-24 16:32:41.371  WARN 34198 --- [localhost-startStop-1] org.hibernate.mapping.RootClass          : HHH000039: Composite-id class does not override hashCode(): org.sphic.management.model.PatientPhysicians
2017-05-24 16:32:41.372  WARN 34198 --- [localhost-startStop-1] org.hibernate.mapping.RootClass          : HHH000038: Composite-id class does not override equals(): org.sphic.management.model.CtSimOrder
2017-05-24 16:32:41.372  WARN 34198 --- [localhost-startStop-1] org.hibernate.mapping.RootClass          : HHH000039: Composite-id class does not override hashCode(): org.sphic.management.model.CtSimOrder
2017-05-24 16:32:41.372  WARN 34198 --- [localhost-startStop-1] org.hibernate.mapping.RootClass          : HHH000038: Composite-id class does not override equals(): org.sphic.management.model.PatientPhysicalData
2017-05-24 16:32:41.373  WARN 34198 --- [localhost-startStop-1] org.hibernate.mapping.RootClass          : HHH000039: Composite-id class does not override hashCode(): org.sphic.management.model.PatientPhysicalData
2017-05-24 16:32:41.373  WARN 34198 --- [localhost-startStop-1] org.hibernate.mapping.RootClass          : HHH000038: Composite-id class does not override equals(): org.sphic.management.model.PatientInternalHospitalInfo
2017-05-24 16:32:41.373  WARN 34198 --- [localhost-startStop-1] org.hibernate.mapping.RootClass          : HHH000039: Composite-id class does not override hashCode(): org.sphic.management.model.PatientInternalHospitalInfo
2017-05-24 16:32:41.396  INFO 34198 --- [localhost-startStop-1] o.h.h.i.ast.ASTQueryTranslatorFactory    : HHH000397: Using ASTQueryTranslatorFactory
2017-05-24 16:32:42.337  INFO 34198 --- [localhost-startStop-1] o.s.s.web.DefaultSecurityFilterChain     : Creating filter chain: Ant [pattern='/codebase/**'], []
2017-05-24 16:32:42.337  INFO 34198 --- [localhost-startStop-1] o.s.s.web.DefaultSecurityFilterChain     : Creating filter chain: Ant [pattern='/css/**'], []
2017-05-24 16:32:42.337  INFO 34198 --- [localhost-startStop-1] o.s.s.web.DefaultSecurityFilterChain     : Creating filter chain: Ant [pattern='/gantt/**'], []
2017-05-24 16:32:42.337  INFO 34198 --- [localhost-startStop-1] o.s.s.web.DefaultSecurityFilterChain     : Creating filter chain: Ant [pattern='/imgs/**'], []
2017-05-24 16:32:42.337  INFO 34198 --- [localhost-startStop-1] o.s.s.web.DefaultSecurityFilterChain     : Creating filter chain: Ant [pattern='/jquery/**'], []
2017-05-24 16:32:42.337  INFO 34198 --- [localhost-startStop-1] o.s.s.web.DefaultSecurityFilterChain     : Creating filter chain: Ant [pattern='/js/**'], []
2017-05-24 16:32:42.337  INFO 34198 --- [localhost-startStop-1] o.s.s.web.DefaultSecurityFilterChain     : Creating filter chain: Ant [pattern='/lib/**'], []
2017-05-24 16:32:42.337  INFO 34198 --- [localhost-startStop-1] o.s.s.web.DefaultSecurityFilterChain     : Creating filter chain: Ant [pattern='/scheduler/**'], []
2017-05-24 16:32:42.337  INFO 34198 --- [localhost-startStop-1] o.s.s.web.DefaultSecurityFilterChain     : Creating filter chain: Ant [pattern='/widgets/**'], []
2017-05-24 16:32:42.338  INFO 34198 --- [localhost-startStop-1] o.s.s.web.DefaultSecurityFilterChain     : Creating filter chain: Ant [pattern='/build.txt'], []
2017-05-24 16:32:42.482  INFO 34198 --- [localhost-startStop-1] o.s.s.web.DefaultSecurityFilterChain     : Creating filter chain: org.springframework.security.web.util.matcher.AnyRequestMatcher@1, [org.springframework.security.web.context.request.async.WebAsyncManagerIntegrationFilter@62e9b29, org.springframework.security.web.context.SecurityContextPersistenceFilter@6d921531, org.springframework.security.web.header.HeaderWriterFilter@f224574, org.springframework.security.web.authentication.logout.LogoutFilter@6169310d, org.springframework.security.web.authentication.UsernamePasswordAuthenticationFilter@594c87ad, org.springframework.security.web.authentication.www.BasicAuthenticationFilter@4fbeb9eb, org.springframework.security.web.savedrequest.RequestCacheAwareFilter@57e9f6f8, org.springframework.security.web.servletapi.SecurityContextHolderAwareRequestFilter@fcef1af, org.springframework.security.web.authentication.rememberme.RememberMeAuthenticationFilter@19528fda, org.springframework.security.web.authentication.AnonymousAuthenticationFilter@527102cc, org.springframework.security.web.session.SessionManagementFilter@315e7ab8, org.springframework.security.web.access.ExceptionTranslationFilter@1091e32f, org.springframework.security.web.access.intercept.FilterSecurityInterceptor@53158fea]
2017-05-24 16:32:42.522  INFO 34198 --- [localhost-startStop-1] o.s.b.c.e.ServletRegistrationBean        : Mapping servlet: 'dispatcherServlet' to [/]
2017-05-24 16:32:42.528  INFO 34198 --- [localhost-startStop-1] o.s.b.c.embedded.FilterRegistrationBean  : Mapping filter: 'characterEncodingFilter' to: [/*]
2017-05-24 16:32:42.529  INFO 34198 --- [localhost-startStop-1] o.s.b.c.embedded.FilterRegistrationBean  : Mapping filter: 'springSecurityFilterChain' to: [/*]
2017-05-24 16:32:43.800  INFO 34198 --- [main] s.w.s.m.m.a.RequestMappingHandlerMapping : Mapped "{[/rest/ctsimorder/{treatmentProcessId}],methods=[GET]}" onto public org.sphic.management.model.CtSimOrder org.sphic.management.controller.CTSimOrderController.getDepartment(int)
2017-05-24 16:32:43.801  INFO 34198 --- [main] s.w.s.m.m.a.RequestMappingHandlerMapping : Mapped "{[/rest/ctsimorder/update/{treatmentProcessId}],methods=[POST]}" onto public void org.sphic.management.controller.CTSimOrderController.editCtSimOrder(org.sphic.management.model.CtSimOrder,int)
2017-05-24 16:32:43.801  INFO 34198 --- [main] s.w.s.m.m.a.RequestMappingHandlerMapping : Mapped "{[/rest/ctsimorder/create/{treatmentProcessId}],methods=[PUT]}" onto public void org.sphic.management.controller.CTSimOrderController.createCtSimOrder(org.sphic.management.model.CtSimOrder,int)
2017-05-24 16:32:43.802  INFO 34198 --- [main] s.w.s.m.m.a.RequestMappingHandlerMapping : Mapped "{[/rest/radiationtype],methods=[GET]}" onto public java.util.List org.sphic.management.controller.RadiationTypeController.GetAllRadiationTypies()
2017-05-24 16:32:43.802  INFO 34198 --- [main] s.w.s.m.m.a.RequestMappingHandlerMapping : Mapped "{[/rest/radiationtype/options]}" onto public com.fasterxml.jackson.databind.node.ObjectNode org.sphic.management.controller.RadiationTypeController.getRadiationTypeOptions()
2017-05-24 16:32:43.802  INFO 34198 --- [main] s.w.s.m.m.a.RequestMappingHandlerMapping : Mapped "{[/rest/physician]}" onto public java.util.List org.sphic.management.controller.PhysicianController.AllPhysicians()
2017-05-24 16:32:43.802  INFO 34198 --- [main] s.w.s.m.m.a.RequestMappingHandlerMapping : Mapped "{[/rest/physician/options]}" onto public com.fasterxml.jackson.databind.node.ObjectNode org.sphic.management.controller.PhysicianController.getPhysiciansOptions()
2017-05-24 16:32:43.806  INFO 34198 --- [main] s.w.s.m.m.a.RequestMappingHandlerMapping : Mapped "{[/rest/patient/searchPatient],methods=[POST]}" onto public net.sf.json.JSONArray org.sphic.management.controller.PatientController.SearchHISPatient(java.util.HashMap)
2017-05-24 16:32:43.806  INFO 34198 --- [main] s.w.s.m.m.a.RequestMappingHandlerMapping : Mapped "{[/rest/patient/add],methods=[POST]}" onto public void org.sphic.management.controller.PatientController.Add(java.util.HashMap,javax.servlet.http.HttpServletResponse)
2017-05-24 16:32:43.806  INFO 34198 --- [main] s.w.s.m.m.a.RequestMappingHandlerMapping : Mapped "{[/rest/patient/searchbyquery],methods=[POST],produces=[application/json;charset=utf-8]}" onto public java.util.List org.sphic.management.controller.PatientController.SearchPatient(java.util.HashMap,javax.servlet.http.HttpServletResponse)
2017-05-24 16:32:43.806  INFO 34198 --- [main] s.w.s.m.m.a.RequestMappingHandlerMapping : Mapped "{[/rest/patient/{patientId}]}" onto public org.sphic.management.model.Patient org.sphic.management.controller.PatientController.Get(int)
2017-05-24 16:32:43.806  INFO 34198 --- [main] s.w.s.m.m.a.RequestMappingHandlerMapping : Mapped "{[/rest/patient]}" onto public java.util.List org.sphic.management.controller.PatientController.GetAll(boolean)
2017-05-24 16:32:43.806  INFO 34198 --- [main] s.w.s.m.m.a.RequestMappingHandlerMapping : Mapped "{[/rest/patient/treatments]}" onto public java.util.List org.sphic.management.controller.PatientController.GetAllTreatments()
2017-05-24 16:32:43.806  INFO 34198 --- [main] s.w.s.m.m.a.RequestMappingHandlerMapping : Mapped "{[/rest/patient/{patientId}/planner],methods=[POST]}" onto public void org.sphic.management.controller.PatientController.setPlanner(int,int)
2017-05-24 16:32:43.806  INFO 34198 --- [main] s.w.s.m.m.a.RequestMappingHandlerMapping : Mapped "{[/rest/patient/{patientId}/physician],methods=[POST]}" onto public void org.sphic.management.controller.PatientController.setPhysician(int,int)
2017-05-24 16:32:43.807  INFO 34198 --- [main] s.w.s.m.m.a.RequestMappingHandlerMapping : Mapped "{[/rest/patient/{patientId}],methods=[DELETE]}" onto public void org.sphic.management.controller.PatientController.delete(int)
2017-05-24 16:32:43.807  INFO 34198 --- [main] s.w.s.m.m.a.RequestMappingHandlerMapping : Mapped "{[/error]}" onto public java.lang.String org.sphic.management.controller.ErrorController.error(javax.servlet.http.HttpServletRequest,javax.servlet.http.HttpServletResponse)
2017-05-24 16:32:43.808  INFO 34198 --- [main] s.w.s.m.m.a.RequestMappingHandlerMapping : Mapped "{[/rest/event/date],methods=[GET]}" onto public java.util.List<org.sphic.management.model.Event> org.sphic.management.controller.EventController.getEventsByDate(java.util.Date,java.util.Date)
2017-05-24 16:32:43.809  INFO 34198 --- [main] s.w.s.m.m.a.RequestMappingHandlerMapping : Mapped "{[/rest/event/{eventId}/setcolors],methods=[POST]}" onto public void org.sphic.management.controller.EventController.setTaskColors(int,org.sphic.management.model.Event,javax.servlet.http.HttpServletResponse)
2017-05-24 16:32:43.809  INFO 34198 --- [main] s.w.s.m.m.a.RequestMappingHandlerMapping : Mapped "{[/rest/event/{eventId}],methods=[POST]}" onto public void org.sphic.management.controller.EventController.update(int,org.sphic.management.model.Schedule,javax.servlet.http.HttpServletResponse)
2017-05-24 16:32:43.809  INFO 34198 --- [main] s.w.s.m.m.a.RequestMappingHandlerMapping : Mapped "{[/rest/event/{id}],methods=[DELETE]}" onto public void org.sphic.management.controller.EventController.delete(int,org.sphic.management.model.Schedule)
2017-05-24 16:32:43.809  INFO 34198 --- [main] s.w.s.m.m.a.RequestMappingHandlerMapping : Mapped "{[/rest/event],methods=[PUT]}" onto public void org.sphic.management.controller.EventController.create(org.sphic.management.model.Schedule)
2017-05-24 16:32:43.810  INFO 34198 --- [main] s.w.s.m.m.a.RequestMappingHandlerMapping : Mapped "{[/rest/facility]}" onto public java.util.List org.sphic.management.controller.FacilityController.ListAllFacities()
2017-05-24 16:32:43.810  INFO 34198 --- [main] s.w.s.m.m.a.RequestMappingHandlerMapping : Mapped "{[/rest/facility/tasktype/{taskTypeId}]}" onto public java.util.Set<org.sphic.management.model.Facility> org.sphic.management.controller.FacilityController.ListAllFacitiesForTaskType(int)
2017-05-24 16:32:43.810  INFO 34198 --- [main] s.w.s.m.m.a.RequestMappingHandlerMapping : Mapped "{[/rest/facility/{facilityId}]}" onto public org.sphic.management.model.Facility org.sphic.management.controller.FacilityController.GetFacility(int)
2017-05-24 16:32:43.811  INFO 34198 --- [main] s.w.s.m.m.a.RequestMappingHandlerMapping : Mapped "{[/rest/radiationmodality],methods=[GET]}" onto public java.util.List org.sphic.management.controller.RadiationModalityController.GetAllRadiationModality()
2017-05-24 16:32:43.811  INFO 34198 --- [main] s.w.s.m.m.a.RequestMappingHandlerMapping : Mapped "{[/rest/radiationmodality/options]}" onto public com.fasterxml.jackson.databind.node.ObjectNode org.sphic.management.controller.RadiationModalityController.getRadiationModalityOptions()
2017-05-24 16:32:43.812  INFO 34198 --- [main] s.w.s.m.m.a.RequestMappingHandlerMapping : Mapped "{[/rest/tasktype/{taskTypeId}]}" onto public org.sphic.management.model.TaskType org.sphic.management.controller.TaskTypeController.getTaskType(int)
2017-05-24 16:32:43.812  INFO 34198 --- [main] s.w.s.m.m.a.RequestMappingHandlerMapping : Mapped "{[/rest/tasktype/{taskTypeId}/user]}" onto public java.util.Set<org.sphic.management.model.ManagementUser> org.sphic.management.controller.TaskTypeController.getUsers(int)
2017-05-24 16:32:43.812  INFO 34198 --- [main] s.w.s.m.m.a.RequestMappingHandlerMapping : Mapped "{[/rest/tasktype]}" onto public java.util.List org.sphic.management.controller.TaskTypeController.getAllTaskTypes()
2017-05-24 16:32:43.816  INFO 34198 --- [main] s.w.s.m.m.a.RequestMappingHandlerMapping : Mapped "{[/myhome || /],methods=[GET]}" onto public org.springframework.web.servlet.ModelAndView org.sphic.management.controller.MainController.showMyHomePage(javax.servlet.http.HttpServletRequest)
2017-05-24 16:32:43.816  INFO 34198 --- [main] s.w.s.m.m.a.RequestMappingHandlerMapping : Mapped "{[/whiteboard]}" onto public org.springframework.web.servlet.ModelAndView org.sphic.management.controller.MainController.showWhiteboardPage(javax.servlet.http.HttpServletRequest)
2017-05-24 16:32:43.816  INFO 34198 --- [main] s.w.s.m.m.a.RequestMappingHandlerMapping : Mapped "{[/queues]}" onto public org.springframework.web.servlet.ModelAndView org.sphic.management.controller.MainController.showQueuesPage(javax.servlet.http.HttpServletRequest)
2017-05-24 16:32:43.816  INFO 34198 --- [main] s.w.s.m.m.a.RequestMappingHandlerMapping : Mapped "{[/treatment]}" onto public org.springframework.web.servlet.ModelAndView org.sphic.management.controller.MainController.showTreatmentPage(javax.servlet.http.HttpServletRequest)
2017-05-24 16:32:43.817  INFO 34198 --- [main] s.w.s.m.m.a.RequestMappingHandlerMapping : Mapped "{[/schedule]}" onto public org.springframework.web.servlet.ModelAndView org.sphic.management.controller.MainController.showSchedulerPage(javax.servlet.http.HttpServletRequest)
2017-05-24 16:32:43.818  INFO 34198 --- [main] s.w.s.m.m.a.RequestMappingHandlerMapping : Mapped "{[/patientschedule]}" onto public org.springframework.web.servlet.ModelAndView org.sphic.management.controller.MainController.showPatientSchedulerPage(java.lang.String,java.lang.String)
2017-05-24 16:32:43.818  INFO 34198 --- [main] s.w.s.m.m.a.RequestMappingHandlerMapping : Mapped "{[/timeline],methods=[GET]}" onto public org.springframework.web.servlet.ModelAndView org.sphic.management.controller.MainController.showPatientTimelinePage(java.lang.String)
2017-05-24 16:32:43.818  INFO 34198 --- [main] s.w.s.m.m.a.RequestMappingHandlerMapping : Mapped "{[/patient],methods=[GET]}" onto public org.springframework.web.servlet.ModelAndView org.sphic.management.controller.MainController.showPatientInfoPage(java.lang.String)
2017-05-24 16:32:43.818  INFO 34198 --- [main] s.w.s.m.m.a.RequestMappingHandlerMapping : Mapped "{[/patientedit],methods=[GET]}" onto public org.springframework.web.servlet.ModelAndView org.sphic.management.controller.MainController.editPatientInfoPage(java.lang.String)
2017-05-24 16:32:43.819  INFO 34198 --- [main] s.w.s.m.m.a.RequestMappingHandlerMapping : Mapped "{[/ctsiminput],methods=[GET]}" onto public org.springframework.web.servlet.ModelAndView org.sphic.management.controller.MainController.showCTSimInput(java.lang.String,java.lang.String,java.lang.String)
2017-05-24 16:32:43.819  INFO 34198 --- [main] s.w.s.m.m.a.RequestMappingHandlerMapping : Mapped "{[/plannerassign],methods=[GET]}" onto public org.springframework.web.servlet.ModelAndView org.sphic.management.controller.MainController.showPlannerAssign(java.lang.String)
2017-05-24 16:32:43.819  INFO 34198 --- [main] s.w.s.m.m.a.RequestMappingHandlerMapping : Mapped "{[/plannerinput],methods=[GET]}" onto public org.springframework.web.servlet.ModelAndView org.sphic.management.controller.MainController.showPlannerInput(java.lang.String,java.lang.String,java.lang.String)
2017-05-24 16:32:43.819  INFO 34198 --- [main] s.w.s.m.m.a.RequestMappingHandlerMapping : Mapped "{[/physicianinput],methods=[GET]}" onto public org.springframework.web.servlet.ModelAndView org.sphic.management.controller.MainController.showPhysicianInput(java.lang.String,java.lang.String,java.lang.String)
2017-05-24 16:32:43.819  INFO 34198 --- [main] s.w.s.m.m.a.RequestMappingHandlerMapping : Mapped "{[/portalgrouptrack],methods=[GET]}" onto public org.springframework.web.servlet.ModelAndView org.sphic.management.controller.MainController.showPortalGroupTracking(java.lang.String,java.lang.String,java.lang.String)
2017-05-24 16:32:43.823  INFO 34198 --- [main] s.w.s.m.m.a.RequestMappingHandlerMapping : Mapped "{[/rest/task/{taskId}/setcolors],methods=[POST]}" onto public void org.sphic.management.controller.TaskController.setTaskColors(int,org.sphic.management.model.Task,javax.servlet.http.HttpServletResponse)
2017-05-24 16:32:43.824  INFO 34198 --- [main] s.w.s.m.m.a.RequestMappingHandlerMapping : Mapped "{[/rest/task],methods=[GET]}" onto public java.util.List<org.sphic.management.model.Task> org.sphic.management.controller.TaskController.GetCurrentUsersTasks()
2017-05-24 16:32:43.824  INFO 34198 --- [main] s.w.s.m.m.a.RequestMappingHandlerMapping : Mapped "{[/rest/task/{taskId}],methods=[GET]}" onto public org.sphic.management.model.Task org.sphic.management.controller.TaskController.GetTaskById(int)
2017-05-24 16:32:43.824  INFO 34198 --- [main] s.w.s.m.m.a.RequestMappingHandlerMapping : Mapped "{[/rest/task/taskview/{taskId}],methods=[GET]}" onto public org.sphic.management.model.view.TaskView org.sphic.management.controller.TaskController.GetTaskViewById(int)
2017-05-24 16:32:43.824  INFO 34198 --- [main] s.w.s.m.m.a.RequestMappingHandlerMapping : Mapped "{[/rest/task/treatmentProcessId/{treatmentProcessId}],methods=[GET]}" onto public java.util.List<org.sphic.management.model.Task> org.sphic.management.controller.TaskController.GetTasksByTreatmentProcessId(int)
2017-05-24 16:32:43.824  INFO 34198 --- [main] s.w.s.m.m.a.RequestMappingHandlerMapping : Mapped "{[/rest/task/status/{status}],methods=[GET]}" onto public java.util.List<org.sphic.management.model.view.TaskView> org.sphic.management.controller.TaskController.GetTasksByStatusForCurrentUser(char)
2017-05-24 16:32:43.825  INFO 34198 --- [main] s.w.s.m.m.a.RequestMappingHandlerMapping : Mapped "{[/rest/task/status/{status}/impersonate/{userId}],methods=[GET]}" onto public java.util.List<org.sphic.management.model.view.TaskView> org.sphic.management.controller.TaskController.GetTasksByStatusForImpersonatedUser(char,int,javax.servlet.http.HttpServletResponse)
2017-05-24 16:32:43.825  INFO 34198 --- [main] s.w.s.m.m.a.RequestMappingHandlerMapping : Mapped "{[/rest/task/status/{status}/impersonate/all],methods=[GET]}" onto public java.util.List<org.sphic.management.model.view.TaskView> org.sphic.management.controller.TaskController.GetTasksByStatusForAllImpersonatedUser(char,javax.servlet.http.HttpServletResponse)
2017-05-24 16:32:43.825  INFO 34198 --- [main] s.w.s.m.m.a.RequestMappingHandlerMapping : Mapped "{[/rest/task/type/{typeId}],methods=[GET]}" onto public java.util.List<org.sphic.management.model.Task> org.sphic.management.controller.TaskController.GetTasksByTypeForCurrentUser(int)
2017-05-24 16:32:43.825  INFO 34198 --- [main] s.w.s.m.m.a.RequestMappingHandlerMapping : Mapped "{[/rest/task/date],methods=[GET]}" onto public java.util.List<org.sphic.management.model.view.TaskView> org.sphic.management.controller.TaskController.GetTasksByDate(java.util.Date,java.util.Date)
2017-05-24 16:32:43.825  INFO 34198 --- [main] s.w.s.m.m.a.RequestMappingHandlerMapping : Mapped "{[/rest/task],methods=[POST]}" onto public void org.sphic.management.controller.TaskController.Update(org.sphic.management.model.Task,javax.servlet.http.HttpServletResponse)
2017-05-24 16:32:43.826  INFO 34198 --- [main] s.w.s.m.m.a.RequestMappingHandlerMapping : Mapped "{[/rest/task/{taskId}/schedule],methods=[POST]}" onto public void org.sphic.management.controller.TaskController.SetScheduleDate(int,org.sphic.management.model.Schedule,javax.servlet.http.HttpServletResponse)
2017-05-24 16:32:43.826  INFO 34198 --- [main] s.w.s.m.m.a.RequestMappingHandlerMapping : Mapped "{[/rest/task/{taskId}/action/{action}],methods=[POST]}" onto public void org.sphic.management.controller.TaskController.TriggerAction(int,java.lang.String,com.fasterxml.jackson.databind.node.ObjectNode,javax.servlet.http.HttpServletResponse)
2017-05-24 16:32:43.826  INFO 34198 --- [main] s.w.s.m.m.a.RequestMappingHandlerMapping : Mapped "{[/rest/task/{taskId}/action/select/{newTasks}],methods=[POST]}" onto public void org.sphic.management.controller.TaskController.selectNewTasks(int,java.lang.String,com.fasterxml.jackson.databind.node.ObjectNode,javax.servlet.http.HttpServletResponse)
2017-05-24 16:32:43.826  INFO 34198 --- [main] s.w.s.m.m.a.RequestMappingHandlerMapping : Mapped "{[/rest/task/{taskId}/prerequisite],methods=[POST]}" onto public void org.sphic.management.controller.TaskController.setPrerequisite(int,javax.servlet.http.HttpServletResponse)
2017-05-24 16:32:43.826  INFO 34198 --- [main] s.w.s.m.m.a.RequestMappingHandlerMapping : Mapped "{[/rest/task/{taskId}/next],methods=[GET]}" onto public java.util.Set<org.sphic.management.model.TaskTypeRelationship> org.sphic.management.controller.TaskController.getNextTasks(int)
2017-05-24 16:32:43.826  INFO 34198 --- [main] s.w.s.m.m.a.RequestMappingHandlerMapping : Mapped "{[/rest/task/series/{taskId}],methods=[POST]}" onto public void org.sphic.management.controller.TaskController.AddSeriesTasks(int,java.util.List<org.sphic.management.model.Task>,javax.servlet.http.HttpServletResponse)
2017-05-24 16:32:43.827  INFO 34198 --- [main] s.w.s.m.m.a.RequestMappingHandlerMapping : Mapped "{[/authenticate]}" onto public org.springframework.security.core.Authentication org.sphic.management.controller.AuthenticateController.validateTicket(java.lang.String)
2017-05-24 16:32:43.827  INFO 34198 --- [main] s.w.s.m.m.a.RequestMappingHandlerMapping : Mapped "{[/rest/queue/lists]}" onto public com.fasterxml.jackson.databind.node.ArrayNode org.sphic.management.controller.QueueController.List(java.lang.Integer)
2017-05-24 16:32:43.827  INFO 34198 --- [main] s.w.s.m.m.a.RequestMappingHandlerMapping : Mapped "{[/login]}" onto public org.springframework.web.servlet.ModelAndView org.sphic.management.controller.LoginController.loginPage(javax.servlet.http.HttpServletRequest,javax.servlet.http.HttpServletResponse)
2017-05-24 16:32:43.828  INFO 34198 --- [main] s.w.s.m.m.a.RequestMappingHandlerMapping : Mapped "{[/rest/user]}" onto public java.util.List org.sphic.management.controller.UserController.getAllUsers()
2017-05-24 16:32:43.828  INFO 34198 --- [main] s.w.s.m.m.a.RequestMappingHandlerMapping : Mapped "{[/rest/user/planner]}" onto public java.util.List org.sphic.management.controller.UserController.getAllPlanners()
2017-05-24 16:32:43.828  INFO 34198 --- [main] s.w.s.m.m.a.RequestMappingHandlerMapping : Mapped "{[/rest/user/physicianGroup]}" onto public java.util.List org.sphic.management.controller.UserController.getAllPhysicianGroups()
2017-05-24 16:32:43.829  INFO 34198 --- [main] s.w.s.m.m.a.RequestMappingHandlerMapping : Mapped "{[/rest/user/planner/options]}" onto public com.fasterxml.jackson.databind.node.ObjectNode org.sphic.management.controller.UserController.getPhysiciansOptions()
2017-05-24 16:32:43.829  INFO 34198 --- [main] s.w.s.m.m.a.RequestMappingHandlerMapping : Mapped "{[/rest/user/physiciangroup/options]}" onto public com.fasterxml.jackson.databind.node.ObjectNode org.sphic.management.controller.UserController.getPhysicianGroupOptions()
2017-05-24 16:32:43.829  INFO 34198 --- [main] s.w.s.m.m.a.RequestMappingHandlerMapping : Mapped "{[/rest/user/current]}" onto public org.sphic.management.model.ManagementUser org.sphic.management.controller.UserController.getCurrentUsers()
2017-05-24 16:32:43.829  INFO 34198 --- [main] s.w.s.m.m.a.RequestMappingHandlerMapping : Mapped "{[/rest/user/password],methods=[PUT]}" onto public void org.sphic.management.controller.UserController.changePassword(com.fasterxml.jackson.databind.node.ObjectNode,javax.servlet.http.HttpServletResponse) throws java.lang.Exception
2017-05-24 16:32:43.829  INFO 34198 --- [main] s.w.s.m.m.a.RequestMappingHandlerMapping : Mapped "{[/rest/user/department/{departmentId}]}" onto public java.util.List org.sphic.management.controller.UserController.getAllUsersInDepartment(int)
2017-05-24 16:32:43.829  INFO 34198 --- [main] s.w.s.m.m.a.RequestMappingHandlerMapping : Mapped "{[/rest/user/{userId}/tasktype],methods=[POST]}" onto public void org.sphic.management.controller.UserController.setUserTaskType(int,int[])
2017-05-24 16:32:43.829  INFO 34198 --- [main] s.w.s.m.m.a.RequestMappingHandlerMapping : Mapped "{[/rest/user/{userId}/tasktype],methods=[GET]}" onto public java.util.Set<org.sphic.management.model.TaskType> org.sphic.management.controller.UserController.getUserTaskType(int)
2017-05-24 16:32:43.829  INFO 34198 --- [main] s.w.s.m.m.a.RequestMappingHandlerMapping : Mapped "{[/rest/user/{username}]}" onto public org.sphic.management.model.ManagementUser org.sphic.management.controller.UserController.get(java.lang.String)
2017-05-24 16:32:43.830  INFO 34198 --- [main] s.w.s.m.m.a.RequestMappingHandlerMapping : Mapped "{[/rest/treatmentprocess/{treatmentProcessId}],methods=[GET]}" onto public org.sphic.management.model.TreatmentProcess org.sphic.management.controller.TreatmentProcessController.getTreatmentProcess(int)
2017-05-24 16:32:43.830  INFO 34198 --- [main] s.w.s.m.m.a.RequestMappingHandlerMapping : Mapped "{[/rest/treatmentprocess/patient/{patientId}/newct],methods=[PUT]}" onto public void org.sphic.management.controller.TreatmentProcessController.newCT(int,com.fasterxml.jackson.databind.node.ObjectNode)
2017-05-24 16:32:43.830  INFO 34198 --- [main] s.w.s.m.m.a.RequestMappingHandlerMapping : Mapped "{[/rest/treatmentprocess/patient/{patientId}/newplan],methods=[PUT]}" onto public void org.sphic.management.controller.TreatmentProcessController.CreateTreatmentProcess(int,com.fasterxml.jackson.databind.node.ObjectNode)
2017-05-24 16:32:43.830  INFO 34198 --- [main] s.w.s.m.m.a.RequestMappingHandlerMapping : Mapped "{[/rest/treatmentprocess/{treatmentProcessId}],methods=[DELETE]}" onto public void org.sphic.management.controller.TreatmentProcessController.deactivateTreatmentProcess(int,javax.servlet.http.HttpServletResponse)
2017-05-24 16:32:43.830  INFO 34198 --- [main] s.w.s.m.m.a.RequestMappingHandlerMapping : Mapped "{[/rest/treatmentprocess/{treatmentProcessId}/treatmentfinalize],methods=[POST]}" onto public void org.sphic.management.controller.TreatmentProcessController.finalizePateintTreatmentInfomation(int,com.fasterxml.jackson.databind.node.ObjectNode)
2017-05-24 16:32:43.831  INFO 34198 --- [main] s.w.s.m.m.a.RequestMappingHandlerMapping : Mapped "{[/rest/treatmentprocess/{treatmentProcessId}],methods=[POST]}" onto public void org.sphic.management.controller.TreatmentProcessController.EditTreatmentProcess(int,org.sphic.management.model.TreatmentProcess)
2017-05-24 16:32:43.831  INFO 34198 --- [main] s.w.s.m.m.a.RequestMappingHandlerMapping : Mapped "{[/rest/treatmentprocess/patient/{patientId}],methods=[GET]}" onto public java.util.List<org.sphic.management.model.TreatmentProcess> org.sphic.management.controller.TreatmentProcessController.getByPatientId(int)
2017-05-24 16:32:43.831  INFO 34198 --- [main] s.w.s.m.m.a.RequestMappingHandlerMapping : Mapped "{[/rest/treatmentprocess/patient/{patientId}],methods=[POST]}" onto public void org.sphic.management.controller.TreatmentProcessController.savePatientInfo(int,org.sphic.management.model.Patient)
2017-05-24 16:32:43.831  INFO 34198 --- [main] s.w.s.m.m.a.RequestMappingHandlerMapping : Mapped "{[/rest/target],methods=[GET]}" onto public java.util.List org.sphic.management.controller.TargetController.GetAllTargets()
2017-05-24 16:32:43.831  INFO 34198 --- [main] s.w.s.m.m.a.RequestMappingHandlerMapping : Mapped "{[/rest/target/options]}" onto public com.fasterxml.jackson.databind.node.ObjectNode org.sphic.management.controller.TargetController.getTargetOptions()
2017-05-24 16:32:43.831  INFO 34198 --- [main] s.w.s.m.m.a.RequestMappingHandlerMapping : Mapped "{[/rest/template/taskId/{taskId}]}" onto public java.util.Set<org.sphic.management.model.Template> org.sphic.management.controller.TemplateController.Get(int)
2017-05-24 16:32:43.874  INFO 34198 --- [main] o.s.w.s.handler.SimpleUrlHandlerMapping  : Mapped URL path [/**] onto handler of type [class org.springframework.web.servlet.resource.DefaultServletHttpRequestHandler]
2017-05-24 16:32:43.958  INFO 34198 --- [main] s.w.s.m.m.a.RequestMappingHandlerAdapter : Looking for @ControllerAdvice: org.springframework.boot.context.embedded.AnnotationConfigEmbeddedWebApplicationContext@3ec21ca5: startup date [Wed May 24 16:32:32 CST 2017]; root of context hierarchy
2017-05-24 16:32:45.049  INFO 34198 --- [main] o.s.j.e.a.AnnotationMBeanExporter        : Registering beans for JMX exposure on startup
2017-05-24 16:32:45.057  INFO 34198 --- [main] o.s.c.support.DefaultLifecycleProcessor  : Starting beans in phase 2147483647
2017-05-24 16:32:45.098 ERROR 34198 --- [main] o.a.coyote.http11.Http11NioProtocol      : Failed to start end point associated with ProtocolHandler ["http-nio-8082"]

java.net.BindException: Address already in use
	at sun.nio.ch.Net.bind0(Native Method)
	at sun.nio.ch.Net.bind(Net.java:433)
	at sun.nio.ch.Net.bind(Net.java:425)
	at sun.nio.ch.ServerSocketChannelImpl.bind(ServerSocketChannelImpl.java:223)
	at sun.nio.ch.ServerSocketAdaptor.bind(ServerSocketAdaptor.java:74)
	at org.apache.tomcat.util.net.NioEndpoint.bind(NioEndpoint.java:340)
	at org.apache.tomcat.util.net.AbstractEndpoint.start(AbstractEndpoint.java:765)
	at org.apache.coyote.AbstractProtocol.start(AbstractProtocol.java:472)
	at org.apache.catalina.connector.Connector.startInternal(Connector.java:986)
	at org.apache.catalina.util.LifecycleBase.start(LifecycleBase.java:150)
	at org.apache.catalina.core.StandardService.addConnector(StandardService.java:237)
	at org.springframework.boot.context.embedded.tomcat.TomcatEmbeddedServletContainer.addPreviouslyRemovedConnectors(TomcatEmbeddedServletContainer.java:186)
	at org.springframework.boot.context.embedded.tomcat.TomcatEmbeddedServletContainer.start(TomcatEmbeddedServletContainer.java:149)
	at org.springframework.boot.context.embedded.EmbeddedWebApplicationContext.startEmbeddedServletContainer(EmbeddedWebApplicationContext.java:288)
	at org.springframework.boot.context.embedded.EmbeddedWebApplicationContext.finishRefresh(EmbeddedWebApplicationContext.java:140)
	at org.springframework.context.support.AbstractApplicationContext.refresh(AbstractApplicationContext.java:540)
	at org.springframework.boot.context.embedded.EmbeddedWebApplicationContext.refresh(EmbeddedWebApplicationContext.java:117)
	at org.springframework.boot.SpringApplication.refresh(SpringApplication.java:689)
	at org.springframework.boot.SpringApplication.run(SpringApplication.java:321)
	at org.springframework.boot.SpringApplication.run(SpringApplication.java:969)
	at org.springframework.boot.SpringApplication.run(SpringApplication.java:958)
	at org.sphic.management.Application.main(Application.java:18)
	at sun.reflect.NativeMethodAccessorImpl.invoke0(Native Method)
	at sun.reflect.NativeMethodAccessorImpl.invoke(NativeMethodAccessorImpl.java:62)
	at sun.reflect.DelegatingMethodAccessorImpl.invoke(DelegatingMethodAccessorImpl.java:43)
	at java.lang.reflect.Method.invoke(Method.java:498)
	at org.springframework.boot.loader.MainMethodRunner.run(MainMethodRunner.java:53)
	at java.lang.Thread.run(Thread.java:745)

2017-05-24 16:32:45.099 ERROR 34198 --- [main] o.apache.catalina.core.StandardService   : Failed to start connector [Connector[HTTP/1.1-8082]]

org.apache.catalina.LifecycleException: Failed to start component [Connector[HTTP/1.1-8082]]
	at org.apache.catalina.util.LifecycleBase.start(LifecycleBase.java:154)
	at org.apache.catalina.core.StandardService.addConnector(StandardService.java:237)
	at org.springframework.boot.context.embedded.tomcat.TomcatEmbeddedServletContainer.addPreviouslyRemovedConnectors(TomcatEmbeddedServletContainer.java:186)
	at org.springframework.boot.context.embedded.tomcat.TomcatEmbeddedServletContainer.start(TomcatEmbeddedServletContainer.java:149)
	at org.springframework.boot.context.embedded.EmbeddedWebApplicationContext.startEmbeddedServletContainer(EmbeddedWebApplicationContext.java:288)
	at org.springframework.boot.context.embedded.EmbeddedWebApplicationContext.finishRefresh(EmbeddedWebApplicationContext.java:140)
	at org.springframework.context.support.AbstractApplicationContext.refresh(AbstractApplicationContext.java:540)
	at org.springframework.boot.context.embedded.EmbeddedWebApplicationContext.refresh(EmbeddedWebApplicationContext.java:117)
	at org.springframework.boot.SpringApplication.refresh(SpringApplication.java:689)
	at org.springframework.boot.SpringApplication.run(SpringApplication.java:321)
	at org.springframework.boot.SpringApplication.run(SpringApplication.java:969)
	at org.springframework.boot.SpringApplication.run(SpringApplication.java:958)
	at org.sphic.management.Application.main(Application.java:18)
	at sun.reflect.NativeMethodAccessorImpl.invoke0(Native Method)
	at sun.reflect.NativeMethodAccessorImpl.invoke(NativeMethodAccessorImpl.java:62)
	at sun.reflect.DelegatingMethodAccessorImpl.invoke(DelegatingMethodAccessorImpl.java:43)
	at java.lang.reflect.Method.invoke(Method.java:498)
	at org.springframework.boot.loader.MainMethodRunner.run(MainMethodRunner.java:53)
	at java.lang.Thread.run(Thread.java:745)
Caused by: org.apache.catalina.LifecycleException: service.getName(): "Tomcat";  Protocol handler start failed
	at org.apache.catalina.connector.Connector.startInternal(Connector.java:993)
	at org.apache.catalina.util.LifecycleBase.start(LifecycleBase.java:150)
	... 18 common frames omitted
Caused by: java.net.BindException: Address already in use
	at sun.nio.ch.Net.bind0(Native Method)
	at sun.nio.ch.Net.bind(Net.java:433)
	at sun.nio.ch.Net.bind(Net.java:425)
	at sun.nio.ch.ServerSocketChannelImpl.bind(ServerSocketChannelImpl.java:223)
	at sun.nio.ch.ServerSocketAdaptor.bind(ServerSocketAdaptor.java:74)
	at org.apache.tomcat.util.net.NioEndpoint.bind(NioEndpoint.java:340)
	at org.apache.tomcat.util.net.AbstractEndpoint.start(AbstractEndpoint.java:765)
	at org.apache.coyote.AbstractProtocol.start(AbstractProtocol.java:472)
	at org.apache.catalina.connector.Connector.startInternal(Connector.java:986)
	... 19 common frames omitted

2017-05-24 16:32:45.120  INFO 34198 --- [main] o.apache.catalina.core.StandardService   : Stopping service Tomcat
2017-05-24 16:32:45.138  INFO 34198 --- [main] .b.l.ClasspathLoggingApplicationListener : Application failed to start with classpath: [file:/home/zlin/src/management/build/libs/management.war, jar:file:/home/zlin/src/management/build/libs/management.war!/WEB-INF/classes!/, jar:file:/home/zlin/src/management/build/libs/management.war!/WEB-INF/lib/base-1.0-SNAPSHOT.jar!/, jar:file:/home/zlin/src/management/build/libs/management.war!/WEB-INF/lib/spring-boot-starter-web-1.2.7.RELEASE.jar!/, jar:file:/home/zlin/src/management/build/libs/management.war!/WEB-INF/lib/spring-boot-starter-security-1.2.7.RELEASE.jar!/, jar:file:/home/zlin/src/management/build/libs/management.war!/WEB-INF/lib/spring-boot-starter-data-jpa-1.2.7.RELEASE.jar!/, jar:file:/home/zlin/src/management/build/libs/management.war!/WEB-INF/lib/spring-context-support-4.1.0.RELEASE.jar!/, jar:file:/home/zlin/src/management/build/libs/management.war!/WEB-INF/lib/spring-orm-4.2.2.RELEASE.jar!/, jar:file:/home/zlin/src/management/build/libs/management.war!/WEB-INF/lib/spring-security-config-4.0.3.RELEASE.jar!/, jar:file:/home/zlin/src/management/build/libs/management.war!/WEB-INF/lib/spring-security-web-4.0.3.RELEASE.jar!/, jar:file:/home/zlin/src/management/build/libs/management.war!/WEB-INF/lib/aspectjrt-1.8.9.jar!/, jar:file:/home/zlin/src/management/build/libs/management.war!/WEB-INF/lib/aspectjweaver-1.8.9.jar!/, jar:file:/home/zlin/src/management/build/libs/management.war!/WEB-INF/lib/tomcat-embed-jasper-8.0.28.jar!/, jar:file:/home/zlin/src/management/build/libs/management.war!/WEB-INF/lib/spring-rabbit-1.5.1.RELEASE.jar!/, jar:file:/home/zlin/src/management/build/libs/management.war!/WEB-INF/lib/mysql-connector-java-5.1.31.jar!/, jar:file:/home/zlin/src/management/build/libs/management.war!/WEB-INF/lib/json-lib-2.4-jdk15.jar!/, jar:file:/home/zlin/src/management/build/libs/management.war!/WEB-INF/lib/dom4j-1.6.1.jar!/, jar:file:/home/zlin/src/management/build/libs/management.war!/WEB-INF/lib/logback-classic-1.1.3.jar!/, jar:file:/home/zlin/src/management/build/libs/management.war!/WEB-INF/lib/jstl-1.2.jar!/, jar:file:/home/zlin/src/management/build/libs/management.war!/WEB-INF/lib/jackson-jsog-1.1.jar!/, jar:file:/home/zlin/src/management/build/libs/management.war!/WEB-INF/lib/jackson-datatype-hibernate4-2.5.3.jar!/, jar:file:/home/zlin/src/management/build/libs/management.war!/WEB-INF/lib/security-0.2.64.jar!/, jar:file:/home/zlin/src/management/build/libs/management.war!/WEB-INF/lib/notification-0.1.79.jar!/, jar:file:/home/zlin/src/management/build/libs/management.war!/WEB-INF/lib/spring-boot-starter-1.2.7.RELEASE.jar!/, jar:file:/home/zlin/src/management/build/libs/management.war!/WEB-INF/lib/hibernate-validator-5.1.3.Final.jar!/, jar:file:/home/zlin/src/management/build/libs/management.war!/WEB-INF/lib/spring-boot-starter-aop-1.2.7.RELEASE.jar!/, jar:file:/home/zlin/src/management/build/libs/management.war!/WEB-INF/lib/spring-boot-starter-jdbc-1.2.7.RELEASE.jar!/, jar:file:/home/zlin/src/management/build/libs/management.war!/WEB-INF/lib/hibernate-entitymanager-4.3.11.Final.jar!/, jar:file:/home/zlin/src/management/build/libs/management.war!/WEB-INF/lib/javax.transaction-api-1.2.jar!/, jar:file:/home/zlin/src/management/build/libs/management.war!/WEB-INF/lib/spring-data-jpa-1.7.4.RELEASE.jar!/, jar:file:/home/zlin/src/management/build/libs/management.war!/WEB-INF/lib/spring-aspects-4.1.8.RELEASE.jar!/, jar:file:/home/zlin/src/management/build/libs/management.war!/WEB-INF/lib/ecj-4.4.2.jar!/, jar:file:/home/zlin/src/management/build/libs/management.war!/WEB-INF/lib/amqp-client-3.5.5.jar!/, jar:file:/home/zlin/src/management/build/libs/management.war!/WEB-INF/lib/spring-retry-1.1.2.RELEASE.jar!/, jar:file:/home/zlin/src/management/build/libs/management.war!/WEB-INF/lib/spring-amqp-1.5.1.RELEASE.jar!/, jar:file:/home/zlin/src/management/build/libs/management.war!/WEB-INF/lib/spring-messaging-4.2.1.RELEASE.jar!/, jar:file:/home/zlin/src/management/build/libs/management.war!/WEB-INF/lib/http-client-1.0.0.RELEASE.jar!/, jar:file:/home/zlin/src/management/build/libs/management.war!/WEB-INF/lib/jboss-logging-3.1.3.GA.jar!/, jar:file:/home/zlin/src/management/build/libs/management.war!/WEB-INF/lib/jboss-logging-annotations-1.2.0.Beta1.jar!/, jar:file:/home/zlin/src/management/build/libs/management.war!/WEB-INF/lib/jboss-transaction-api_1.2_spec-1.0.0.Final.jar!/, jar:file:/home/zlin/src/management/build/libs/management.war!/WEB-INF/lib/hibernate-commons-annotations-4.0.5.Final.jar!/, jar:file:/home/zlin/src/management/build/libs/management.war!/WEB-INF/lib/hibernate-jpa-2.1-api-1.0.0.Final.jar!/, jar:file:/home/zlin/src/management/build/libs/management.war!/WEB-INF/lib/javassist-3.18.1-GA.jar!/, jar:file:/home/zlin/src/management/build/libs/management.war!/WEB-INF/lib/antlr-2.7.7.jar!/, jar:file:/home/zlin/src/management/build/libs/management.war!/WEB-INF/lib/jandex-1.1.0.Final.jar!/, jar:file:/home/zlin/src/management/build/libs/management.war!/WEB-INF/lib/commons-beanutils-1.8.0.jar!/, jar:file:/home/zlin/src/management/build/libs/management.war!/WEB-INF/lib/commons-collections-3.2.1.jar!/, jar:file:/home/zlin/src/management/build/libs/management.war!/WEB-INF/lib/commons-lang-2.5.jar!/, jar:file:/home/zlin/src/management/build/libs/management.war!/WEB-INF/lib/ezmorph-1.0.6.jar!/, jar:file:/home/zlin/src/management/build/libs/management.war!/WEB-INF/lib/xml-apis-1.0.b2.jar!/, jar:file:/home/zlin/src/management/build/libs/management.war!/WEB-INF/lib/logback-core-1.1.3.jar!/, jar:file:/home/zlin/src/management/build/libs/management.war!/WEB-INF/lib/spring-security-taglibs-4.0.3.RELEASE.jar!/, jar:file:/home/zlin/src/management/build/libs/management.war!/WEB-INF/lib/hibernate-c3p0-4.3.10.Final.jar!/, jar:file:/home/zlin/src/management/build/libs/management.war!/WEB-INF/lib/esbservice-0.1.16.jar!/, jar:file:/home/zlin/src/management/build/libs/management.war!/WEB-INF/lib/httpclient-4.5.2.jar!/, jar:file:/home/zlin/src/management/build/libs/management.war!/WEB-INF/lib/spring-boot-1.2.7.RELEASE.jar!/, jar:file:/home/zlin/src/management/build/libs/management.war!/WEB-INF/lib/spring-boot-autoconfigure-1.2.7.RELEASE.jar!/, jar:file:/home/zlin/src/management/build/libs/management.war!/WEB-INF/lib/spring-boot-starter-logging-1.2.7.RELEASE.jar!/, jar:file:/home/zlin/src/management/build/libs/management.war!/WEB-INF/lib/snakeyaml-1.14.jar!/, jar:file:/home/zlin/src/management/build/libs/management.war!/WEB-INF/lib/validation-api-1.1.0.Final.jar!/, jar:file:/home/zlin/src/management/build/libs/management.war!/WEB-INF/lib/classmate-1.0.0.jar!/, jar:file:/home/zlin/src/management/build/libs/management.war!/WEB-INF/lib/tomcat-jdbc-8.0.28.jar!/, jar:file:/home/zlin/src/management/build/libs/management.war!/WEB-INF/lib/spring-data-commons-1.9.4.RELEASE.jar!/, jar:file:/home/zlin/src/management/build/libs/management.war!/WEB-INF/lib/jcl-over-slf4j-1.7.12.jar!/, jar:file:/home/zlin/src/management/build/libs/management.war!/WEB-INF/lib/spring-security-acl-4.0.3.RELEASE.jar!/, jar:file:/home/zlin/src/management/build/libs/management.war!/WEB-INF/lib/spring-security-core-4.0.3.RELEASE.jar!/, jar:file:/home/zlin/src/management/build/libs/management.war!/WEB-INF/lib/c3p0-0.9.2.1.jar!/, jar:file:/home/zlin/src/management/build/libs/management.war!/WEB-INF/lib/jul-to-slf4j-1.7.12.jar!/, jar:file:/home/zlin/src/management/build/libs/management.war!/WEB-INF/lib/log4j-over-slf4j-1.7.12.jar!/, jar:file:/home/zlin/src/management/build/libs/management.war!/WEB-INF/lib/tomcat-juli-8.0.28.jar!/, jar:file:/home/zlin/src/management/build/libs/management.war!/WEB-INF/lib/aopalliance-1.0.jar!/, jar:file:/home/zlin/src/management/build/libs/management.war!/WEB-INF/lib/mchange-commons-java-0.2.3.4.jar!/, jar:file:/home/zlin/src/management/build/libs/management.war!/WEB-INF/lib/spring-webmvc-4.1.8.RELEASE.jar!/, jar:file:/home/zlin/src/management/build/libs/management.war!/WEB-INF/lib/spring-context-4.2.2.RELEASE.jar!/, jar:file:/home/zlin/src/management/build/libs/management.war!/WEB-INF/lib/spring-aop-4.2.2.RELEASE.jar!/, jar:file:/home/zlin/src/management/build/libs/management.war!/WEB-INF/lib/spring-beans-4.2.2.RELEASE.jar!/, jar:file:/home/zlin/src/management/build/libs/management.war!/WEB-INF/lib/spring-core-4.2.2.RELEASE.jar!/, jar:file:/home/zlin/src/management/build/libs/management.war!/WEB-INF/lib/spring-tx-4.2.2.RELEASE.jar!/, jar:file:/home/zlin/src/management/build/libs/management.war!/WEB-INF/lib/spring-web-4.2.2.RELEASE.jar!/, jar:file:/home/zlin/src/management/build/libs/management.war!/WEB-INF/lib/jackson-databind-2.5.3.jar!/, jar:file:/home/zlin/src/management/build/libs/management.war!/WEB-INF/lib/jackson-annotations-2.5.0.jar!/, jar:file:/home/zlin/src/management/build/libs/management.war!/WEB-INF/lib/jackson-core-2.5.3.jar!/, jar:file:/home/zlin/src/management/build/libs/management.war!/WEB-INF/lib/spring-jdbc-4.2.2.RELEASE.jar!/, jar:file:/home/zlin/src/management/build/libs/management.war!/WEB-INF/lib/hibernate-core-4.3.11.Final.jar!/, jar:file:/home/zlin/src/management/build/libs/management.war!/WEB-INF/lib/slf4j-api-1.7.12.jar!/, jar:file:/home/zlin/src/management/build/libs/management.war!/WEB-INF/lib/httpcore-4.4.4.jar!/, jar:file:/home/zlin/src/management/build/libs/management.war!/WEB-INF/lib/commons-codec-1.9.jar!/, jar:file:/home/zlin/src/management/build/libs/management.war!/WEB-INF/lib/spring-expression-4.2.2.RELEASE.jar!/, jar:file:/home/zlin/src/management/build/libs/management.war!/WEB-INF/lib/commons-logging-1.2.jar!/, jar:file:/home/zlin/src/management/build/libs/management.war!/WEB-INF/lib-provided/spring-boot-starter-tomcat-1.2.7.RELEASE.jar!/, jar:file:/home/zlin/src/management/build/libs/management.war!/WEB-INF/lib-provided/tomcat-embed-core-8.0.28.jar!/, jar:file:/home/zlin/src/management/build/libs/management.war!/WEB-INF/lib-provided/tomcat-embed-el-8.0.28.jar!/, jar:file:/home/zlin/src/management/build/libs/management.war!/WEB-INF/lib-provided/tomcat-embed-logging-juli-8.0.28.jar!/, jar:file:/home/zlin/src/management/build/libs/management.war!/WEB-INF/lib-provided/tomcat-embed-websocket-8.0.28.jar!/]
2017-05-24 16:32:45.138  INFO 34198 --- [main] utoConfigurationReportLoggingInitializer : 

Error starting ApplicationContext. To display the auto-configuration report enable debug logging (start with --debug)


2017-05-24 16:32:45.139 ERROR 34198 --- [main] o.s.boot.SpringApplication               : Application startup failed

java.lang.IllegalStateException: Tomcat connector in failed state
	at org.springframework.boot.context.embedded.tomcat.TomcatEmbeddedServletContainer.start(TomcatEmbeddedServletContainer.java:157)
	at org.springframework.boot.context.embedded.EmbeddedWebApplicationContext.startEmbeddedServletContainer(EmbeddedWebApplicationContext.java:288)
	at org.springframework.boot.context.embedded.EmbeddedWebApplicationContext.finishRefresh(EmbeddedWebApplicationContext.java:140)
	at org.springframework.context.support.AbstractApplicationContext.refresh(AbstractApplicationContext.java:540)
	at org.springframework.boot.context.embedded.EmbeddedWebApplicationContext.refresh(EmbeddedWebApplicationContext.java:117)
	at org.springframework.boot.SpringApplication.refresh(SpringApplication.java:689)
	at org.springframework.boot.SpringApplication.run(SpringApplication.java:321)
	at org.springframework.boot.SpringApplication.run(SpringApplication.java:969)
	at org.springframework.boot.SpringApplication.run(SpringApplication.java:958)
	at org.sphic.management.Application.main(Application.java:18)
	at sun.reflect.NativeMethodAccessorImpl.invoke0(Native Method)
	at sun.reflect.NativeMethodAccessorImpl.invoke(NativeMethodAccessorImpl.java:62)
	at sun.reflect.DelegatingMethodAccessorImpl.invoke(DelegatingMethodAccessorImpl.java:43)
	at java.lang.reflect.Method.invoke(Method.java:498)
	at org.springframework.boot.loader.MainMethodRunner.run(MainMethodRunner.java:53)
	at java.lang.Thread.run(Thread.java:745)

2017-05-24 16:32:45.139  INFO 34198 --- [main] ationConfigEmbeddedWebApplicationContext : Closing org.springframework.boot.context.embedded.AnnotationConfigEmbeddedWebApplicationContext@3ec21ca5: startup date [Wed May 24 16:32:32 CST 2017]; root of context hierarchy
2017-05-24 16:32:45.141  INFO 34198 --- [main] o.s.c.support.DefaultLifecycleProcessor  : Stopping beans in phase 2147483647
2017-05-24 16:32:45.143  INFO 34198 --- [main] o.s.j.e.a.AnnotationMBeanExporter        : Unregistering JMX-exposed beans on shutdown
2017-05-24 16:32:45.149  INFO 34198 --- [main] j.LocalContainerEntityManagerFactoryBean : Closing JPA EntityManagerFactory for persistence unit 'default'
2017-05-24 16:33:05.287  INFO 34317 --- [main] org.sphic.management.Application         : Starting Application on ubuntu with PID 34317 (started by zlin in /home/zlin/src/monitor/client)
2017-05-24 16:33:05.348  INFO 34317 --- [main] ationConfigEmbeddedWebApplicationContext : Refreshing org.springframework.boot.context.embedded.AnnotationConfigEmbeddedWebApplicationContext@26b12e1: startup date [Wed May 24 16:33:05 CST 2017]; root of context hierarchy
2017-05-24 16:33:06.027  WARN 34317 --- [main] .i.s.PathMatchingResourcePatternResolver : Skipping [/home/zlin/src/management/build/libs/management.war] because it does not denote a directory
2017-05-24 16:33:07.267  INFO 34317 --- [main] trationDelegate$BeanPostProcessorChecker : Bean 'org.springframework.amqp.rabbit.annotation.RabbitBootstrapConfiguration' of type [class org.springframework.amqp.rabbit.annotation.RabbitBootstrapConfiguration$$EnhancerBySpringCGLIB$$f3c17401] is not eligible for getting processed by all BeanPostProcessors (for example: not eligible for auto-proxying)
2017-05-24 16:33:07.378  INFO 34317 --- [main] trationDelegate$BeanPostProcessorChecker : Bean 'org.springframework.transaction.annotation.ProxyTransactionManagementConfiguration' of type [class org.springframework.transaction.annotation.ProxyTransactionManagementConfiguration$$EnhancerBySpringCGLIB$$ea59e393] is not eligible for getting processed by all BeanPostProcessors (for example: not eligible for auto-proxying)
2017-05-24 16:33:07.561  INFO 34317 --- [main] trationDelegate$BeanPostProcessorChecker : Bean 'org.springframework.security.config.annotation.configuration.ObjectPostProcessorConfiguration' of type [class org.springframework.security.config.annotation.configuration.ObjectPostProcessorConfiguration$$EnhancerBySpringCGLIB$$137b2c8d] is not eligible for getting processed by all BeanPostProcessors (for example: not eligible for auto-proxying)
2017-05-24 16:33:07.573  INFO 34317 --- [main] trationDelegate$BeanPostProcessorChecker : Bean 'objectPostProcessor' of type [class org.springframework.security.config.annotation.configuration.AutowireBeanFactoryObjectPostProcessor] is not eligible for getting processed by all BeanPostProcessors (for example: not eligible for auto-proxying)
2017-05-24 16:33:07.576  INFO 34317 --- [main] trationDelegate$BeanPostProcessorChecker : Bean 'org.springframework.security.access.expression.method.DefaultMethodSecurityExpressionHandler@62d7264b' of type [class org.springframework.security.access.expression.method.DefaultMethodSecurityExpressionHandler] is not eligible for getting processed by all BeanPostProcessors (for example: not eligible for auto-proxying)
2017-05-24 16:33:07.590  INFO 34317 --- [main] trationDelegate$BeanPostProcessorChecker : Bean 'sphicPermissionEvaluator' of type [class org.sphic.security.service.SphicPermissionEvaluator] is not eligible for getting processed by all BeanPostProcessors (for example: not eligible for auto-proxying)
2017-05-24 16:33:07.599  INFO 34317 --- [main] trationDelegate$BeanPostProcessorChecker : Bean 'webConfig' of type [class org.sphic.management.config.WebConfig$$EnhancerBySpringCGLIB$$3b9dab9a] is not eligible for getting processed by all BeanPostProcessors (for example: not eligible for auto-proxying)
2017-05-24 16:33:07.610  INFO 34317 --- [main] trationDelegate$BeanPostProcessorChecker : Bean 'managementPermissionEvaluator' of type [class org.sphic.security.service.SphicPermissionEvaluator] is not eligible for getting processed by all BeanPostProcessors (for example: not eligible for auto-proxying)
2017-05-24 16:33:07.615  INFO 34317 --- [main] trationDelegate$BeanPostProcessorChecker : Bean 'org.springframework.security.config.annotation.method.configuration.GlobalMethodSecurityConfiguration' of type [class org.springframework.security.config.annotation.method.configuration.GlobalMethodSecurityConfiguration$$EnhancerBySpringCGLIB$$c65960ff] is not eligible for getting processed by all BeanPostProcessors (for example: not eligible for auto-proxying)
2017-05-24 16:33:07.630  INFO 34317 --- [main] trationDelegate$BeanPostProcessorChecker : Bean 'methodSecurityMetadataSource' of type [class org.springframework.security.access.method.DelegatingMethodSecurityMetadataSource] is not eligible for getting processed by all BeanPostProcessors (for example: not eligible for auto-proxying)
2017-05-24 16:33:08.142  INFO 34317 --- [main] s.b.c.e.t.TomcatEmbeddedServletContainer : Tomcat initialized with port(s): 8082 (http)
2017-05-24 16:33:08.308  INFO 34317 --- [main] o.apache.catalina.core.StandardService   : Starting service Tomcat
2017-05-24 16:33:08.309  INFO 34317 --- [main] org.apache.catalina.core.StandardEngine  : Starting Servlet Engine: Apache Tomcat/8.0.28
2017-05-24 16:33:10.291  INFO 34317 --- [localhost-startStop-1] org.apache.jasper.servlet.TldScanner     : At least one JAR was scanned for TLDs yet contained no TLDs. Enable debug logging for this logger for a complete list of JARs that were scanned but no TLDs were found in them. Skipping unneeded JARs during scanning can improve startup time and JSP compilation time.
2017-05-24 16:33:10.643  INFO 34317 --- [localhost-startStop-1] o.a.c.c.C.[Tomcat].[localhost].[/]       : Initializing Spring embedded WebApplicationContext
2017-05-24 16:33:10.644  INFO 34317 --- [localhost-startStop-1] o.s.web.context.ContextLoader            : Root WebApplicationContext: initialization completed in 5298 ms
2017-05-24 16:33:11.202  INFO 34317 --- [localhost-startStop-1] j.LocalContainerEntityManagerFactoryBean : Building JPA container EntityManagerFactory for persistence unit 'default'
2017-05-24 16:33:11.213  INFO 34317 --- [localhost-startStop-1] o.hibernate.jpa.internal.util.LogHelper  : HHH000204: Processing PersistenceUnitInfo [
	name: default
	...]
2017-05-24 16:33:11.307  INFO 34317 --- [localhost-startStop-1] org.hibernate.Version                    : HHH000412: Hibernate Core {4.3.11.Final}
2017-05-24 16:33:11.312  INFO 34317 --- [localhost-startStop-1] org.hibernate.cfg.Environment            : HHH000206: hibernate.properties not found
2017-05-24 16:33:11.313  INFO 34317 --- [localhost-startStop-1] org.hibernate.cfg.Environment            : HHH000021: Bytecode provider name : javassist
2017-05-24 16:33:11.648  INFO 34317 --- [localhost-startStop-1] o.hibernate.annotations.common.Version   : HCANN000001: Hibernate Commons Annotations {4.0.5.Final}
2017-05-24 16:33:12.428  INFO 34317 --- [localhost-startStop-1] org.hibernate.dialect.Dialect            : HHH000400: Using dialect: org.hibernate.dialect.MySQL5Dialect
2017-05-24 16:33:12.919  WARN 34317 --- [localhost-startStop-1] org.hibernate.mapping.RootClass          : HHH000038: Composite-id class does not override equals(): org.sphic.management.model.RotationList
2017-05-24 16:33:12.920  WARN 34317 --- [localhost-startStop-1] org.hibernate.mapping.RootClass          : HHH000039: Composite-id class does not override hashCode(): org.sphic.management.model.RotationList
2017-05-24 16:33:12.924  WARN 34317 --- [localhost-startStop-1] org.hibernate.mapping.RootClass          : HHH000038: Composite-id class does not override equals(): org.sphic.management.model.TaskTypeRelationship
2017-05-24 16:33:12.924  WARN 34317 --- [localhost-startStop-1] org.hibernate.mapping.RootClass          : HHH000039: Composite-id class does not override hashCode(): org.sphic.management.model.TaskTypeRelationship
2017-05-24 16:33:12.924  WARN 34317 --- [localhost-startStop-1] org.hibernate.mapping.RootClass          : HHH000038: Composite-id class does not override equals(): org.sphic.management.model.PatientPhysicians
2017-05-24 16:33:12.925  WARN 34317 --- [localhost-startStop-1] org.hibernate.mapping.RootClass          : HHH000039: Composite-id class does not override hashCode(): org.sphic.management.model.PatientPhysicians
2017-05-24 16:33:12.925  WARN 34317 --- [localhost-startStop-1] org.hibernate.mapping.RootClass          : HHH000038: Composite-id class does not override equals(): org.sphic.management.model.CtSimOrder
2017-05-24 16:33:12.925  WARN 34317 --- [localhost-startStop-1] org.hibernate.mapping.RootClass          : HHH000039: Composite-id class does not override hashCode(): org.sphic.management.model.CtSimOrder
2017-05-24 16:33:12.926  WARN 34317 --- [localhost-startStop-1] org.hibernate.mapping.RootClass          : HHH000038: Composite-id class does not override equals(): org.sphic.management.model.PatientPhysicalData
2017-05-24 16:33:12.926  WARN 34317 --- [localhost-startStop-1] org.hibernate.mapping.RootClass          : HHH000039: Composite-id class does not override hashCode(): org.sphic.management.model.PatientPhysicalData
2017-05-24 16:33:12.927  WARN 34317 --- [localhost-startStop-1] org.hibernate.mapping.RootClass          : HHH000038: Composite-id class does not override equals(): org.sphic.management.model.PatientInternalHospitalInfo
2017-05-24 16:33:12.927  WARN 34317 --- [localhost-startStop-1] org.hibernate.mapping.RootClass          : HHH000039: Composite-id class does not override hashCode(): org.sphic.management.model.PatientInternalHospitalInfo
2017-05-24 16:33:12.950  INFO 34317 --- [localhost-startStop-1] o.h.h.i.ast.ASTQueryTranslatorFactory    : HHH000397: Using ASTQueryTranslatorFactory
2017-05-24 16:33:13.896  INFO 34317 --- [localhost-startStop-1] o.s.s.web.DefaultSecurityFilterChain     : Creating filter chain: Ant [pattern='/codebase/**'], []
2017-05-24 16:33:13.896  INFO 34317 --- [localhost-startStop-1] o.s.s.web.DefaultSecurityFilterChain     : Creating filter chain: Ant [pattern='/css/**'], []
2017-05-24 16:33:13.896  INFO 34317 --- [localhost-startStop-1] o.s.s.web.DefaultSecurityFilterChain     : Creating filter chain: Ant [pattern='/gantt/**'], []
2017-05-24 16:33:13.897  INFO 34317 --- [localhost-startStop-1] o.s.s.web.DefaultSecurityFilterChain     : Creating filter chain: Ant [pattern='/imgs/**'], []
2017-05-24 16:33:13.897  INFO 34317 --- [localhost-startStop-1] o.s.s.web.DefaultSecurityFilterChain     : Creating filter chain: Ant [pattern='/jquery/**'], []
2017-05-24 16:33:13.897  INFO 34317 --- [localhost-startStop-1] o.s.s.web.DefaultSecurityFilterChain     : Creating filter chain: Ant [pattern='/js/**'], []
2017-05-24 16:33:13.897  INFO 34317 --- [localhost-startStop-1] o.s.s.web.DefaultSecurityFilterChain     : Creating filter chain: Ant [pattern='/lib/**'], []
2017-05-24 16:33:13.897  INFO 34317 --- [localhost-startStop-1] o.s.s.web.DefaultSecurityFilterChain     : Creating filter chain: Ant [pattern='/scheduler/**'], []
2017-05-24 16:33:13.897  INFO 34317 --- [localhost-startStop-1] o.s.s.web.DefaultSecurityFilterChain     : Creating filter chain: Ant [pattern='/widgets/**'], []
2017-05-24 16:33:13.897  INFO 34317 --- [localhost-startStop-1] o.s.s.web.DefaultSecurityFilterChain     : Creating filter chain: Ant [pattern='/build.txt'], []
2017-05-24 16:33:14.003  INFO 34317 --- [localhost-startStop-1] o.s.s.web.DefaultSecurityFilterChain     : Creating filter chain: org.springframework.security.web.util.matcher.AnyRequestMatcher@1, [org.springframework.security.web.context.request.async.WebAsyncManagerIntegrationFilter@53863f8d, org.springframework.security.web.context.SecurityContextPersistenceFilter@7ba0f607, org.springframework.security.web.header.HeaderWriterFilter@2f1926c9, org.springframework.security.web.authentication.logout.LogoutFilter@1d06a13a, org.springframework.security.web.authentication.UsernamePasswordAuthenticationFilter@5fad17f9, org.springframework.security.web.authentication.www.BasicAuthenticationFilter@6740e340, org.springframework.security.web.savedrequest.RequestCacheAwareFilter@575dfbad, org.springframework.security.web.servletapi.SecurityContextHolderAwareRequestFilter@772130e1, org.springframework.security.web.authentication.rememberme.RememberMeAuthenticationFilter@4bdde7d, org.springframework.security.web.authentication.AnonymousAuthenticationFilter@2073c042, org.springframework.security.web.session.SessionManagementFilter@15355119, org.springframework.security.web.access.ExceptionTranslationFilter@78ffc49e, org.springframework.security.web.access.intercept.FilterSecurityInterceptor@2efdb328]
2017-05-24 16:33:14.041  INFO 34317 --- [localhost-startStop-1] o.s.b.c.e.ServletRegistrationBean        : Mapping servlet: 'dispatcherServlet' to [/]
2017-05-24 16:33:14.047  INFO 34317 --- [localhost-startStop-1] o.s.b.c.embedded.FilterRegistrationBean  : Mapping filter: 'characterEncodingFilter' to: [/*]
2017-05-24 16:33:14.047  INFO 34317 --- [localhost-startStop-1] o.s.b.c.embedded.FilterRegistrationBean  : Mapping filter: 'springSecurityFilterChain' to: [/*]
2017-05-24 16:33:15.180  INFO 34317 --- [main] s.w.s.m.m.a.RequestMappingHandlerMapping : Mapped "{[/rest/ctsimorder/{treatmentProcessId}],methods=[GET]}" onto public org.sphic.management.model.CtSimOrder org.sphic.management.controller.CTSimOrderController.getDepartment(int)
2017-05-24 16:33:15.180  INFO 34317 --- [main] s.w.s.m.m.a.RequestMappingHandlerMapping : Mapped "{[/rest/ctsimorder/update/{treatmentProcessId}],methods=[POST]}" onto public void org.sphic.management.controller.CTSimOrderController.editCtSimOrder(org.sphic.management.model.CtSimOrder,int)
2017-05-24 16:33:15.180  INFO 34317 --- [main] s.w.s.m.m.a.RequestMappingHandlerMapping : Mapped "{[/rest/ctsimorder/create/{treatmentProcessId}],methods=[PUT]}" onto public void org.sphic.management.controller.CTSimOrderController.createCtSimOrder(org.sphic.management.model.CtSimOrder,int)
2017-05-24 16:33:15.181  INFO 34317 --- [main] s.w.s.m.m.a.RequestMappingHandlerMapping : Mapped "{[/rest/radiationtype],methods=[GET]}" onto public java.util.List org.sphic.management.controller.RadiationTypeController.GetAllRadiationTypies()
2017-05-24 16:33:15.181  INFO 34317 --- [main] s.w.s.m.m.a.RequestMappingHandlerMapping : Mapped "{[/rest/radiationtype/options]}" onto public com.fasterxml.jackson.databind.node.ObjectNode org.sphic.management.controller.RadiationTypeController.getRadiationTypeOptions()
2017-05-24 16:33:15.182  INFO 34317 --- [main] s.w.s.m.m.a.RequestMappingHandlerMapping : Mapped "{[/rest/physician]}" onto public java.util.List org.sphic.management.controller.PhysicianController.AllPhysicians()
2017-05-24 16:33:15.182  INFO 34317 --- [main] s.w.s.m.m.a.RequestMappingHandlerMapping : Mapped "{[/rest/physician/options]}" onto public com.fasterxml.jackson.databind.node.ObjectNode org.sphic.management.controller.PhysicianController.getPhysiciansOptions()
2017-05-24 16:33:15.185  INFO 34317 --- [main] s.w.s.m.m.a.RequestMappingHandlerMapping : Mapped "{[/rest/patient/searchPatient],methods=[POST]}" onto public net.sf.json.JSONArray org.sphic.management.controller.PatientController.SearchHISPatient(java.util.HashMap)
2017-05-24 16:33:15.185  INFO 34317 --- [main] s.w.s.m.m.a.RequestMappingHandlerMapping : Mapped "{[/rest/patient/add],methods=[POST]}" onto public void org.sphic.management.controller.PatientController.Add(java.util.HashMap,javax.servlet.http.HttpServletResponse)
2017-05-24 16:33:15.186  INFO 34317 --- [main] s.w.s.m.m.a.RequestMappingHandlerMapping : Mapped "{[/rest/patient/searchbyquery],methods=[POST],produces=[application/json;charset=utf-8]}" onto public java.util.List org.sphic.management.controller.PatientController.SearchPatient(java.util.HashMap,javax.servlet.http.HttpServletResponse)
2017-05-24 16:33:15.186  INFO 34317 --- [main] s.w.s.m.m.a.RequestMappingHandlerMapping : Mapped "{[/rest/patient/{patientId}]}" onto public org.sphic.management.model.Patient org.sphic.management.controller.PatientController.Get(int)
2017-05-24 16:33:15.186  INFO 34317 --- [main] s.w.s.m.m.a.RequestMappingHandlerMapping : Mapped "{[/rest/patient]}" onto public java.util.List org.sphic.management.controller.PatientController.GetAll(boolean)
2017-05-24 16:33:15.186  INFO 34317 --- [main] s.w.s.m.m.a.RequestMappingHandlerMapping : Mapped "{[/rest/patient/treatments]}" onto public java.util.List org.sphic.management.controller.PatientController.GetAllTreatments()
2017-05-24 16:33:15.186  INFO 34317 --- [main] s.w.s.m.m.a.RequestMappingHandlerMapping : Mapped "{[/rest/patient/{patientId}/planner],methods=[POST]}" onto public void org.sphic.management.controller.PatientController.setPlanner(int,int)
2017-05-24 16:33:15.186  INFO 34317 --- [main] s.w.s.m.m.a.RequestMappingHandlerMapping : Mapped "{[/rest/patient/{patientId}/physician],methods=[POST]}" onto public void org.sphic.management.controller.PatientController.setPhysician(int,int)
2017-05-24 16:33:15.186  INFO 34317 --- [main] s.w.s.m.m.a.RequestMappingHandlerMapping : Mapped "{[/rest/patient/{patientId}],methods=[DELETE]}" onto public void org.sphic.management.controller.PatientController.delete(int)
2017-05-24 16:33:15.187  INFO 34317 --- [main] s.w.s.m.m.a.RequestMappingHandlerMapping : Mapped "{[/error]}" onto public java.lang.String org.sphic.management.controller.ErrorController.error(javax.servlet.http.HttpServletRequest,javax.servlet.http.HttpServletResponse)
2017-05-24 16:33:15.188  INFO 34317 --- [main] s.w.s.m.m.a.RequestMappingHandlerMapping : Mapped "{[/rest/event/date],methods=[GET]}" onto public java.util.List<org.sphic.management.model.Event> org.sphic.management.controller.EventController.getEventsByDate(java.util.Date,java.util.Date)
2017-05-24 16:33:15.188  INFO 34317 --- [main] s.w.s.m.m.a.RequestMappingHandlerMapping : Mapped "{[/rest/event/{eventId}/setcolors],methods=[POST]}" onto public void org.sphic.management.controller.EventController.setTaskColors(int,org.sphic.management.model.Event,javax.servlet.http.HttpServletResponse)
2017-05-24 16:33:15.188  INFO 34317 --- [main] s.w.s.m.m.a.RequestMappingHandlerMapping : Mapped "{[/rest/event/{eventId}],methods=[POST]}" onto public void org.sphic.management.controller.EventController.update(int,org.sphic.management.model.Schedule,javax.servlet.http.HttpServletResponse)
2017-05-24 16:33:15.189  INFO 34317 --- [main] s.w.s.m.m.a.RequestMappingHandlerMapping : Mapped "{[/rest/event/{id}],methods=[DELETE]}" onto public void org.sphic.management.controller.EventController.delete(int,org.sphic.management.model.Schedule)
2017-05-24 16:33:15.189  INFO 34317 --- [main] s.w.s.m.m.a.RequestMappingHandlerMapping : Mapped "{[/rest/event],methods=[PUT]}" onto public void org.sphic.management.controller.EventController.create(org.sphic.management.model.Schedule)
2017-05-24 16:33:15.190  INFO 34317 --- [main] s.w.s.m.m.a.RequestMappingHandlerMapping : Mapped "{[/rest/facility]}" onto public java.util.List org.sphic.management.controller.FacilityController.ListAllFacities()
2017-05-24 16:33:15.190  INFO 34317 --- [main] s.w.s.m.m.a.RequestMappingHandlerMapping : Mapped "{[/rest/facility/tasktype/{taskTypeId}]}" onto public java.util.Set<org.sphic.management.model.Facility> org.sphic.management.controller.FacilityController.ListAllFacitiesForTaskType(int)
2017-05-24 16:33:15.190  INFO 34317 --- [main] s.w.s.m.m.a.RequestMappingHandlerMapping : Mapped "{[/rest/facility/{facilityId}]}" onto public org.sphic.management.model.Facility org.sphic.management.controller.FacilityController.GetFacility(int)
2017-05-24 16:33:15.191  INFO 34317 --- [main] s.w.s.m.m.a.RequestMappingHandlerMapping : Mapped "{[/rest/radiationmodality],methods=[GET]}" onto public java.util.List org.sphic.management.controller.RadiationModalityController.GetAllRadiationModality()
2017-05-24 16:33:15.191  INFO 34317 --- [main] s.w.s.m.m.a.RequestMappingHandlerMapping : Mapped "{[/rest/radiationmodality/options]}" onto public com.fasterxml.jackson.databind.node.ObjectNode org.sphic.management.controller.RadiationModalityController.getRadiationModalityOptions()
2017-05-24 16:33:15.191  INFO 34317 --- [main] s.w.s.m.m.a.RequestMappingHandlerMapping : Mapped "{[/rest/tasktype/{taskTypeId}]}" onto public org.sphic.management.model.TaskType org.sphic.management.controller.TaskTypeController.getTaskType(int)
2017-05-24 16:33:15.191  INFO 34317 --- [main] s.w.s.m.m.a.RequestMappingHandlerMapping : Mapped "{[/rest/tasktype/{taskTypeId}/user]}" onto public java.util.Set<org.sphic.management.model.ManagementUser> org.sphic.management.controller.TaskTypeController.getUsers(int)
2017-05-24 16:33:15.191  INFO 34317 --- [main] s.w.s.m.m.a.RequestMappingHandlerMapping : Mapped "{[/rest/tasktype]}" onto public java.util.List org.sphic.management.controller.TaskTypeController.getAllTaskTypes()
2017-05-24 16:33:15.193  INFO 34317 --- [main] s.w.s.m.m.a.RequestMappingHandlerMapping : Mapped "{[/myhome || /],methods=[GET]}" onto public org.springframework.web.servlet.ModelAndView org.sphic.management.controller.MainController.showMyHomePage(javax.servlet.http.HttpServletRequest)
2017-05-24 16:33:15.194  INFO 34317 --- [main] s.w.s.m.m.a.RequestMappingHandlerMapping : Mapped "{[/whiteboard]}" onto public org.springframework.web.servlet.ModelAndView org.sphic.management.controller.MainController.showWhiteboardPage(javax.servlet.http.HttpServletRequest)
2017-05-24 16:33:15.194  INFO 34317 --- [main] s.w.s.m.m.a.RequestMappingHandlerMapping : Mapped "{[/queues]}" onto public org.springframework.web.servlet.ModelAndView org.sphic.management.controller.MainController.showQueuesPage(javax.servlet.http.HttpServletRequest)
2017-05-24 16:33:15.194  INFO 34317 --- [main] s.w.s.m.m.a.RequestMappingHandlerMapping : Mapped "{[/treatment]}" onto public org.springframework.web.servlet.ModelAndView org.sphic.management.controller.MainController.showTreatmentPage(javax.servlet.http.HttpServletRequest)
2017-05-24 16:33:15.194  INFO 34317 --- [main] s.w.s.m.m.a.RequestMappingHandlerMapping : Mapped "{[/schedule]}" onto public org.springframework.web.servlet.ModelAndView org.sphic.management.controller.MainController.showSchedulerPage(javax.servlet.http.HttpServletRequest)
2017-05-24 16:33:15.194  INFO 34317 --- [main] s.w.s.m.m.a.RequestMappingHandlerMapping : Mapped "{[/patientschedule]}" onto public org.springframework.web.servlet.ModelAndView org.sphic.management.controller.MainController.showPatientSchedulerPage(java.lang.String,java.lang.String)
2017-05-24 16:33:15.194  INFO 34317 --- [main] s.w.s.m.m.a.RequestMappingHandlerMapping : Mapped "{[/timeline],methods=[GET]}" onto public org.springframework.web.servlet.ModelAndView org.sphic.management.controller.MainController.showPatientTimelinePage(java.lang.String)
2017-05-24 16:33:15.194  INFO 34317 --- [main] s.w.s.m.m.a.RequestMappingHandlerMapping : Mapped "{[/patient],methods=[GET]}" onto public org.springframework.web.servlet.ModelAndView org.sphic.management.controller.MainController.showPatientInfoPage(java.lang.String)
2017-05-24 16:33:15.194  INFO 34317 --- [main] s.w.s.m.m.a.RequestMappingHandlerMapping : Mapped "{[/patientedit],methods=[GET]}" onto public org.springframework.web.servlet.ModelAndView org.sphic.management.controller.MainController.editPatientInfoPage(java.lang.String)
2017-05-24 16:33:15.194  INFO 34317 --- [main] s.w.s.m.m.a.RequestMappingHandlerMapping : Mapped "{[/ctsiminput],methods=[GET]}" onto public org.springframework.web.servlet.ModelAndView org.sphic.management.controller.MainController.showCTSimInput(java.lang.String,java.lang.String,java.lang.String)
2017-05-24 16:33:15.194  INFO 34317 --- [main] s.w.s.m.m.a.RequestMappingHandlerMapping : Mapped "{[/plannerassign],methods=[GET]}" onto public org.springframework.web.servlet.ModelAndView org.sphic.management.controller.MainController.showPlannerAssign(java.lang.String)
2017-05-24 16:33:15.194  INFO 34317 --- [main] s.w.s.m.m.a.RequestMappingHandlerMapping : Mapped "{[/plannerinput],methods=[GET]}" onto public org.springframework.web.servlet.ModelAndView org.sphic.management.controller.MainController.showPlannerInput(java.lang.String,java.lang.String,java.lang.String)
2017-05-24 16:33:15.195  INFO 34317 --- [main] s.w.s.m.m.a.RequestMappingHandlerMapping : Mapped "{[/physicianinput],methods=[GET]}" onto public org.springframework.web.servlet.ModelAndView org.sphic.management.controller.MainController.showPhysicianInput(java.lang.String,java.lang.String,java.lang.String)
2017-05-24 16:33:15.195  INFO 34317 --- [main] s.w.s.m.m.a.RequestMappingHandlerMapping : Mapped "{[/portalgrouptrack],methods=[GET]}" onto public org.springframework.web.servlet.ModelAndView org.sphic.management.controller.MainController.showPortalGroupTracking(java.lang.String,java.lang.String,java.lang.String)
2017-05-24 16:33:15.197  INFO 34317 --- [main] s.w.s.m.m.a.RequestMappingHandlerMapping : Mapped "{[/rest/task/{taskId}/setcolors],methods=[POST]}" onto public void org.sphic.management.controller.TaskController.setTaskColors(int,org.sphic.management.model.Task,javax.servlet.http.HttpServletResponse)
2017-05-24 16:33:15.197  INFO 34317 --- [main] s.w.s.m.m.a.RequestMappingHandlerMapping : Mapped "{[/rest/task],methods=[GET]}" onto public java.util.List<org.sphic.management.model.Task> org.sphic.management.controller.TaskController.GetCurrentUsersTasks()
2017-05-24 16:33:15.197  INFO 34317 --- [main] s.w.s.m.m.a.RequestMappingHandlerMapping : Mapped "{[/rest/task/{taskId}],methods=[GET]}" onto public org.sphic.management.model.Task org.sphic.management.controller.TaskController.GetTaskById(int)
2017-05-24 16:33:15.197  INFO 34317 --- [main] s.w.s.m.m.a.RequestMappingHandlerMapping : Mapped "{[/rest/task/taskview/{taskId}],methods=[GET]}" onto public org.sphic.management.model.view.TaskView org.sphic.management.controller.TaskController.GetTaskViewById(int)
2017-05-24 16:33:15.197  INFO 34317 --- [main] s.w.s.m.m.a.RequestMappingHandlerMapping : Mapped "{[/rest/task/treatmentProcessId/{treatmentProcessId}],methods=[GET]}" onto public java.util.List<org.sphic.management.model.Task> org.sphic.management.controller.TaskController.GetTasksByTreatmentProcessId(int)
2017-05-24 16:33:15.197  INFO 34317 --- [main] s.w.s.m.m.a.RequestMappingHandlerMapping : Mapped "{[/rest/task/status/{status}],methods=[GET]}" onto public java.util.List<org.sphic.management.model.view.TaskView> org.sphic.management.controller.TaskController.GetTasksByStatusForCurrentUser(char)
2017-05-24 16:33:15.198  INFO 34317 --- [main] s.w.s.m.m.a.RequestMappingHandlerMapping : Mapped "{[/rest/task/status/{status}/impersonate/{userId}],methods=[GET]}" onto public java.util.List<org.sphic.management.model.view.TaskView> org.sphic.management.controller.TaskController.GetTasksByStatusForImpersonatedUser(char,int,javax.servlet.http.HttpServletResponse)
2017-05-24 16:33:15.198  INFO 34317 --- [main] s.w.s.m.m.a.RequestMappingHandlerMapping : Mapped "{[/rest/task/status/{status}/impersonate/all],methods=[GET]}" onto public java.util.List<org.sphic.management.model.view.TaskView> org.sphic.management.controller.TaskController.GetTasksByStatusForAllImpersonatedUser(char,javax.servlet.http.HttpServletResponse)
2017-05-24 16:33:15.198  INFO 34317 --- [main] s.w.s.m.m.a.RequestMappingHandlerMapping : Mapped "{[/rest/task/type/{typeId}],methods=[GET]}" onto public java.util.List<org.sphic.management.model.Task> org.sphic.management.controller.TaskController.GetTasksByTypeForCurrentUser(int)
2017-05-24 16:33:15.198  INFO 34317 --- [main] s.w.s.m.m.a.RequestMappingHandlerMapping : Mapped "{[/rest/task/date],methods=[GET]}" onto public java.util.List<org.sphic.management.model.view.TaskView> org.sphic.management.controller.TaskController.GetTasksByDate(java.util.Date,java.util.Date)
2017-05-24 16:33:15.198  INFO 34317 --- [main] s.w.s.m.m.a.RequestMappingHandlerMapping : Mapped "{[/rest/task],methods=[POST]}" onto public void org.sphic.management.controller.TaskController.Update(org.sphic.management.model.Task,javax.servlet.http.HttpServletResponse)
2017-05-24 16:33:15.198  INFO 34317 --- [main] s.w.s.m.m.a.RequestMappingHandlerMapping : Mapped "{[/rest/task/{taskId}/schedule],methods=[POST]}" onto public void org.sphic.management.controller.TaskController.SetScheduleDate(int,org.sphic.management.model.Schedule,javax.servlet.http.HttpServletResponse)
2017-05-24 16:33:15.198  INFO 34317 --- [main] s.w.s.m.m.a.RequestMappingHandlerMapping : Mapped "{[/rest/task/{taskId}/action/{action}],methods=[POST]}" onto public void org.sphic.management.controller.TaskController.TriggerAction(int,java.lang.String,com.fasterxml.jackson.databind.node.ObjectNode,javax.servlet.http.HttpServletResponse)
2017-05-24 16:33:15.198  INFO 34317 --- [main] s.w.s.m.m.a.RequestMappingHandlerMapping : Mapped "{[/rest/task/{taskId}/action/select/{newTasks}],methods=[POST]}" onto public void org.sphic.management.controller.TaskController.selectNewTasks(int,java.lang.String,com.fasterxml.jackson.databind.node.ObjectNode,javax.servlet.http.HttpServletResponse)
2017-05-24 16:33:15.198  INFO 34317 --- [main] s.w.s.m.m.a.RequestMappingHandlerMapping : Mapped "{[/rest/task/{taskId}/prerequisite],methods=[POST]}" onto public void org.sphic.management.controller.TaskController.setPrerequisite(int,javax.servlet.http.HttpServletResponse)
2017-05-24 16:33:15.199  INFO 34317 --- [main] s.w.s.m.m.a.RequestMappingHandlerMapping : Mapped "{[/rest/task/{taskId}/next],methods=[GET]}" onto public java.util.Set<org.sphic.management.model.TaskTypeRelationship> org.sphic.management.controller.TaskController.getNextTasks(int)
2017-05-24 16:33:15.199  INFO 34317 --- [main] s.w.s.m.m.a.RequestMappingHandlerMapping : Mapped "{[/rest/task/series/{taskId}],methods=[POST]}" onto public void org.sphic.management.controller.TaskController.AddSeriesTasks(int,java.util.List<org.sphic.management.model.Task>,javax.servlet.http.HttpServletResponse)
2017-05-24 16:33:15.199  INFO 34317 --- [main] s.w.s.m.m.a.RequestMappingHandlerMapping : Mapped "{[/authenticate]}" onto public org.springframework.security.core.Authentication org.sphic.management.controller.AuthenticateController.validateTicket(java.lang.String)
2017-05-24 16:33:15.199  INFO 34317 --- [main] s.w.s.m.m.a.RequestMappingHandlerMapping : Mapped "{[/rest/queue/lists]}" onto public com.fasterxml.jackson.databind.node.ArrayNode org.sphic.management.controller.QueueController.List(java.lang.Integer)
2017-05-24 16:33:15.199  INFO 34317 --- [main] s.w.s.m.m.a.RequestMappingHandlerMapping : Mapped "{[/login]}" onto public org.springframework.web.servlet.ModelAndView org.sphic.management.controller.LoginController.loginPage(javax.servlet.http.HttpServletRequest,javax.servlet.http.HttpServletResponse)
2017-05-24 16:33:15.201  INFO 34317 --- [main] s.w.s.m.m.a.RequestMappingHandlerMapping : Mapped "{[/rest/user/planner/options]}" onto public com.fasterxml.jackson.databind.node.ObjectNode org.sphic.management.controller.UserController.getPhysiciansOptions()
2017-05-24 16:33:15.201  INFO 34317 --- [main] s.w.s.m.m.a.RequestMappingHandlerMapping : Mapped "{[/rest/user/physiciangroup/options]}" onto public com.fasterxml.jackson.databind.node.ObjectNode org.sphic.management.controller.UserController.getPhysicianGroupOptions()
2017-05-24 16:33:15.201  INFO 34317 --- [main] s.w.s.m.m.a.RequestMappingHandlerMapping : Mapped "{[/rest/user/current]}" onto public org.sphic.management.model.ManagementUser org.sphic.management.controller.UserController.getCurrentUsers()
2017-05-24 16:33:15.201  INFO 34317 --- [main] s.w.s.m.m.a.RequestMappingHandlerMapping : Mapped "{[/rest/user/password],methods=[PUT]}" onto public void org.sphic.management.controller.UserController.changePassword(com.fasterxml.jackson.databind.node.ObjectNode,javax.servlet.http.HttpServletResponse) throws java.lang.Exception
2017-05-24 16:33:15.201  INFO 34317 --- [main] s.w.s.m.m.a.RequestMappingHandlerMapping : Mapped "{[/rest/user/department/{departmentId}]}" onto public java.util.List org.sphic.management.controller.UserController.getAllUsersInDepartment(int)
2017-05-24 16:33:15.201  INFO 34317 --- [main] s.w.s.m.m.a.RequestMappingHandlerMapping : Mapped "{[/rest/user/{userId}/tasktype],methods=[POST]}" onto public void org.sphic.management.controller.UserController.setUserTaskType(int,int[])
2017-05-24 16:33:15.201  INFO 34317 --- [main] s.w.s.m.m.a.RequestMappingHandlerMapping : Mapped "{[/rest/user/{userId}/tasktype],methods=[GET]}" onto public java.util.Set<org.sphic.management.model.TaskType> org.sphic.management.controller.UserController.getUserTaskType(int)
2017-05-24 16:33:15.201  INFO 34317 --- [main] s.w.s.m.m.a.RequestMappingHandlerMapping : Mapped "{[/rest/user]}" onto public java.util.List org.sphic.management.controller.UserController.getAllUsers()
2017-05-24 16:33:15.201  INFO 34317 --- [main] s.w.s.m.m.a.RequestMappingHandlerMapping : Mapped "{[/rest/user/planner]}" onto public java.util.List org.sphic.management.controller.UserController.getAllPlanners()
2017-05-24 16:33:15.202  INFO 34317 --- [main] s.w.s.m.m.a.RequestMappingHandlerMapping : Mapped "{[/rest/user/physicianGroup]}" onto public java.util.List org.sphic.management.controller.UserController.getAllPhysicianGroups()
2017-05-24 16:33:15.202  INFO 34317 --- [main] s.w.s.m.m.a.RequestMappingHandlerMapping : Mapped "{[/rest/user/{username}]}" onto public org.sphic.management.model.ManagementUser org.sphic.management.controller.UserController.get(java.lang.String)
2017-05-24 16:33:15.203  INFO 34317 --- [main] s.w.s.m.m.a.RequestMappingHandlerMapping : Mapped "{[/rest/treatmentprocess/{treatmentProcessId}],methods=[GET]}" onto public org.sphic.management.model.TreatmentProcess org.sphic.management.controller.TreatmentProcessController.getTreatmentProcess(int)
2017-05-24 16:33:15.203  INFO 34317 --- [main] s.w.s.m.m.a.RequestMappingHandlerMapping : Mapped "{[/rest/treatmentprocess/patient/{patientId}/newct],methods=[PUT]}" onto public void org.sphic.management.controller.TreatmentProcessController.newCT(int,com.fasterxml.jackson.databind.node.ObjectNode)
2017-05-24 16:33:15.203  INFO 34317 --- [main] s.w.s.m.m.a.RequestMappingHandlerMapping : Mapped "{[/rest/treatmentprocess/patient/{patientId}/newplan],methods=[PUT]}" onto public void org.sphic.management.controller.TreatmentProcessController.CreateTreatmentProcess(int,com.fasterxml.jackson.databind.node.ObjectNode)
2017-05-24 16:33:15.203  INFO 34317 --- [main] s.w.s.m.m.a.RequestMappingHandlerMapping : Mapped "{[/rest/treatmentprocess/{treatmentProcessId}],methods=[DELETE]}" onto public void org.sphic.management.controller.TreatmentProcessController.deactivateTreatmentProcess(int,javax.servlet.http.HttpServletResponse)
2017-05-24 16:33:15.203  INFO 34317 --- [main] s.w.s.m.m.a.RequestMappingHandlerMapping : Mapped "{[/rest/treatmentprocess/{treatmentProcessId}/treatmentfinalize],methods=[POST]}" onto public void org.sphic.management.controller.TreatmentProcessController.finalizePateintTreatmentInfomation(int,com.fasterxml.jackson.databind.node.ObjectNode)
2017-05-24 16:33:15.203  INFO 34317 --- [main] s.w.s.m.m.a.RequestMappingHandlerMapping : Mapped "{[/rest/treatmentprocess/{treatmentProcessId}],methods=[POST]}" onto public void org.sphic.management.controller.TreatmentProcessController.EditTreatmentProcess(int,org.sphic.management.model.TreatmentProcess)
2017-05-24 16:33:15.203  INFO 34317 --- [main] s.w.s.m.m.a.RequestMappingHandlerMapping : Mapped "{[/rest/treatmentprocess/patient/{patientId}],methods=[GET]}" onto public java.util.List<org.sphic.management.model.TreatmentProcess> org.sphic.management.controller.TreatmentProcessController.getByPatientId(int)
2017-05-24 16:33:15.203  INFO 34317 --- [main] s.w.s.m.m.a.RequestMappingHandlerMapping : Mapped "{[/rest/treatmentprocess/patient/{patientId}],methods=[POST]}" onto public void org.sphic.management.controller.TreatmentProcessController.savePatientInfo(int,org.sphic.management.model.Patient)
2017-05-24 16:33:15.204  INFO 34317 --- [main] s.w.s.m.m.a.RequestMappingHandlerMapping : Mapped "{[/rest/target],methods=[GET]}" onto public java.util.List org.sphic.management.controller.TargetController.GetAllTargets()
2017-05-24 16:33:15.204  INFO 34317 --- [main] s.w.s.m.m.a.RequestMappingHandlerMapping : Mapped "{[/rest/target/options]}" onto public com.fasterxml.jackson.databind.node.ObjectNode org.sphic.management.controller.TargetController.getTargetOptions()
2017-05-24 16:33:15.204  INFO 34317 --- [main] s.w.s.m.m.a.RequestMappingHandlerMapping : Mapped "{[/rest/template/taskId/{taskId}]}" onto public java.util.Set<org.sphic.management.model.Template> org.sphic.management.controller.TemplateController.Get(int)
2017-05-24 16:33:15.250  INFO 34317 --- [main] o.s.w.s.handler.SimpleUrlHandlerMapping  : Mapped URL path [/**] onto handler of type [class org.springframework.web.servlet.resource.DefaultServletHttpRequestHandler]
2017-05-24 16:33:15.333  INFO 34317 --- [main] s.w.s.m.m.a.RequestMappingHandlerAdapter : Looking for @ControllerAdvice: org.springframework.boot.context.embedded.AnnotationConfigEmbeddedWebApplicationContext@26b12e1: startup date [Wed May 24 16:33:05 CST 2017]; root of context hierarchy
2017-05-24 16:33:16.677  INFO 34317 --- [main] o.s.j.e.a.AnnotationMBeanExporter        : Registering beans for JMX exposure on startup
2017-05-24 16:33:16.688  INFO 34317 --- [main] o.s.c.support.DefaultLifecycleProcessor  : Starting beans in phase 2147483647
2017-05-24 16:33:16.771  INFO 34317 --- [main] s.b.c.e.t.TomcatEmbeddedServletContainer : Tomcat started on port(s): 8082 (http)
2017-05-24 16:33:16.778  INFO 34317 --- [main] org.sphic.management.Application         : Started Application in 11.848 seconds (JVM running for 12.463)
