#
# A fatal error has been detected by the Java Runtime Environment:
#
#  SIGSEGV (0xb) at pc=0x00007f53fe0da34b, pid=8737, tid=139998047393536
#
# JRE version: Java(TM) SE Runtime Environment (8.0_91-b14) (build 1.8.0_91-b14)
# Java VM: Java HotSpot(TM) 64-Bit Server VM (25.91-b14 mixed mode linux-amd64 compressed oops)
# Problematic frame:
# C  [libc.so.6+0x15034b]
#
# Failed to write core dump. Core dumps have been disabled. To enable core dumping, try "ulimit -c unlimited" before starting Java again
#
# If you would like to submit a bug report, please visit:
#   http://bugreport.java.com/bugreport/crash.jsp
# The crash happened outside the Java Virtual Machine in native code.
# See problematic frame for where to report the bug.
#

---------------  T H R E A D  ---------------

Current thread (0x00007f537c00a800):  JavaThread "http-nio-8090-exec-7" daemon [_thread_in_native, id=8787, stack(0x00007f53d5d25000,0x00007f53d5e26000)]

siginfo: si_signo: 11 (SIGSEGV), si_code: 1 (SEGV_MAPERR), si_addr: 0x00007f53febac000

Registers:
RAX=0x00007f536002d850, RBX=0x0000000000006970, RCX=0x0000000000008000, RDX=0x0000000000004d60
RSP=0x00007f53d5e1fd38, RBP=0x00007f53d5e1fd90, RSI=0x00007f53febabff4, RDI=0x00007f536002f360
R8 =0x00007f536002d850, R9 =0x00007f53fe0da340, R10=0x00007f5360000078, R11=0x00007f53fe1119d0
R12=0x00007f53feb9c3fd, R13=0x00007f536001b9a0, R14=0x0000000000007845, R15=0x00007f53f80ed3f0
RIP=0x00007f53fe0da34b, EFLAGS=0x0000000000010206, CSGSFS=0x0000000000000033, ERR=0x0000000000000004
  TRAPNO=0x000000000000000e

Top of Stack: (sp=0x00007f53d5e1fd38)
0x00007f53d5e1fd38:   00007f53f70e3c7e 00007f53e8118c20
0x00007f53d5e1fd48:   6970455300000000 0000000000006874
0x00007f53d5e1fd58:   000000007373616c 00007f536001b9a0
0x00007f53d5e1fd68:   00007f53f80ed5a0 00007f53f88b31d0
0x00007f53d5e1fd78:   00007f53f80ed3f0 00000000621ad270
0x00007f53d5e1fd88:   0000000000000026 00007f53d5e1fdf0
0x00007f53d5e1fd98:   00007f53f70e418f 00007f537c00a800
0x00007f53d5e1fda8:   01007f537c00b458 00007f53d5e1fe10
0x00007f53d5e1fdb8:   00007f53d5e1fe37 00007f53d5e1fe35
0x00007f53d5e1fdc8:   00007f53d5e1fe10 0000000000000026
0x00007f53d5e1fdd8:   00007f537c00a9f8 00007f53d5e20268
0x00007f53d5e1fde8:   0000000000000001 00007f53d5e20250
0x00007f53d5e1fdf8:   00007f53f70d5ec0 00000000000003f1
0x00007f53d5e1fe08:   00007f53f80ed3f0 6f6d2f63656e696c
0x00007f53d5e1fe18:   61622f726f74696e 6c65646f6d2f6573
0x00007f53d5e1fe28:   656369767265532f 00007373616c632e
0x00007f53d5e1fe38:   0000000000000018 00007f53e66ae470
0x00007f53d5e1fe48:   00007f537c00a800 00007f53d5e1fe80
0x00007f53d5e1fe58:   00007f537c00b4c0 00000000d868da18
0x00007f53d5e1fe68:   00007f53e66ae470 00007f537c00b350
0x00007f53d5e1fe78:   00007f537c00a800 00007f53d5e20010
0x00007f53d5e1fe88:   00007f53fd67731f 0000000000000018
0x00007f53d5e1fe98:   00007f53d5e1fee0 00007f53d5e1fef0
0x00007f53d5e1fea8:   00007f53d5e1ff70 00007f53d5e20040
0x00007f53d5e1feb8:   00007f53d5e200c0 00007f537c00a9f8
0x00007f53d5e1fec8:   00007f53fd696450 00007f53ac1c67d0
0x00007f53d5e1fed8:   00007f53ac1c67e0 00007f53ac1c6bb8
0x00007f53d5e1fee8:   00000000000003d8 00007f53e66be9c0
0x00007f53d5e1fef8:   00000000d868da18 0000000083d0d730
0x00007f53d5e1ff08:   00007f53f803be80 000000004a4908cb
0x00007f53d5e1ff18:   00007f53f8d946a0 0000000000000003
0x00007f53d5e1ff28:   00007f53fd9121e2 00007f53f80392d0 

Instructions: (pc=0x00007f53fe0da34b)
0x00007f53fe0da32b:   63 14 93 49 8d 14 13 ff e2 0f 0b 66 2e 0f 1f 84
0x00007f53fe0da33b:   00 00 00 00 00 48 81 ea 80 00 00 00 0f 28 4e fc
0x00007f53fe0da34b:   0f 28 56 0c 0f 28 5e 1c 0f 28 66 2c 0f 28 6e 3c
0x00007f53fe0da35b:   0f 28 76 4c 0f 28 7e 5c 44 0f 28 46 6c 44 0f 28 

Register to memory mapping:

RAX=0x00007f536002d850 is an unknown value
RBX=0x0000000000006970 is an unknown value
RCX=0x0000000000008000 is an unknown value
RDX=0x0000000000004d60 is an unknown value
RSP=0x00007f53d5e1fd38 is pointing into the stack for thread: 0x00007f537c00a800
RBP=0x00007f53d5e1fd90 is pointing into the stack for thread: 0x00007f537c00a800
RSI=0x00007f53febabff4 is an unknown value
RDI=0x00007f536002f360 is an unknown value
R8 =0x00007f536002d850 is an unknown value
R9 =0x00007f53fe0da340: <offset 0x150340> in /lib/x86_64-linux-gnu/libc.so.6 at 0x00007f53fdf8a000
R10=0x00007f5360000078 is an unknown value
R11=0x00007f53fe1119d0: <offset 0x1879d0> in /lib/x86_64-linux-gnu/libc.so.6 at 0x00007f53fdf8a000
R12=0x00007f53feb9c3fd is an unknown value
R13=0x00007f536001b9a0 is an unknown value
R14=0x0000000000007845 is an unknown value
R15=0x00007f53f80ed3f0 is an unknown value


Stack: [0x00007f53d5d25000,0x00007f53d5e26000],  sp=0x00007f53d5e1fd38,  free space=1003k
Native frames: (J=compiled Java code, j=interpreted, Vv=VM code, C=native code)
C  [libc.so.6+0x15034b]
C  [libzip.so+0x1218f]  ZIP_GetEntry2+0xff
C  [libzip.so+0x3ec0]  Java_java_util_zip_ZipFile_getEntry+0xf0
J 76  java.util.zip.ZipFile.getEntry(J[BZ)J (0 bytes) @ 0x00007f53e81fd2ce [0x00007f53e81fd200+0xce]
J 1913 C2 java.util.jar.JarFile.getEntry(Ljava/lang/String;)Ljava/util/zip/ZipEntry; (22 bytes) @ 0x00007f53e87f80b4 [0x00007f53e87f7d20+0x394]
J 1916 C2 java.util.jar.JarFile.getJarEntry(Ljava/lang/String;)Ljava/util/jar/JarEntry; (9 bytes) @ 0x00007f53e87da128 [0x00007f53e87da0e0+0x48]
J 1898 C2 sun.misc.URLClassPath$JarLoader.getResource(Ljava/lang/String;Z)Lsun/misc/Resource; (85 bytes) @ 0x00007f53e87dbf64 [0x00007f53e87dbe00+0x164]
J 616 C2 sun.misc.URLClassPath.getResource(Ljava/lang/String;Z)Lsun/misc/Resource; (83 bytes) @ 0x00007f53e8398ee4 [0x00007f53e8398de0+0x104]
J 2709 C2 java.net.URLClassLoader$1.run()Ljava/lang/Object; (5 bytes) @ 0x00007f53e89ce250 [0x00007f53e89cdce0+0x570]
v  ~StubRoutines::call_stub
V  [libjvm.so+0x68dbc6]  JavaCalls::call_helper(JavaValue*, methodHandle*, JavaCallArguments*, Thread*)+0x1056
V  [libjvm.so+0x726a0c]  JVM_DoPrivileged+0x27c
J 260  java.security.AccessController.doPrivileged(Ljava/security/PrivilegedExceptionAction;Ljava/security/AccessControlContext;)Ljava/lang/Object; (0 bytes) @ 0x00007f53e828d6d5 [0x00007f53e828d600+0xd5]
J 1921 C2 java.lang.ClassLoader.loadClass(Ljava/lang/String;Z)Ljava/lang/Class; (122 bytes) @ 0x00007f53e87ff3c0 [0x00007f53e87feee0+0x4e0]
J 1896 C2 java.lang.ClassLoader.loadClass(Ljava/lang/String;)Ljava/lang/Class; (7 bytes) @ 0x00007f53e87ca6c8 [0x00007f53e87ca4e0+0x1e8]
v  ~StubRoutines::call_stub
V  [libjvm.so+0x68dbc6]  JavaCalls::call_helper(JavaValue*, methodHandle*, JavaCallArguments*, Thread*)+0x1056
V  [libjvm.so+0x68e0d1]  JavaCalls::call_virtual(JavaValue*, KlassHandle, Symbol*, Symbol*, JavaCallArguments*, Thread*)+0x321
V  [libjvm.so+0x68e516]  JavaCalls::call_virtual(JavaValue*, Handle, KlassHandle, Symbol*, Symbol*, Handle, Thread*)+0x56
V  [libjvm.so+0xa33500]  SystemDictionary::load_instance_class(Symbol*, Handle, Thread*)+0x3f0
V  [libjvm.so+0xa323ec]  SystemDictionary::resolve_instance_class_or_null(Symbol*, Handle, Handle, Thread*)+0x7cc
V  [libjvm.so+0xa33923]  SystemDictionary::resolve_or_fail(Symbol*, Handle, Handle, bool, Thread*)+0x33
V  [libjvm.so+0x4f1e58]  ConstantPool::klass_at_impl(constantPoolHandle, int, Thread*)+0x158
V  [libjvm.so+0x682141]  InterpreterRuntime::_new(JavaThread*, ConstantPool*, int)+0x71
j  linec.monitor.server.controller.RegisterController.register(Llinec/monitor/base/model/Registration;)V+0
v  ~StubRoutines::call_stub
V  [libjvm.so+0x68dbc6]  JavaCalls::call_helper(JavaValue*, methodHandle*, JavaCallArguments*, Thread*)+0x1056
V  [libjvm.so+0x994487]  Reflection::invoke(instanceKlassHandle, methodHandle, Handle, bool, objArrayHandle, BasicType, objArrayHandle, bool, Thread*)+0x5d7
V  [libjvm.so+0x997b97]  Reflection::invoke_method(oopDesc*, Handle, objArrayHandle, Thread*)+0x147
V  [libjvm.so+0x71c7db]  JVM_InvokeMethod+0x26b
J 2299  sun.reflect.NativeMethodAccessorImpl.invoke0(Ljava/lang/reflect/Method;Ljava/lang/Object;[Ljava/lang/Object;)Ljava/lang/Object; (0 bytes) @ 0x00007f53e822416d [0x00007f53e8224080+0xed]
J 1997 C1 sun.reflect.NativeMethodAccessorImpl.invoke(Ljava/lang/Object;[Ljava/lang/Object;)Ljava/lang/Object; (104 bytes) @ 0x00007f53e882c80c [0x00007f53e882b640+0x11cc]
J 2949 C2 java.lang.reflect.Method.invoke(Ljava/lang/Object;[Ljava/lang/Object;)Ljava/lang/Object; (62 bytes) @ 0x00007f53e89f1538 [0x00007f53e89f1480+0xb8]
j  org.springframework.web.method.support.InvocableHandlerMethod.doInvoke([Ljava/lang/Object;)Ljava/lang/Object;+16
j  org.springframework.web.method.support.InvocableHandlerMethod.invokeForRequest(Lorg/springframework/web/context/request/NativeWebRequest;Lorg/springframework/web/method/support/ModelAndViewContainer;[Ljava/lang/Object;)Ljava/lang/Object;+96
j  org.springframework.web.servlet.mvc.method.annotation.ServletInvocableHandlerMethod.invokeAndHandle(Lorg/springframework/web/context/request/ServletWebRequest;Lorg/springframework/web/method/support/ModelAndViewContainer;[Ljava/lang/Object;)V+4
J 4942 C1 org.springframework.web.servlet.mvc.method.annotation.RequestMappingHandlerAdapter.invokeHandlerMethod(Ljavax/servlet/http/HttpServletRequest;Ljavax/servlet/http/HttpServletResponse;Lorg/springframework/web/method/HandlerMethod;)Lorg/springframework/web/servlet/ModelAndView; (254 bytes) @ 0x00007f53e8ecd8e4 [0x00007f53e8ecb880+0x2064]
J 4892 C1 org.springframework.web.servlet.mvc.method.annotation.RequestMappingHandlerAdapter.handleInternal(Ljavax/servlet/http/HttpServletRequest;Ljavax/servlet/http/HttpServletResponse;Lorg/springframework/web/method/HandlerMethod;)Lorg/springframework/web/servlet/ModelAndView; (93 bytes) @ 0x00007f53e865f06c [0x00007f53e865e6a0+0x9cc]
J 4891 C1 org.springframework.web.servlet.mvc.method.AbstractHandlerMethodAdapter.handle(Ljavax/servlet/http/HttpServletRequest;Ljavax/servlet/http/HttpServletResponse;Ljava/lang/Object;)Lorg/springframework/web/servlet/ModelAndView; (11 bytes) @ 0x00007f53e85369cc [0x00007f53e85367c0+0x20c]
J 4652 C1 org.springframework.web.servlet.DispatcherServlet.doDispatch(Ljavax/servlet/http/HttpServletRequest;Ljavax/servlet/http/HttpServletResponse;)V (575 bytes) @ 0x00007f53e8e84314 [0x00007f53e8e820c0+0x2254]
J 4602 C1 org.springframework.web.servlet.DispatcherServlet.doService(Ljavax/servlet/http/HttpServletRequest;Ljavax/servlet/http/HttpServletResponse;)V (353 bytes) @ 0x00007f53e8e717c4 [0x00007f53e8e6e540+0x3284]
J 4583 C1 org.springframework.web.servlet.FrameworkServlet.processRequest(Ljavax/servlet/http/HttpServletRequest;Ljavax/servlet/http/HttpServletResponse;)V (307 bytes) @ 0x00007f53e8e55324 [0x00007f53e8e54080+0x12a4]
j  org.springframework.web.servlet.FrameworkServlet.doPut(Ljavax/servlet/http/HttpServletRequest;Ljavax/servlet/http/HttpServletResponse;)V+3
j  javax.servlet.http.HttpServlet.service(Ljavax/servlet/http/HttpServletRequest;Ljavax/servlet/http/HttpServletResponse;)V+167
j  org.springframework.web.servlet.FrameworkServlet.service(Ljavax/servlet/http/HttpServletRequest;Ljavax/servlet/http/HttpServletResponse;)V+32
j  javax.servlet.http.HttpServlet.service(Ljavax/servlet/ServletRequest;Ljavax/servlet/ServletResponse;)V+30
j  org.apache.catalina.core.ApplicationFilterChain.internalDoFilter(Ljavax/servlet/ServletRequest;Ljavax/servlet/ServletResponse;)V+396
J 4875 C2 org.apache.catalina.core.ApplicationFilterChain.internalDoFilter(Ljavax/servlet/ServletRequest;Ljavax/servlet/ServletResponse;)V (574 bytes) @ 0x00007f53e8ed1468 [0x00007f53e8ed0de0+0x688]
J 4875 C2 org.apache.catalina.core.ApplicationFilterChain.internalDoFilter(Ljavax/servlet/ServletRequest;Ljavax/servlet/ServletResponse;)V (574 bytes) @ 0x00007f53e8ed1c70 [0x00007f53e8ed0de0+0xe90]
J 4705 C2 org.apache.catalina.core.ApplicationFilterChain.doFilter(Ljavax/servlet/ServletRequest;Ljavax/servlet/ServletResponse;)V (105 bytes) @ 0x00007f53e8aac8e0 [0x00007f53e8aac8a0+0x40]
J 4515 C1 org.apache.catalina.core.StandardWrapperValve.invoke(Lorg/apache/catalina/connector/Request;Lorg/apache/catalina/connector/Response;)V (1407 bytes) @ 0x00007f53e8e2e964 [0x00007f53e8e28880+0x60e4]
J 4465 C1 org.apache.catalina.core.StandardContextValve.invoke(Lorg/apache/catalina/connector/Request;Lorg/apache/catalina/connector/Response;)V (172 bytes) @ 0x00007f53e8de97f4 [0x00007f53e8de8400+0x13f4]
J 4405 C1 org.apache.catalina.authenticator.AuthenticatorBase.invoke(Lorg/apache/catalina/connector/Request;Lorg/apache/catalina/connector/Response;)V (903 bytes) @ 0x00007f53e8dc02e4 [0x00007f53e8db94a0+0x6e44]
J 4403 C1 org.apache.catalina.core.StandardHostValve.invoke(Lorg/apache/catalina/connector/Request;Lorg/apache/catalina/connector/Response;)V (406 bytes) @ 0x00007f53e8db0be4 [0x00007f53e8dafb60+0x1084]
J 4402 C1 org.apache.catalina.valves.ErrorReportValve.invoke(Lorg/apache/catalina/connector/Request;Lorg/apache/catalina/connector/Response;)V (119 bytes) @ 0x00007f53e8dac724 [0x00007f53e8dac560+0x1c4]
J 4401 C1 org.apache.catalina.core.StandardEngineValve.invoke(Lorg/apache/catalina/connector/Request;Lorg/apache/catalina/connector/Response;)V (77 bytes) @ 0x00007f53e8dab51c [0x00007f53e8daae40+0x6dc]
J 4346 C1 org.apache.catalina.connector.CoyoteAdapter.service(Lorg/apache/coyote/Request;Lorg/apache/coyote/Response;)V (660 bytes) @ 0x00007f53e8d6402c [0x00007f53e8d62780+0x18ac]
J 4250 C1 org.apache.coyote.http11.AbstractHttp11Processor.process(Lorg/apache/tomcat/util/net/SocketWrapper;)Lorg/apache/tomcat/util/net/AbstractEndpoint$Handler$SocketState; (1102 bytes) @ 0x00007f53e8ce4e5c [0x00007f53e8ce10e0+0x3d7c]
J 4158 C1 org.apache.coyote.AbstractProtocol$AbstractConnectionHandler.process(Lorg/apache/tomcat/util/net/SocketWrapper;Lorg/apache/tomcat/util/net/SocketStatus;)Lorg/apache/tomcat/util/net/AbstractEndpoint$Handler$SocketState; (867 bytes) @ 0x00007f53e8c9606c [0x00007f53e8c93c00+0x246c]
J 4157 C1 org.apache.tomcat.util.net.NioEndpoint$SocketProcessor.doRun()V (603 bytes) @ 0x00007f53e8c892cc [0x00007f53e8c88120+0x11ac]
J 3934 C1 org.apache.tomcat.util.net.NioEndpoint$SocketProcessor.run()V (79 bytes) @ 0x00007f53e8be8b6c [0x00007f53e8be8780+0x3ec]
j  java.util.concurrent.ThreadPoolExecutor.runWorker(Ljava/util/concurrent/ThreadPoolExecutor$Worker;)V+95
j  java.util.concurrent.ThreadPoolExecutor$Worker.run()V+5
j  org.apache.tomcat.util.threads.TaskThread$WrappingRunnable.run()V+4
j  java.lang.Thread.run()V+11
v  ~StubRoutines::call_stub
V  [libjvm.so+0x68dbc6]  JavaCalls::call_helper(JavaValue*, methodHandle*, JavaCallArguments*, Thread*)+0x1056
V  [libjvm.so+0x68e0d1]  JavaCalls::call_virtual(JavaValue*, KlassHandle, Symbol*, Symbol*, JavaCallArguments*, Thread*)+0x321
V  [libjvm.so+0x68e567]  JavaCalls::call_virtual(JavaValue*, Handle, KlassHandle, Symbol*, Symbol*, Thread*)+0x47
V  [libjvm.so+0x7254b0]  thread_entry(JavaThread*, Thread*)+0xa0
V  [libjvm.so+0xa6b77f]  JavaThread::thread_main_inner()+0xdf
V  [libjvm.so+0xa6b8ac]  JavaThread::run()+0x11c
V  [libjvm.so+0x91ef78]  java_start(Thread*)+0x108
C  [libpthread.so.0+0x8184]  start_thread+0xc4

Java frames: (J=compiled Java code, j=interpreted, Vv=VM code)
J 76  java.util.zip.ZipFile.getEntry(J[BZ)J (0 bytes) @ 0x00007f53e81fd258 [0x00007f53e81fd200+0x58]
J 1913 C2 java.util.jar.JarFile.getEntry(Ljava/lang/String;)Ljava/util/zip/ZipEntry; (22 bytes) @ 0x00007f53e87f80b4 [0x00007f53e87f7d20+0x394]
J 1916 C2 java.util.jar.JarFile.getJarEntry(Ljava/lang/String;)Ljava/util/jar/JarEntry; (9 bytes) @ 0x00007f53e87da128 [0x00007f53e87da0e0+0x48]
J 1898 C2 sun.misc.URLClassPath$JarLoader.getResource(Ljava/lang/String;Z)Lsun/misc/Resource; (85 bytes) @ 0x00007f53e87dbf64 [0x00007f53e87dbe00+0x164]
J 616 C2 sun.misc.URLClassPath.getResource(Ljava/lang/String;Z)Lsun/misc/Resource; (83 bytes) @ 0x00007f53e8398ee4 [0x00007f53e8398de0+0x104]
J 2709 C2 java.net.URLClassLoader$1.run()Ljava/lang/Object; (5 bytes) @ 0x00007f53e89ce250 [0x00007f53e89cdce0+0x570]
v  ~StubRoutines::call_stub
J 260  java.security.AccessController.doPrivileged(Ljava/security/PrivilegedExceptionAction;Ljava/security/AccessControlContext;)Ljava/lang/Object; (0 bytes) @ 0x00007f53e828d663 [0x00007f53e828d600+0x63]
J 1921 C2 java.lang.ClassLoader.loadClass(Ljava/lang/String;Z)Ljava/lang/Class; (122 bytes) @ 0x00007f53e87ff3c0 [0x00007f53e87feee0+0x4e0]
J 1896 C2 java.lang.ClassLoader.loadClass(Ljava/lang/String;)Ljava/lang/Class; (7 bytes) @ 0x00007f53e87ca6c8 [0x00007f53e87ca4e0+0x1e8]
v  ~StubRoutines::call_stub
j  linec.monitor.server.controller.RegisterController.register(Llinec/monitor/base/model/Registration;)V+0
v  ~StubRoutines::call_stub
J 2299  sun.reflect.NativeMethodAccessorImpl.invoke0(Ljava/lang/reflect/Method;Ljava/lang/Object;[Ljava/lang/Object;)Ljava/lang/Object; (0 bytes) @ 0x00007f53e82240f7 [0x00007f53e8224080+0x77]
J 1997 C1 sun.reflect.NativeMethodAccessorImpl.invoke(Ljava/lang/Object;[Ljava/lang/Object;)Ljava/lang/Object; (104 bytes) @ 0x00007f53e882c80c [0x00007f53e882b640+0x11cc]
J 2949 C2 java.lang.reflect.Method.invoke(Ljava/lang/Object;[Ljava/lang/Object;)Ljava/lang/Object; (62 bytes) @ 0x00007f53e89f1538 [0x00007f53e89f1480+0xb8]
j  org.springframework.web.method.support.InvocableHandlerMethod.doInvoke([Ljava/lang/Object;)Ljava/lang/Object;+16
j  org.springframework.web.method.support.InvocableHandlerMethod.invokeForRequest(Lorg/springframework/web/context/request/NativeWebRequest;Lorg/springframework/web/method/support/ModelAndViewContainer;[Ljava/lang/Object;)Ljava/lang/Object;+96
j  org.springframework.web.servlet.mvc.method.annotation.ServletInvocableHandlerMethod.invokeAndHandle(Lorg/springframework/web/context/request/ServletWebRequest;Lorg/springframework/web/method/support/ModelAndViewContainer;[Ljava/lang/Object;)V+4
J 4942 C1 org.springframework.web.servlet.mvc.method.annotation.RequestMappingHandlerAdapter.invokeHandlerMethod(Ljavax/servlet/http/HttpServletRequest;Ljavax/servlet/http/HttpServletResponse;Lorg/springframework/web/method/HandlerMethod;)Lorg/springframework/web/servlet/ModelAndView; (254 bytes) @ 0x00007f53e8ecd8e4 [0x00007f53e8ecb880+0x2064]
J 4892 C1 org.springframework.web.servlet.mvc.method.annotation.RequestMappingHandlerAdapter.handleInternal(Ljavax/servlet/http/HttpServletRequest;Ljavax/servlet/http/HttpServletResponse;Lorg/springframework/web/method/HandlerMethod;)Lorg/springframework/web/servlet/ModelAndView; (93 bytes) @ 0x00007f53e865f06c [0x00007f53e865e6a0+0x9cc]
J 4891 C1 org.springframework.web.servlet.mvc.method.AbstractHandlerMethodAdapter.handle(Ljavax/servlet/http/HttpServletRequest;Ljavax/servlet/http/HttpServletResponse;Ljava/lang/Object;)Lorg/springframework/web/servlet/ModelAndView; (11 bytes) @ 0x00007f53e85369cc [0x00007f53e85367c0+0x20c]
J 4652 C1 org.springframework.web.servlet.DispatcherServlet.doDispatch(Ljavax/servlet/http/HttpServletRequest;Ljavax/servlet/http/HttpServletResponse;)V (575 bytes) @ 0x00007f53e8e84314 [0x00007f53e8e820c0+0x2254]
J 4602 C1 org.springframework.web.servlet.DispatcherServlet.doService(Ljavax/servlet/http/HttpServletRequest;Ljavax/servlet/http/HttpServletResponse;)V (353 bytes) @ 0x00007f53e8e717c4 [0x00007f53e8e6e540+0x3284]
J 4583 C1 org.springframework.web.servlet.FrameworkServlet.processRequest(Ljavax/servlet/http/HttpServletRequest;Ljavax/servlet/http/HttpServletResponse;)V (307 bytes) @ 0x00007f53e8e55324 [0x00007f53e8e54080+0x12a4]
j  org.springframework.web.servlet.FrameworkServlet.doPut(Ljavax/servlet/http/HttpServletRequest;Ljavax/servlet/http/HttpServletResponse;)V+3
j  javax.servlet.http.HttpServlet.service(Ljavax/servlet/http/HttpServletRequest;Ljavax/servlet/http/HttpServletResponse;)V+167
j  org.springframework.web.servlet.FrameworkServlet.service(Ljavax/servlet/http/HttpServletRequest;Ljavax/servlet/http/HttpServletResponse;)V+32
j  javax.servlet.http.HttpServlet.service(Ljavax/servlet/ServletRequest;Ljavax/servlet/ServletResponse;)V+30
j  org.apache.catalina.core.ApplicationFilterChain.internalDoFilter(Ljavax/servlet/ServletRequest;Ljavax/servlet/ServletResponse;)V+396
J 4875 C2 org.apache.catalina.core.ApplicationFilterChain.internalDoFilter(Ljavax/servlet/ServletRequest;Ljavax/servlet/ServletResponse;)V (574 bytes) @ 0x00007f53e8ed1468 [0x00007f53e8ed0de0+0x688]
J 4875 C2 org.apache.catalina.core.ApplicationFilterChain.internalDoFilter(Ljavax/servlet/ServletRequest;Ljavax/servlet/ServletResponse;)V (574 bytes) @ 0x00007f53e8ed1c70 [0x00007f53e8ed0de0+0xe90]
J 4705 C2 org.apache.catalina.core.ApplicationFilterChain.doFilter(Ljavax/servlet/ServletRequest;Ljavax/servlet/ServletResponse;)V (105 bytes) @ 0x00007f53e8aac8e0 [0x00007f53e8aac8a0+0x40]
J 4515 C1 org.apache.catalina.core.StandardWrapperValve.invoke(Lorg/apache/catalina/connector/Request;Lorg/apache/catalina/connector/Response;)V (1407 bytes) @ 0x00007f53e8e2e964 [0x00007f53e8e28880+0x60e4]
J 4465 C1 org.apache.catalina.core.StandardContextValve.invoke(Lorg/apache/catalina/connector/Request;Lorg/apache/catalina/connector/Response;)V (172 bytes) @ 0x00007f53e8de97f4 [0x00007f53e8de8400+0x13f4]
J 4405 C1 org.apache.catalina.authenticator.AuthenticatorBase.invoke(Lorg/apache/catalina/connector/Request;Lorg/apache/catalina/connector/Response;)V (903 bytes) @ 0x00007f53e8dc02e4 [0x00007f53e8db94a0+0x6e44]
J 4403 C1 org.apache.catalina.core.StandardHostValve.invoke(Lorg/apache/catalina/connector/Request;Lorg/apache/catalina/connector/Response;)V (406 bytes) @ 0x00007f53e8db0be4 [0x00007f53e8dafb60+0x1084]
J 4402 C1 org.apache.catalina.valves.ErrorReportValve.invoke(Lorg/apache/catalina/connector/Request;Lorg/apache/catalina/connector/Response;)V (119 bytes) @ 0x00007f53e8dac724 [0x00007f53e8dac560+0x1c4]
J 4401 C1 org.apache.catalina.core.StandardEngineValve.invoke(Lorg/apache/catalina/connector/Request;Lorg/apache/catalina/connector/Response;)V (77 bytes) @ 0x00007f53e8dab51c [0x00007f53e8daae40+0x6dc]
J 4346 C1 org.apache.catalina.connector.CoyoteAdapter.service(Lorg/apache/coyote/Request;Lorg/apache/coyote/Response;)V (660 bytes) @ 0x00007f53e8d6402c [0x00007f53e8d62780+0x18ac]
J 4250 C1 org.apache.coyote.http11.AbstractHttp11Processor.process(Lorg/apache/tomcat/util/net/SocketWrapper;)Lorg/apache/tomcat/util/net/AbstractEndpoint$Handler$SocketState; (1102 bytes) @ 0x00007f53e8ce4e5c [0x00007f53e8ce10e0+0x3d7c]
J 4158 C1 org.apache.coyote.AbstractProtocol$AbstractConnectionHandler.process(Lorg/apache/tomcat/util/net/SocketWrapper;Lorg/apache/tomcat/util/net/SocketStatus;)Lorg/apache/tomcat/util/net/AbstractEndpoint$Handler$SocketState; (867 bytes) @ 0x00007f53e8c9606c [0x00007f53e8c93c00+0x246c]
J 4157 C1 org.apache.tomcat.util.net.NioEndpoint$SocketProcessor.doRun()V (603 bytes) @ 0x00007f53e8c892cc [0x00007f53e8c88120+0x11ac]
J 3934 C1 org.apache.tomcat.util.net.NioEndpoint$SocketProcessor.run()V (79 bytes) @ 0x00007f53e8be8b6c [0x00007f53e8be8780+0x3ec]
j  java.util.concurrent.ThreadPoolExecutor.runWorker(Ljava/util/concurrent/ThreadPoolExecutor$Worker;)V+95
j  java.util.concurrent.ThreadPoolExecutor$Worker.run()V+5
j  org.apache.tomcat.util.threads.TaskThread$WrappingRunnable.run()V+4
j  java.lang.Thread.run()V+11
v  ~StubRoutines::call_stub

---------------  P R O C E S S  ---------------

Java Threads: ( => current thread )
  0x00007f537c010000 JavaThread "http-nio-8090-exec-10" daemon [_thread_blocked, id=8790, stack(0x00007f53d5a22000,0x00007f53d5b23000)]
  0x00007f537c00e000 JavaThread "http-nio-8090-exec-9" daemon [_thread_blocked, id=8789, stack(0x00007f53d5b23000,0x00007f53d5c24000)]
  0x00007f537c00c800 JavaThread "http-nio-8090-exec-8" daemon [_thread_blocked, id=8788, stack(0x00007f53d5c24000,0x00007f53d5d25000)]
=>0x00007f537c00a800 JavaThread "http-nio-8090-exec-7" daemon [_thread_in_native, id=8787, stack(0x00007f53d5d25000,0x00007f53d5e26000)]
  0x00007f537c009800 JavaThread "http-nio-8090-exec-6" daemon [_thread_blocked, id=8785, stack(0x00007f53dc0af000,0x00007f53dc1b0000)]
  0x00007f537c008800 JavaThread "http-nio-8090-exec-5" daemon [_thread_blocked, id=8784, stack(0x00007f53e4049000,0x00007f53e414a000)]
  0x00007f537c007000 JavaThread "http-nio-8090-exec-4" daemon [_thread_blocked, id=8783, stack(0x00007f53d5e26000,0x00007f53d5f27000)]
  0x00007f537c005000 JavaThread "http-nio-8090-exec-3" daemon [_thread_blocked, id=8782, stack(0x00007f53d5f27000,0x00007f53d6028000)]
  0x00007f537c003800 JavaThread "http-nio-8090-exec-2" daemon [_thread_blocked, id=8781, stack(0x00007f53d6028000,0x00007f53d6129000)]
  0x00007f537c002000 JavaThread "http-nio-8090-exec-1" daemon [_thread_blocked, id=8777, stack(0x00007f53d6329000,0x00007f53d642a000)]
  0x00007f53f800f000 JavaThread "DestroyJavaVM" [_thread_blocked, id=8742, stack(0x00007f53fea88000,0x00007f53feb89000)]
  0x00007f53f8e7f000 JavaThread "Thread-5" [_thread_blocked, id=8776, stack(0x00007f53d642a000,0x00007f53d652b000)]
  0x00007f53f8e6f800 JavaThread "http-nio-8090-Acceptor-0" daemon [_thread_in_native, id=8775, stack(0x00007f53d652b000,0x00007f53d662c000)]
  0x00007f53f8e6d000 JavaThread "http-nio-8090-ClientPoller-1" daemon [_thread_in_native, id=8774, stack(0x00007f53d68e8000,0x00007f53d69e9000)]
  0x00007f53f8e5f800 JavaThread "http-nio-8090-ClientPoller-0" daemon [_thread_in_native, id=8773, stack(0x00007f53d69e9000,0x00007f53d6aea000)]
  0x00007f53f8e4f000 JavaThread "NioBlockingSelector.BlockPoller-1" daemon [_thread_in_native, id=8772, stack(0x00007f53d6aea000,0x00007f53d6beb000)]
  0x00007f53f88a7800 JavaThread "Thread-3" [_thread_blocked, id=8771, stack(0x00007f53d6deb000,0x00007f53d6eec000)]
  0x00007f53f88b0800 JavaThread "Thread-2" [_thread_blocked, id=8770, stack(0x00007f53d6eec000,0x00007f53d6fed000)]
  0x00007f53f887f000 JavaThread "container-0" [_thread_blocked, id=8769, stack(0x00007f53d71ed000,0x00007f53d72ee000)]
  0x00007f5390088000 JavaThread "ContainerBackgroundProcessor[StandardEngine[Tomcat].StandardHost[localhost].StandardContext[]]" daemon [_thread_blocked, id=8768, stack(0x00007f53d72ee000,0x00007f53d73ef000)]
  0x00007f53f80d6000 JavaThread "Service Thread" daemon [_thread_blocked, id=8759, stack(0x00007f53e476a000,0x00007f53e486b000)]
  0x00007f53f80d3000 JavaThread "C1 CompilerThread2" daemon [_thread_blocked, id=8758, stack(0x00007f53e486b000,0x00007f53e496c000)]
  0x00007f53f80d1000 JavaThread "C2 CompilerThread1" daemon [_thread_blocked, id=8757, stack(0x00007f53e496c000,0x00007f53e4a6d000)]
  0x00007f53f80ce800 JavaThread "C2 CompilerThread0" daemon [_thread_blocked, id=8756, stack(0x00007f53e4a6d000,0x00007f53e4b6e000)]
  0x00007f53bc001000 JavaThread "JDWP Command Reader" daemon [_thread_in_native, id=8755, stack(0x00007f53e4b6e000,0x00007f53e4c6f000)]
  0x00007f53f80cc000 JavaThread "JDWP Event Helper Thread" daemon [_thread_blocked, id=8753, stack(0x00007f53e4c6f000,0x00007f53e4d70000)]
  0x00007f53f80c8800 JavaThread "JDWP Transport Listener: dt_socket" daemon [_thread_blocked, id=8751, stack(0x00007f53e4d70000,0x00007f53e4e71000)]
  0x00007f53f80bb000 JavaThread "Signal Dispatcher" daemon [_thread_blocked, id=8750, stack(0x00007f53e5075000,0x00007f53e5176000)]
  0x00007f53f8089000 JavaThread "Finalizer" daemon [_thread_blocked, id=8749, stack(0x00007f53e5176000,0x00007f53e5277000)]
  0x00007f53f8084800 JavaThread "Reference Handler" daemon [_thread_blocked, id=8748, stack(0x00007f53e5277000,0x00007f53e5378000)]

Other Threads:
  0x00007f53f807d000 VMThread [stack: 0x00007f53e5378000,0x00007f53e5479000] [id=8747]
  0x00007f53f80d9000 WatcherThread [stack: 0x00007f53e4669000,0x00007f53e476a000] [id=8760]

VM state:not at safepoint (normal execution)

VM Mutex/Monitor currently owned by a thread: None

Heap:
 PSYoungGen      total 48640K, used 32611K [0x00000000d6780000, 0x00000000db500000, 0x0000000100000000)
  eden space 47616K, 66% used [0x00000000d6780000,0x00000000d8698fc8,0x00000000d9600000)
  from space 1024K, 75% used [0x00000000db400000,0x00000000db4c0000,0x00000000db500000)
  to   space 12288K, 0% used [0x00000000d9d00000,0x00000000d9d00000,0x00000000da900000)
 ParOldGen       total 64000K, used 20646K [0x0000000083600000, 0x0000000087480000, 0x00000000d6780000)
  object space 64000K, 32% used [0x0000000083600000,0x0000000084a29800,0x0000000087480000)
 Metaspace       used 30370K, capacity 30684K, committed 31024K, reserved 1077248K
  class space    used 3543K, capacity 3622K, committed 3632K, reserved 1048576K

Card table byte_map: [0x00007f53e792c000,0x00007f53e7d12000] byte_map_base: 0x00007f53e7511000

Marking Bits: (ParMarkBitMap*) 0x00007f53fdf5dd60
 Begin Bits: [0x00007f53dc1b0000, 0x00007f53de0d8000)
 End Bits:   [0x00007f53de0d8000, 0x00007f53e0000000)

Polling page: 0x00007f53feba6000

CodeCache: size=245760Kb used=14379Kb max_used=14401Kb free=231380Kb
 bounds [0x00007f53e80d2000, 0x00007f53e8f02000, 0x00007f53f70d2000]
 total_blobs=4348 nmethods=3931 adapters=337
 compilation: enabled

Compilation events (10 events):
Event: 5390.701 Thread 0x00007f53f80d3000 nmethod 5119 0x00007f53e87badd0 code [0x00007f53e87baf20, 0x00007f53e87bb030]
Event: 5390.702 Thread 0x00007f53f80d3000 5120       3       com.fasterxml.jackson.core.util.BufferRecycler::allocCharBuffer (53 bytes)
Event: 5390.703 Thread 0x00007f53f80d3000 nmethod 5120 0x00007f53e8acb810 code [0x00007f53e8acb9a0, 0x00007f53e8acbed0]
Event: 5390.703 Thread 0x00007f53f80d3000 5121       3       com.fasterxml.jackson.core.util.BufferRecycler::charBufferLength (6 bytes)
Event: 5390.703 Thread 0x00007f53f80d3000 nmethod 5121 0x00007f53e862a650 code [0x00007f53e862a7c0, 0x00007f53e862a930]
Event: 5390.703 Thread 0x00007f53f80d3000 5122       3       com.fasterxml.jackson.core.util.BufferRecycler::calloc (4 bytes)
Event: 5390.703 Thread 0x00007f53f80d3000 nmethod 5122 0x00007f53e8632d50 code [0x00007f53e8632ec0, 0x00007f53e8633090]
Event: 5390.721 Thread 0x00007f53f80d3000 5123       3       org.apache.catalina.connector.InputBuffer::close (6 bytes)
Event: 5390.721 Thread 0x00007f53f80d3000 nmethod 5123 0x00007f53e887fad0 code [0x00007f53e887fc20, 0x00007f53e887fd70]
Event: 5390.914 Thread 0x00007f53f80d3000 5124   !   3       org.springframework.web.method.support.InvocableHandlerMethod::doInvoke (114 bytes)

GC Heap History (10 events):
Event: 10.153 GC heap before
{Heap before GC invocations=7 (full 1):
 PSYoungGen      total 40960K, used 6240K [0x00000000d6780000, 0x00000000d9a80000, 0x0000000100000000)
  eden space 31744K, 0% used [0x00000000d6780000,0x00000000d6780000,0x00000000d8680000)
  from space 9216K, 67% used [0x00000000d9180000,0x00000000d9798140,0x00000000d9a80000)
  to   space 10240K, 0% used [0x00000000d8680000,0x00000000d8680000,0x00000000d9080000)
 ParOldGen       total 86016K, used 7867K [0x0000000083600000, 0x0000000088a00000, 0x00000000d6780000)
  object space 86016K, 9% used [0x0000000083600000,0x0000000083daec68,0x0000000088a00000)
 Metaspace       used 21058K, capacity 21232K, committed 21296K, reserved 1069056K
  class space    used 2512K, capacity 2592K, committed 2608K, reserved 1048576K
Event: 10.217 GC heap after
Heap after GC invocations=7 (full 1):
 PSYoungGen      total 40960K, used 0K [0x00000000d6780000, 0x00000000d9a80000, 0x0000000100000000)
  eden space 31744K, 0% used [0x00000000d6780000,0x00000000d6780000,0x00000000d8680000)
  from space 9216K, 0% used [0x00000000d9180000,0x00000000d9180000,0x00000000d9a80000)
  to   space 10240K, 0% used [0x00000000d8680000,0x00000000d8680000,0x00000000d9080000)
 ParOldGen       total 64000K, used 12475K [0x0000000083600000, 0x0000000087480000, 0x00000000d6780000)
  object space 64000K, 19% used [0x0000000083600000,0x000000008422ec78,0x0000000087480000)
 Metaspace       used 21058K, capacity 21232K, committed 21296K, reserved 1069056K
  class space    used 2512K, capacity 2592K, committed 2608K, reserved 1048576K
}
Event: 12.366 GC heap before
{Heap before GC invocations=8 (full 1):
 PSYoungGen      total 40960K, used 31744K [0x00000000d6780000, 0x00000000d9a80000, 0x0000000100000000)
  eden space 31744K, 100% used [0x00000000d6780000,0x00000000d8680000,0x00000000d8680000)
  from space 9216K, 0% used [0x00000000d9180000,0x00000000d9180000,0x00000000d9a80000)
  to   space 10240K, 0% used [0x00000000d8680000,0x00000000d8680000,0x00000000d9080000)
 ParOldGen       total 64000K, used 12475K [0x0000000083600000, 0x0000000087480000, 0x00000000d6780000)
  object space 64000K, 19% used [0x0000000083600000,0x000000008422ec78,0x0000000087480000)
 Metaspace       used 25732K, capacity 26038K, committed 26288K, reserved 1073152K
  class space    used 3112K, capacity 3191K, committed 3248K, reserved 1048576K
Event: 12.372 GC heap after
Heap after GC invocations=8 (full 1):
 PSYoungGen      total 41984K, used 7960K [0x00000000d6780000, 0x00000000dac00000, 0x0000000100000000)
  eden space 31744K, 0% used [0x00000000d6780000,0x00000000d6780000,0x00000000d8680000)
  from space 10240K, 77% used [0x00000000d8680000,0x00000000d8e46188,0x00000000d9080000)
  to   space 10240K, 0% used [0x00000000da200000,0x00000000da200000,0x00000000dac00000)
 ParOldGen       total 64000K, used 12483K [0x0000000083600000, 0x0000000087480000, 0x00000000d6780000)
  object space 64000K, 19% used [0x0000000083600000,0x0000000084230c78,0x0000000087480000)
 Metaspace       used 25732K, capacity 26038K, committed 26288K, reserved 1073152K
  class space    used 3112K, capacity 3191K, committed 3248K, reserved 1048576K
}
Event: 12.917 GC heap before
{Heap before GC invocations=9 (full 1):
 PSYoungGen      total 41984K, used 39704K [0x00000000d6780000, 0x00000000dac00000, 0x0000000100000000)
  eden space 31744K, 100% used [0x00000000d6780000,0x00000000d8680000,0x00000000d8680000)
  from space 10240K, 77% used [0x00000000d8680000,0x00000000d8e46188,0x00000000d9080000)
  to   space 10240K, 0% used [0x00000000da200000,0x00000000da200000,0x00000000dac00000)
 ParOldGen       total 64000K, used 12483K [0x0000000083600000, 0x0000000087480000, 0x00000000d6780000)
  object space 64000K, 19% used [0x0000000083600000,0x0000000084230c78,0x0000000087480000)
 Metaspace       used 27298K, capacity 27636K, committed 28080K, reserved 1073152K
  class space    used 3305K, capacity 3420K, committed 3504K, reserved 1048576K
Event: 12.934 GC heap after
Heap after GC invocations=9 (full 1):
 PSYoungGen      total 58880K, used 9136K [0x00000000d6780000, 0x00000000db180000, 0x0000000100000000)
  eden space 48640K, 0% used [0x00000000d6780000,0x00000000d6780000,0x00000000d9700000)
  from space 10240K, 89% used [0x00000000da200000,0x00000000daaec188,0x00000000dac00000)
  to   space 11264K, 0% used [0x00000000d9700000,0x00000000d9700000,0x00000000da200000)
 ParOldGen       total 64000K, used 12491K [0x0000000083600000, 0x0000000087480000, 0x00000000d6780000)
  object space 64000K, 19% used [0x0000000083600000,0x0000000084232c78,0x0000000087480000)
 Metaspace       used 27298K, capacity 27636K, committed 28080K, reserved 1073152K
  class space    used 3305K, capacity 3420K, committed 3504K, reserved 1048576K
}
Event: 1783.732 GC heap before
{Heap before GC invocations=10 (full 1):
 PSYoungGen      total 58880K, used 57776K [0x00000000d6780000, 0x00000000db180000, 0x0000000100000000)
  eden space 48640K, 100% used [0x00000000d6780000,0x00000000d9700000,0x00000000d9700000)
  from space 10240K, 89% used [0x00000000da200000,0x00000000daaec188,0x00000000dac00000)
  to   space 11264K, 0% used [0x00000000d9700000,0x00000000d9700000,0x00000000da200000)
 ParOldGen       total 64000K, used 12491K [0x0000000083600000, 0x0000000087480000, 0x00000000d6780000)
  object space 64000K, 19% used [0x0000000083600000,0x0000000084232c78,0x0000000087480000)
 Metaspace       used 29771K, capacity 30140K, committed 30512K, reserved 1077248K
  class space    used 3486K, capacity 3590K, committed 3632K, reserved 1048576K
Event: 1784.497 GC heap after
Heap after GC invocations=10 (full 1):
 PSYoungGen      total 59904K, used 9690K [0x00000000d6780000, 0x00000000dbf80000, 0x0000000100000000)
  eden space 48640K, 0% used [0x00000000d6780000,0x00000000d6780000,0x00000000d9700000)
  from space 11264K, 86% used [0x00000000d9700000,0x00000000da076960,0x00000000da200000)
  to   space 11776K, 0% used [0x00000000db400000,0x00000000db400000,0x00000000dbf80000)
 ParOldGen       total 64000K, used 12499K [0x0000000083600000, 0x0000000087480000, 0x00000000d6780000)
  object space 64000K, 19% used [0x0000000083600000,0x0000000084234c78,0x0000000087480000)
 Metaspace       used 29771K, capacity 30140K, committed 30512K, reserved 1077248K
  class space    used 3486K, capacity 3590K, committed 3632K, reserved 1048576K
}
Event: 4052.729 GC heap before
{Heap before GC invocations=11 (full 1):
 PSYoungGen      total 59904K, used 58330K [0x00000000d6780000, 0x00000000dbf80000, 0x0000000100000000)
  eden space 48640K, 100% used [0x00000000d6780000,0x00000000d9700000,0x00000000d9700000)
  from space 11264K, 86% used [0x00000000d9700000,0x00000000da076960,0x00000000da200000)
  to   space 11776K, 0% used [0x00000000db400000,0x00000000db400000,0x00000000dbf80000)
 ParOldGen       total 64000K, used 12499K [0x0000000083600000, 0x0000000087480000, 0x00000000d6780000)
  object space 64000K, 19% used [0x0000000083600000,0x0000000084234c78,0x0000000087480000)
 Metaspace       used 29900K, capacity 30268K, committed 30512K, reserved 1077248K
  class space    used 3486K, capacity 3590K, committed 3632K, reserved 1048576K
Event: 4053.504 GC heap after
Heap after GC invocations=11 (full 1):
 PSYoungGen      total 48640K, used 768K [0x00000000d6780000, 0x00000000db500000, 0x0000000100000000)
  eden space 47616K, 0% used [0x00000000d6780000,0x00000000d6780000,0x00000000d9600000)
  from space 1024K, 75% used [0x00000000db400000,0x00000000db4c0000,0x00000000db500000)
  to   space 12288K, 0% used [0x00000000d9d00000,0x00000000d9d00000,0x00000000da900000)
 ParOldGen       total 64000K, used 20646K [0x0000000083600000, 0x0000000087480000, 0x00000000d6780000)
  object space 64000K, 32% used [0x0000000083600000,0x0000000084a29800,0x0000000087480000)
 Metaspace       used 29900K, capacity 30268K, committed 30512K, reserved 1077248K
  class space    used 3486K, capacity 3590K, committed 3632K, reserved 1048576K
}

Deoptimization events (10 events):
Event: 5389.339 Thread 0x00007f537c00a800 Uncommon trap: reason=bimorphic action=maybe_recompile pc=0x00007f53e831d378 method=java.util.concurrent.ConcurrentHashMap.replaceNode(Ljava/lang/Object;Ljava/lang/Object;Ljava/lang/Object;)Ljava/lang/Object; @ 1
Event: 5389.460 Thread 0x00007f53f8e4f000 Uncommon trap: reason=unstable_if action=reinterpret pc=0x00007f53e8e1dccc method=org.apache.tomcat.util.net.NioBlockingSelector$BlockPoller$3.run()V @ 26
Event: 5389.571 Thread 0x00007f537c00a800 Uncommon trap: reason=class_check action=maybe_recompile pc=0x00007f53e82245a0 method=org.springframework.http.HttpHeaders.getContentType()Lorg/springframework/http/MediaType; @ 3
Event: 5389.578 Thread 0x00007f537c00a800 Uncommon trap: reason=class_check action=maybe_recompile pc=0x00007f53e82245a0 method=org.springframework.http.HttpHeaders.getContentType()Lorg/springframework/http/MediaType; @ 3
Event: 5389.772 Thread 0x00007f537c00a800 Uncommon trap: reason=unstable_if action=reinterpret pc=0x00007f53e8e18b80 method=java.util.HashMap.clear()V @ 16
Event: 5390.112 Thread 0x00007f537c00c800 Uncommon trap: reason=unstable_if action=reinterpret pc=0x00007f53e8c51c10 method=org.apache.tomcat.util.http.MimeHeaders.createHeader()Lorg/apache/tomcat/util/http/MimeHeaderField; @ 60
Event: 5390.112 Thread 0x00007f537c00c800 Uncommon trap: reason=unstable_if action=reinterpret pc=0x00007f53e8ab0cb0 method=org.apache.coyote.http11.AbstractHttp11Processor.parseHost(Lorg/apache/tomcat/util/buf/MessageBytes;)V @ 58
Event: 5390.159 Thread 0x00007f537c00c800 Uncommon trap: reason=unstable_if action=reinterpret pc=0x00007f53e8d2401c method=org.apache.tomcat.util.buf.CharChunk.allocate(II)V @ 4
Event: 5390.159 Thread 0x00007f537c00c800 Uncommon trap: reason=unstable_if action=reinterpret pc=0x00007f53e8d2ac30 method=org.apache.catalina.core.ApplicationFilterChain.addFilter(Lorg/apache/catalina/core/ApplicationFilterConfig;)V @ 45
Event: 5390.458 Thread 0x00007f537c00a800 Uncommon trap: reason=unstable_if action=reinterpret pc=0x00007f53e8ce05b8 method=java.util.HashMap.clear()V @ 16

Internal exceptions (10 events):
Event: 14.136 Thread 0x00007f537c002000 Exception <a 'java/lang/ClassNotFoundException': org/springframework/web/servlet/theme/AbstractThemeResolverCustomizer> (0x00000000d6c2de18) thrown at [/HUDSON/workspace/8-2-build-linux-amd64/jdk8u91/6644/hotspot/src/share/vm/classfile/systemDictionary.cp
Event: 14.137 Thread 0x00007f537c002000 Exception <a 'java/lang/ClassNotFoundException': org/springframework/web/servlet/theme/FixedThemeResolverCustomizer> (0x00000000d6c41880) thrown at [/HUDSON/workspace/8-2-build-linux-amd64/jdk8u91/6644/hotspot/src/share/vm/classfile/systemDictionary.cpp, 
Event: 14.139 Thread 0x00007f537c002000 Exception <a 'java/lang/ClassNotFoundException': org/springframework/web/servlet/view/DefaultRequestToViewNameTranslatorBeanInfo> (0x00000000d6c6a1f0) thrown at [/HUDSON/workspace/8-2-build-linux-amd64/jdk8u91/6644/hotspot/src/share/vm/classfile/systemDic
Event: 14.140 Thread 0x00007f537c002000 Exception <a 'java/lang/ClassNotFoundException': org/springframework/web/servlet/view/DefaultRequestToViewNameTranslatorCustomizer> (0x00000000d6c7c140) thrown at [/HUDSON/workspace/8-2-build-linux-amd64/jdk8u91/6644/hotspot/src/share/vm/classfile/systemD
Event: 14.143 Thread 0x00007f537c002000 Exception <a 'java/lang/ClassNotFoundException': org/springframework/web/servlet/support/SessionFlashMapManagerBeanInfo> (0x00000000d6cc1e18) thrown at [/HUDSON/workspace/8-2-build-linux-amd64/jdk8u91/6644/hotspot/src/share/vm/classfile/systemDictionary.c
Event: 14.143 Thread 0x00007f537c002000 Exception <a 'java/lang/ClassNotFoundException': org/springframework/web/servlet/support/AbstractFlashMapManagerBeanInfo> (0x00000000d6cd27a8) thrown at [/HUDSON/workspace/8-2-build-linux-amd64/jdk8u91/6644/hotspot/src/share/vm/classfile/systemDictionary.
Event: 14.144 Thread 0x00007f537c002000 Exception <a 'java/lang/ClassNotFoundException': org/springframework/web/servlet/support/AbstractFlashMapManagerCustomizer> (0x00000000d6ce3428) thrown at [/HUDSON/workspace/8-2-build-linux-amd64/jdk8u91/6644/hotspot/src/share/vm/classfile/systemDictionar
Event: 14.145 Thread 0x00007f537c002000 Exception <a 'java/lang/ClassNotFoundException': org/springframework/web/servlet/support/SessionFlashMapManagerCustomizer> (0x00000000d6cfbdf0) thrown at [/HUDSON/workspace/8-2-build-linux-amd64/jdk8u91/6644/hotspot/src/share/vm/classfile/systemDictionary
Event: 5388.207 Thread 0x00007f537c00a800 Implicit null exception at 0x00007f53e8e15bea to 0x00007f53e8e169a1
Event: 5390.159 Thread 0x00007f537c00c800 Implicit null exception at 0x00007f53e8d23c37 to 0x00007f53e8d23ff5

Events (10 events):
Event: 5390.700 loading class com/fasterxml/jackson/annotation/JsonFormat$Shape
Event: 5390.700 loading class com/fasterxml/jackson/annotation/JsonFormat$Shape done
Event: 5390.704 loading class com/fasterxml/jackson/core/io/NumberInput
Event: 5390.704 loading class com/fasterxml/jackson/core/io/NumberInput done
Event: 5390.737 loading class org/springframework/web/bind/ServletRequestParameterPropertyValues
Event: 5390.737 loading class org/springframework/web/bind/ServletRequestParameterPropertyValues done
Event: 5390.836 loading class org/springframework/validation/annotation/Validated
Event: 5390.836 loading class org/springframework/validation/annotation/Validated done
Event: 5390.914 loading class linec/monitor/base/model/Service
Event: 5390.914 loading class linec/monitor/base/model/Service done


Dynamic libraries:
00400000-00401000 r-xp 00000000 08:01 5776068                            /home/zlin/java/jdk1.8.0_91/bin/java
00600000-00601000 rw-p 00000000 08:01 5776068                            /home/zlin/java/jdk1.8.0_91/bin/java
016f8000-01719000 rw-p 00000000 00:00 0                                  [heap]
83600000-87480000 rw-p 00000000 00:00 0 
87480000-d6780000 ---p 00000000 00:00 0 
d6780000-db500000 rw-p 00000000 00:00 0 
db500000-100000000 ---p 00000000 00:00 0 
100000000-10038c000 rw-p 00000000 00:00 0 
10038c000-140000000 ---p 00000000 00:00 0 
7f5360000000-7f53602e1000 rw-p 00000000 00:00 0 
7f53602e1000-7f5364000000 ---p 00000000 00:00 0 
7f5368000000-7f5368047000 rw-p 00000000 00:00 0 
7f5368047000-7f536c000000 ---p 00000000 00:00 0 
7f536c000000-7f536c036000 rw-p 00000000 00:00 0 
7f536c036000-7f5370000000 ---p 00000000 00:00 0 
7f5370000000-7f5370021000 rw-p 00000000 00:00 0 
7f5370021000-7f5374000000 ---p 00000000 00:00 0 
7f5374000000-7f5374021000 rw-p 00000000 00:00 0 
7f5374021000-7f5378000000 ---p 00000000 00:00 0 
7f5378000000-7f5378021000 rw-p 00000000 00:00 0 
7f5378021000-7f537c000000 ---p 00000000 00:00 0 
7f537c000000-7f537c021000 rw-p 00000000 00:00 0 
7f537c021000-7f5380000000 ---p 00000000 00:00 0 
7f5380000000-7f5380021000 rw-p 00000000 00:00 0 
7f5380021000-7f5384000000 ---p 00000000 00:00 0 
7f5384000000-7f5384021000 rw-p 00000000 00:00 0 
7f5384021000-7f5388000000 ---p 00000000 00:00 0 
7f5388000000-7f5388021000 rw-p 00000000 00:00 0 
7f5388021000-7f538c000000 ---p 00000000 00:00 0 
7f538c000000-7f538c28b000 rw-p 00000000 00:00 0 
7f538c28b000-7f5390000000 ---p 00000000 00:00 0 
7f5390000000-7f53902a8000 rw-p 00000000 00:00 0 
7f53902a8000-7f5394000000 ---p 00000000 00:00 0 
7f5394000000-7f5394021000 rw-p 00000000 00:00 0 
7f5394021000-7f5398000000 ---p 00000000 00:00 0 
7f5398000000-7f5398021000 rw-p 00000000 00:00 0 
7f5398021000-7f539c000000 ---p 00000000 00:00 0 
7f539c000000-7f539c021000 rw-p 00000000 00:00 0 
7f539c021000-7f53a0000000 ---p 00000000 00:00 0 
7f53a0000000-7f53a07ce000 rw-p 00000000 00:00 0 
7f53a07ce000-7f53a4000000 ---p 00000000 00:00 0 
7f53a4000000-7f53a4021000 rw-p 00000000 00:00 0 
7f53a4021000-7f53a8000000 ---p 00000000 00:00 0 
7f53a8000000-7f53ab6e1000 rw-p 00000000 00:00 0 
7f53ab6e1000-7f53ac000000 ---p 00000000 00:00 0 
7f53ac000000-7f53ae661000 rw-p 00000000 00:00 0 
7f53ae661000-7f53b0000000 ---p 00000000 00:00 0 
7f53b0000000-7f53b0021000 rw-p 00000000 00:00 0 
7f53b0021000-7f53b4000000 ---p 00000000 00:00 0 
7f53b4000000-7f53b4068000 rw-p 00000000 00:00 0 
7f53b4068000-7f53b8000000 ---p 00000000 00:00 0 
7f53b8000000-7f53b8021000 rw-p 00000000 00:00 0 
7f53b8021000-7f53bc000000 ---p 00000000 00:00 0 
7f53bc000000-7f53bc021000 rw-p 00000000 00:00 0 
7f53bc021000-7f53c0000000 ---p 00000000 00:00 0 
7f53c0000000-7f53c0021000 rw-p 00000000 00:00 0 
7f53c0021000-7f53c4000000 ---p 00000000 00:00 0 
7f53c4000000-7f53c4021000 rw-p 00000000 00:00 0 
7f53c4021000-7f53c8000000 ---p 00000000 00:00 0 
7f53c8000000-7f53c8021000 rw-p 00000000 00:00 0 
7f53c8021000-7f53cc000000 ---p 00000000 00:00 0 
7f53cc000000-7f53cc02a000 rw-p 00000000 00:00 0 
7f53cc02a000-7f53d0000000 ---p 00000000 00:00 0 
7f53d0000000-7f53d0021000 rw-p 00000000 00:00 0 
7f53d0021000-7f53d4000000 ---p 00000000 00:00 0 
7f53d5822000-7f53d58e2000 rw-p 00000000 00:00 0 
7f53d58e2000-7f53d5a22000 ---p 00000000 00:00 0 
7f53d5a22000-7f53d5a25000 ---p 00000000 00:00 0 
7f53d5a25000-7f53d5b23000 rw-p 00000000 00:00 0                          [stack:8790]
7f53d5b23000-7f53d5b26000 ---p 00000000 00:00 0 
7f53d5b26000-7f53d5c24000 rw-p 00000000 00:00 0                          [stack:8789]
7f53d5c24000-7f53d5c27000 ---p 00000000 00:00 0 
7f53d5c27000-7f53d5d25000 rw-p 00000000 00:00 0                          [stack:8788]
7f53d5d25000-7f53d5d28000 ---p 00000000 00:00 0 
7f53d5d28000-7f53d5e26000 rw-p 00000000 00:00 0                          [stack:8787]
7f53d5e26000-7f53d5e29000 ---p 00000000 00:00 0 
7f53d5e29000-7f53d5f27000 rw-p 00000000 00:00 0                          [stack:8783]
7f53d5f27000-7f53d5f2a000 ---p 00000000 00:00 0 
7f53d5f2a000-7f53d6028000 rw-p 00000000 00:00 0                          [stack:8782]
7f53d6028000-7f53d602b000 ---p 00000000 00:00 0 
7f53d602b000-7f53d6329000 rw-p 00000000 00:00 0                          [stack:8781]
7f53d6329000-7f53d632c000 ---p 00000000 00:00 0 
7f53d632c000-7f53d642a000 rw-p 00000000 00:00 0                          [stack:8777]
7f53d642a000-7f53d642d000 ---p 00000000 00:00 0 
7f53d642d000-7f53d652b000 rw-p 00000000 00:00 0                          [stack:8776]
7f53d652b000-7f53d652e000 ---p 00000000 00:00 0 
7f53d652e000-7f53d682c000 rw-p 00000000 00:00 0                          [stack:8775]
7f53d68e8000-7f53d68eb000 ---p 00000000 00:00 0 
7f53d68eb000-7f53d69e9000 rw-p 00000000 00:00 0                          [stack:8774]
7f53d69e9000-7f53d69ec000 ---p 00000000 00:00 0 
7f53d69ec000-7f53d6aea000 rw-p 00000000 00:00 0                          [stack:8773]
7f53d6aea000-7f53d6aed000 ---p 00000000 00:00 0 
7f53d6aed000-7f53d6deb000 rw-p 00000000 00:00 0                          [stack:8772]
7f53d6deb000-7f53d6dee000 ---p 00000000 00:00 0 
7f53d6dee000-7f53d6eec000 rw-p 00000000 00:00 0                          [stack:8771]
7f53d6eec000-7f53d6eef000 ---p 00000000 00:00 0 
7f53d6eef000-7f53d71ed000 rw-p 00000000 00:00 0                          [stack:8770]
7f53d71ed000-7f53d71f0000 ---p 00000000 00:00 0 
7f53d71f0000-7f53d72ee000 rw-p 00000000 00:00 0                          [stack:8769]
7f53d72ee000-7f53d72f1000 ---p 00000000 00:00 0 
7f53d72f1000-7f53d75ef000 rw-p 00000000 00:00 0                          [stack:8768]
7f53d75ef000-7f53d7600000 r-xp 00000000 08:01 294379                     /home/zlin/java/jdk1.8.0_91/jre/lib/amd64/libnio.so
7f53d7600000-7f53d77ff000 ---p 00011000 08:01 294379                     /home/zlin/java/jdk1.8.0_91/jre/lib/amd64/libnio.so
7f53d77ff000-7f53d7800000 rw-p 00010000 08:01 294379                     /home/zlin/java/jdk1.8.0_91/jre/lib/amd64/libnio.so
7f53d7800000-7f53d7a00000 rw-p 00000000 00:00 0 
7f53d7a00000-7f53d7c00000 rw-p 00000000 00:00 0 
7f53d7c00000-7f53d7e00000 rw-p 00000000 00:00 0 
7f53d7e00000-7f53d8000000 rw-p 00000000 00:00 0 
7f53d8000000-7f53d8021000 rw-p 00000000 00:00 0 
7f53d8021000-7f53dc000000 ---p 00000000 00:00 0 
7f53dc0af000-7f53dc0b2000 ---p 00000000 00:00 0 
7f53dc0b2000-7f53e0000000 rw-p 00000000 00:00 0                          [stack:8785]
7f53e0000000-7f53e0021000 rw-p 00000000 00:00 0 
7f53e0021000-7f53e4000000 ---p 00000000 00:00 0 
7f53e403f000-7f53e4043000 rw-p 00000000 00:00 0 
7f53e4043000-7f53e4049000 r--s 002f8000 08:01 294167                     /home/zlin/java/jdk1.8.0_91/jre/lib/charsets.jar
7f53e4049000-7f53e404c000 ---p 00000000 00:00 0 
7f53e404c000-7f53e414a000 rw-p 00000000 00:00 0                          [stack:8784]
7f53e414a000-7f53e414e000 r--s 00097000 08:01 294221                     /home/zlin/java/jdk1.8.0_91/jre/lib/jsse.jar
7f53e414e000-7f53e4161000 r--s 00344000 08:01 294207                     /home/zlin/java/jdk1.8.0_91/jre/lib/resources.jar
7f53e4161000-7f53e4177000 r-xp 00000000 08:01 294376                     /home/zlin/java/jdk1.8.0_91/jre/lib/amd64/libnet.so
7f53e4177000-7f53e4377000 ---p 00016000 08:01 294376                     /home/zlin/java/jdk1.8.0_91/jre/lib/amd64/libnet.so
7f53e4377000-7f53e4378000 rw-p 00016000 08:01 294376                     /home/zlin/java/jdk1.8.0_91/jre/lib/amd64/libnet.so
7f53e4378000-7f53e4381000 r-xp 00000000 08:01 294384                     /home/zlin/java/jdk1.8.0_91/jre/lib/amd64/libmanagement.so
7f53e4381000-7f53e4580000 ---p 00009000 08:01 294384                     /home/zlin/java/jdk1.8.0_91/jre/lib/amd64/libmanagement.so
7f53e4580000-7f53e4581000 rw-p 00008000 08:01 294384                     /home/zlin/java/jdk1.8.0_91/jre/lib/amd64/libmanagement.so
7f53e4581000-7f53e4583000 r--s 00000000 08:01 2359635                    /home/zlin/.gradle/caches/modules-2/files-2.1/aopalliance/aopalliance/1.0/235ba8b489512805ac13a8f9ea77a1ca5ebe3e8/aopalliance-1.0.jar
7f53e4583000-7f53e458c000 r--s 0004f000 08:01 2371559                    /home/zlin/.gradle/caches/modules-2/files-2.1/org.springframework/spring-aop/4.1.8.RELEASE/408fb870d35dbcfa0a2860d10692be45f543dc72/spring-aop-4.1.8.RELEASE.jar
7f53e458c000-7f53e4591000 r--s 0003b000 08:01 2371575                    /home/zlin/.gradle/caches/modules-2/files-2.1/org.springframework/spring-expression/4.1.8.RELEASE/cfd1574b07fdfea85ed8370b688c9daa0294ce87/spring-expression-4.1.8.RELEASE.jar
7f53e4591000-7f53e45a9000 r--s 000e3000 08:01 2371561                    /home/zlin/.gradle/caches/modules-2/files-2.1/org.springframework/spring-context/4.1.8.RELEASE/7a3b7141186484e57653a720ce9b58298debafad/spring-context-4.1.8.RELEASE.jar
7f53e45a9000-7f53e45b6000 r--s 000a1000 08:01 2371560                    /home/zlin/.gradle/caches/modules-2/files-2.1/org.springframework/spring-beans/4.1.8.RELEASE/1e9f9dfb8ee0d645da05dcb88d2e0138588d22e7/spring-beans-4.1.8.RELEASE.jar
7f53e45b6000-7f53e45b8000 r--s 0000e000 08:01 2359369                    /home/zlin/.gradle/caches/modules-2/files-2.1/commons-logging/commons-logging/1.2/4bfc12adfe4842bf07b657f0369c4cb522955686/commons-logging-1.2.jar
7f53e45b8000-7f53e45c8000 r--s 000a1000 08:01 2371240                    /home/zlin/.gradle/caches/modules-2/files-2.1/org.springframework/spring-web/4.1.8.RELEASE/d0ac54adf8a79e652a019a9cba8fdb29ecbb2131/spring-web-4.1.8.RELEASE.jar
7f53e45c8000-7f53e45d3000 r--s 00065000 08:01 2359648                    /home/zlin/.gradle/caches/modules-2/files-2.1/ch.qos.logback/logback-core/1.1.3/e3c02049f2dbbc764681b40094ecf0dcbc99b157/logback-core-1.1.3.jar
7f53e45d3000-7f53e45d9000 r--s 0003f000 08:01 2359645                    /home/zlin/.gradle/caches/modules-2/files-2.1/ch.qos.logback/logback-classic/1.1.3/d90276fff414f06cb375f2057f6778cd63c6082f/logback-classic-1.1.3.jar
7f53e45d9000-7f53e45db000 r--s 00000000 08:01 2359643                    /home/zlin/.gradle/caches/modules-2/files-2.1/org.slf4j/jul-to-slf4j/1.7.12/8811e2e9ab9055e557598dc9aedc64fd43e0ab20/jul-to-slf4j-1.7.12.jar
7f53e45db000-7f53e45dd000 r--s 00003000 08:01 2359642                    /home/zlin/.gradle/caches/modules-2/files-2.1/org.slf4j/jcl-over-slf4j/1.7.12/adef7a9e1263298255fdb5cb107ff171d07c82f3/jcl-over-slf4j-1.7.12.jar
7f53e45dd000-7f53e45df000 r--s 0000d000 08:01 2359634                    /home/zlin/.gradle/caches/modules-2/files-2.1/com.fasterxml/classmate/1.0.0/434efef28c81162b17c540e634cffa3bd9b09b4c/classmate-1.0.0.jar
7f53e45df000-7f53e45e3000 r--s 0000c000 08:01 2359633                    /home/zlin/.gradle/caches/modules-2/files-2.1/javax.validation/validation-api/1.1.0.Final/8613ae82954779d518631e05daa73a6a954817d5/validation-api-1.1.0.Final.jar
7f53e45e3000-7f53e45e7000 r--s 00034000 08:01 2371558                    /home/zlin/.gradle/caches/modules-2/files-2.1/com.fasterxml.jackson.core/jackson-core/2.4.6/2a1f6edb86b8c6d29f37f6a807295d4e5c279707/jackson-core-2.4.6.jar
7f53e45e7000-7f53e45ed000 r--s 00036000 08:01 2359632                    /home/zlin/.gradle/caches/modules-2/files-2.1/org.apache.tomcat.embed/tomcat-embed-websocket/8.0.28/61dfc07af876f1fa9ee9f30112babf30c721a543/tomcat-embed-websocket-8.0.28.jar
7f53e45ed000-7f53e45f4000 r--s 0003d000 08:01 2359630                    /home/zlin/.gradle/caches/modules-2/files-2.1/org.yaml/snakeyaml/1.14/c2df91929ed06a25001939929bff5120e0ea3fd4/snakeyaml-1.14.jar
7f53e45f4000-7f53e4604000 r--s 0006b000 08:01 2359628                    /home/zlin/.gradle/caches/modules-2/files-2.1/org.springframework.boot/spring-boot-autoconfigure/1.2.7.RELEASE/5920116bb45bcb0f8006eb48d0f9279c94ed47d7/spring-boot-autoconfigure-1.2.7.RELEASE.jar
7f53e4604000-7f53e460e000 r--s 00060000 08:01 2359627                    /home/zlin/.gradle/caches/modules-2/files-2.1/org.springframework.boot/spring-boot/1.2.7.RELEASE/1ade672b8c993824fbf997eb193729fe27c0b022/spring-boot-1.2.7.RELEASE.jar
7f53e460e000-7f53e4620000 r--s 00223000 08:01 2359610                    /home/zlin/.gradle/caches/modules-2/files-2.1/org.eclipse.jdt.core.compiler/ecj/4.4.2/71d67f5bab9465ec844596ef844f40902ae25392/ecj-4.4.2.jar
7f53e4620000-7f53e4645000 r--s 0028c000 08:01 2359608                    /home/zlin/.gradle/caches/modules-2/files-2.1/org.apache.tomcat.embed/tomcat-embed-core/8.0.28/dd5f6dea56f0227f1b4e7d85ae6ad8041886fcad/tomcat-embed-core-8.0.28.jar
7f53e4645000-7f53e4654000 r--s 000b1000 08:01 2359649                    /home/zlin/.gradle/caches/modules-2/files-2.1/org.springframework/spring-webmvc/4.1.8.RELEASE/6a7904ceab9967a3b71b7b8543dd087765b17711/spring-webmvc-4.1.8.RELEASE.jar
7f53e4654000-7f53e4669000 r--s 000e2000 08:01 2359368                    /home/zlin/.gradle/caches/modules-2/files-2.1/org.springframework/spring-core/4.1.8.RELEASE/f1e1d887f325e1fe9005a0c3e4e1b74520f19252/spring-core-4.1.8.RELEASE.jar
7f53e4669000-7f53e466a000 ---p 00000000 00:00 0 
7f53e466a000-7f53e476a000 rw-p 00000000 00:00 0                          [stack:8760]
7f53e476a000-7f53e476d000 ---p 00000000 00:00 0 
7f53e476d000-7f53e486b000 rw-p 00000000 00:00 0                          [stack:8759]
7f53e486b000-7f53e486e000 ---p 00000000 00:00 0 
7f53e486e000-7f53e496c000 rw-p 00000000 00:00 0                          [stack:8758]
7f53e496c000-7f53e496f000 ---p 00000000 00:00 0 
7f53e496f000-7f53e4a6d000 rw-p 00000000 00:00 0                          [stack:8757]
7f53e4a6d000-7f53e4a70000 ---p 00000000 00:00 0 
7f53e4a70000-7f53e4b6e000 rw-p 00000000 00:00 0                          [stack:8756]
7f53e4b6e000-7f53e4b71000 ---p 00000000 00:00 0 
7f53e4b71000-7f53e4c6f000 rw-p 00000000 00:00 0                          [stack:8755]
7f53e4c6f000-7f53e4c72000 ---p 00000000 00:00 0 
7f53e4c72000-7f53e4d70000 rw-p 00000000 00:00 0                          [stack:8753]
7f53e4d70000-7f53e4d73000 ---p 00000000 00:00 0 
7f53e4d73000-7f53e4e71000 rw-p 00000000 00:00 0                          [stack:8751]
7f53e4e71000-7f53e4e75000 r-xp 00000000 08:01 294341                     /home/zlin/java/jdk1.8.0_91/jre/lib/amd64/libdt_socket.so
7f53e4e75000-7f53e5074000 ---p 00004000 08:01 294341                     /home/zlin/java/jdk1.8.0_91/jre/lib/amd64/libdt_socket.so
7f53e5074000-7f53e5075000 rw-p 00003000 08:01 294341                     /home/zlin/java/jdk1.8.0_91/jre/lib/amd64/libdt_socket.so
7f53e5075000-7f53e5078000 ---p 00000000 00:00 0 
7f53e5078000-7f53e5176000 rw-p 00000000 00:00 0                          [stack:8750]
7f53e5176000-7f53e5179000 ---p 00000000 00:00 0 
7f53e5179000-7f53e5277000 rw-p 00000000 00:00 0                          [stack:8749]
7f53e5277000-7f53e527a000 ---p 00000000 00:00 0 
7f53e527a000-7f53e5378000 rw-p 00000000 00:00 0                          [stack:8748]
7f53e5378000-7f53e5379000 ---p 00000000 00:00 0 
7f53e5379000-7f53e645b000 rw-p 00000000 00:00 0                          [stack:8747]
7f53e645b000-7f53e6634000 r--s 03d1f000 08:01 294169                     /home/zlin/java/jdk1.8.0_91/jre/lib/rt.jar
7f53e6634000-7f53e728f000 rw-p 00000000 00:00 0 
7f53e728f000-7f53e7290000 ---p 00000000 00:00 0 
7f53e7290000-7f53e7390000 rw-p 00000000 00:00 0                          [stack:8746]
7f53e7390000-7f53e7391000 ---p 00000000 00:00 0 
7f53e7391000-7f53e7491000 rw-p 00000000 00:00 0                          [stack:8745]
7f53e7491000-7f53e7492000 ---p 00000000 00:00 0 
7f53e7492000-7f53e7592000 rw-p 00000000 00:00 0                          [stack:8744]
7f53e7592000-7f53e7593000 ---p 00000000 00:00 0 
7f53e7593000-7f53e76b3000 rw-p 00000000 00:00 0                          [stack:8743]
7f53e76b3000-7f53e792c000 ---p 00000000 00:00 0 
7f53e792c000-7f53e794c000 rw-p 00000000 00:00 0 
7f53e794c000-7f53e7bc4000 ---p 00000000 00:00 0 
7f53e7bc4000-7f53e7bec000 rw-p 00000000 00:00 0 
7f53e7bec000-7f53e7d11000 ---p 00000000 00:00 0 
7f53e7d11000-7f53e7d4b000 rw-p 00000000 00:00 0 
7f53e7d4b000-7f53e80d2000 ---p 00000000 00:00 0 
7f53e80d2000-7f53e8f02000 rwxp 00000000 00:00 0 
7f53e8f02000-7f53f70d2000 ---p 00000000 00:00 0 
7f53f70d2000-7f53f70ec000 r-xp 00000000 08:01 294372                     /home/zlin/java/jdk1.8.0_91/jre/lib/amd64/libzip.so
7f53f70ec000-7f53f72ec000 ---p 0001a000 08:01 294372                     /home/zlin/java/jdk1.8.0_91/jre/lib/amd64/libzip.so
7f53f72ec000-7f53f72ed000 rw-p 0001a000 08:01 294372                     /home/zlin/java/jdk1.8.0_91/jre/lib/amd64/libzip.so
7f53f72ed000-7f53f72f7000 r-xp 00000000 08:01 4725705                    /lib/x86_64-linux-gnu/libnss_files-2.19.so
7f53f72f7000-7f53f74f6000 ---p 0000a000 08:01 4725705                    /lib/x86_64-linux-gnu/libnss_files-2.19.so
7f53f74f6000-7f53f74f7000 r--p 00009000 08:01 4725705                    /lib/x86_64-linux-gnu/libnss_files-2.19.so
7f53f74f7000-7f53f74f8000 rw-p 0000a000 08:01 4725705                    /lib/x86_64-linux-gnu/libnss_files-2.19.so
7f53f74f8000-7f53f7503000 r-xp 00000000 08:01 4725697                    /lib/x86_64-linux-gnu/libnss_nis-2.19.so
7f53f7503000-7f53f7702000 ---p 0000b000 08:01 4725697                    /lib/x86_64-linux-gnu/libnss_nis-2.19.so
7f53f7702000-7f53f7703000 r--p 0000a000 08:01 4725697                    /lib/x86_64-linux-gnu/libnss_nis-2.19.so
7f53f7703000-7f53f7704000 rw-p 0000b000 08:01 4725697                    /lib/x86_64-linux-gnu/libnss_nis-2.19.so
7f53f7704000-7f53f771b000 r-xp 00000000 08:01 4725693                    /lib/x86_64-linux-gnu/libnsl-2.19.so
7f53f771b000-7f53f791a000 ---p 00017000 08:01 4725693                    /lib/x86_64-linux-gnu/libnsl-2.19.so
7f53f791a000-7f53f791b000 r--p 00016000 08:01 4725693                    /lib/x86_64-linux-gnu/libnsl-2.19.so
7f53f791b000-7f53f791c000 rw-p 00017000 08:01 4725693                    /lib/x86_64-linux-gnu/libnsl-2.19.so
7f53f791c000-7f53f791e000 rw-p 00000000 00:00 0 
7f53f791e000-7f53f8000000 r--p 00000000 08:01 4987913                    /usr/lib/locale/locale-archive
7f53f8000000-7f53f8e93000 rw-p 00000000 00:00 0 
7f53f8e93000-7f53fc000000 ---p 00000000 00:00 0 
7f53fc000000-7f53fc001000 r--s 00007000 08:01 2359659                    /home/zlin/.gradle/caches/modules-2/files-2.1/org.slf4j/slf4j-api/1.7.12/8e20852d05222dc286bf1c71d78d0531e177c317/slf4j-api-1.7.12.jar
7f53fc001000-7f53fc004000 r--s 00007000 08:01 2371557                    /home/zlin/.gradle/caches/modules-2/files-2.1/com.fasterxml.jackson.core/jackson-annotations/2.4.0/d6a66c7a5f01cf500377bd669507a08cfeba882a/jackson-annotations-2.4.0.jar
7f53fc004000-7f53fc009000 r--s 00036000 08:01 2359609                    /home/zlin/.gradle/caches/modules-2/files-2.1/org.apache.tomcat.embed/tomcat-embed-el/8.0.28/12ff86316ae8835b410461401ce8a77d040b0c5f/tomcat-embed-el-8.0.28.jar
7f53fc009000-7f53fc017000 r--s 0008d000 08:01 2359606                    /home/zlin/.gradle/caches/modules-2/files-2.1/org.hibernate/hibernate-validator/5.1.3.Final/334d46a93cf095160ce06d8382594b904933c808/hibernate-validator-5.1.3.Final.jar
7f53fc017000-7f53fc020000 r-xp 00000000 08:01 4725692                    /lib/x86_64-linux-gnu/libnss_compat-2.19.so
7f53fc020000-7f53fc21f000 ---p 00009000 08:01 4725692                    /lib/x86_64-linux-gnu/libnss_compat-2.19.so
7f53fc21f000-7f53fc220000 r--p 00008000 08:01 4725692                    /lib/x86_64-linux-gnu/libnss_compat-2.19.so
7f53fc220000-7f53fc221000 rw-p 00009000 08:01 4725692                    /lib/x86_64-linux-gnu/libnss_compat-2.19.so
7f53fc221000-7f53fc223000 r-xp 00000000 08:01 294342                     /home/zlin/java/jdk1.8.0_91/jre/lib/amd64/libnpt.so
7f53fc223000-7f53fc423000 ---p 00002000 08:01 294342                     /home/zlin/java/jdk1.8.0_91/jre/lib/amd64/libnpt.so
7f53fc423000-7f53fc424000 rw-p 00002000 08:01 294342                     /home/zlin/java/jdk1.8.0_91/jre/lib/amd64/libnpt.so
7f53fc424000-7f53fc45d000 r-xp 00000000 08:01 294361                     /home/zlin/java/jdk1.8.0_91/jre/lib/amd64/libjdwp.so
7f53fc45d000-7f53fc65c000 ---p 00039000 08:01 294361                     /home/zlin/java/jdk1.8.0_91/jre/lib/amd64/libjdwp.so
7f53fc65c000-7f53fc65e000 rw-p 00038000 08:01 294361                     /home/zlin/java/jdk1.8.0_91/jre/lib/amd64/libjdwp.so
7f53fc65e000-7f53fc688000 r-xp 00000000 08:01 294367                     /home/zlin/java/jdk1.8.0_91/jre/lib/amd64/libjava.so
7f53fc688000-7f53fc888000 ---p 0002a000 08:01 294367                     /home/zlin/java/jdk1.8.0_91/jre/lib/amd64/libjava.so
7f53fc888000-7f53fc88a000 rw-p 0002a000 08:01 294367                     /home/zlin/java/jdk1.8.0_91/jre/lib/amd64/libjava.so
7f53fc88a000-7f53fc897000 r-xp 00000000 08:01 294371                     /home/zlin/java/jdk1.8.0_91/jre/lib/amd64/libverify.so
7f53fc897000-7f53fca97000 ---p 0000d000 08:01 294371                     /home/zlin/java/jdk1.8.0_91/jre/lib/amd64/libverify.so
7f53fca97000-7f53fca99000 rw-p 0000d000 08:01 294371                     /home/zlin/java/jdk1.8.0_91/jre/lib/amd64/libverify.so
7f53fca99000-7f53fcaa0000 r-xp 00000000 08:01 4725701                    /lib/x86_64-linux-gnu/librt-2.19.so
7f53fcaa0000-7f53fcc9f000 ---p 00007000 08:01 4725701                    /lib/x86_64-linux-gnu/librt-2.19.so
7f53fcc9f000-7f53fcca0000 r--p 00006000 08:01 4725701                    /lib/x86_64-linux-gnu/librt-2.19.so
7f53fcca0000-7f53fcca1000 rw-p 00007000 08:01 4725701                    /lib/x86_64-linux-gnu/librt-2.19.so
7f53fcca1000-7f53fcda6000 r-xp 00000000 08:01 4725684                    /lib/x86_64-linux-gnu/libm-2.19.so
7f53fcda6000-7f53fcfa5000 ---p 00105000 08:01 4725684                    /lib/x86_64-linux-gnu/libm-2.19.so
7f53fcfa5000-7f53fcfa6000 r--p 00104000 08:01 4725684                    /lib/x86_64-linux-gnu/libm-2.19.so
7f53fcfa6000-7f53fcfa7000 rw-p 00105000 08:01 4725684                    /lib/x86_64-linux-gnu/libm-2.19.so
7f53fcfa7000-7f53fdc67000 r-xp 00000000 08:01 294349                     /home/zlin/java/jdk1.8.0_91/jre/lib/amd64/server/libjvm.so
7f53fdc67000-7f53fde67000 ---p 00cc0000 08:01 294349                     /home/zlin/java/jdk1.8.0_91/jre/lib/amd64/server/libjvm.so
7f53fde67000-7f53fdf3f000 rw-p 00cc0000 08:01 294349                     /home/zlin/java/jdk1.8.0_91/jre/lib/amd64/server/libjvm.so
7f53fdf3f000-7f53fdf8a000 rw-p 00000000 00:00 0 
7f53fdf8a000-7f53fe144000 r-xp 00000000 08:01 4725702                    /lib/x86_64-linux-gnu/libc-2.19.so
7f53fe144000-7f53fe344000 ---p 001ba000 08:01 4725702                    /lib/x86_64-linux-gnu/libc-2.19.so
7f53fe344000-7f53fe348000 r--p 001ba000 08:01 4725702                    /lib/x86_64-linux-gnu/libc-2.19.so
7f53fe348000-7f53fe34a000 rw-p 001be000 08:01 4725702                    /lib/x86_64-linux-gnu/libc-2.19.so
7f53fe34a000-7f53fe34f000 rw-p 00000000 00:00 0 
7f53fe34f000-7f53fe352000 r-xp 00000000 08:01 4725689                    /lib/x86_64-linux-gnu/libdl-2.19.so
7f53fe352000-7f53fe551000 ---p 00003000 08:01 4725689                    /lib/x86_64-linux-gnu/libdl-2.19.so
7f53fe551000-7f53fe552000 r--p 00002000 08:01 4725689                    /lib/x86_64-linux-gnu/libdl-2.19.so
7f53fe552000-7f53fe553000 rw-p 00003000 08:01 4725689                    /lib/x86_64-linux-gnu/libdl-2.19.so
7f53fe553000-7f53fe568000 r-xp 00000000 08:01 296409                     /home/zlin/java/jdk1.8.0_91/lib/amd64/jli/libjli.so
7f53fe568000-7f53fe768000 ---p 00015000 08:01 296409                     /home/zlin/java/jdk1.8.0_91/lib/amd64/jli/libjli.so
7f53fe768000-7f53fe769000 rw-p 00015000 08:01 296409                     /home/zlin/java/jdk1.8.0_91/lib/amd64/jli/libjli.so
7f53fe769000-7f53fe782000 r-xp 00000000 08:01 4725694                    /lib/x86_64-linux-gnu/libpthread-2.19.so
7f53fe782000-7f53fe981000 ---p 00019000 08:01 4725694                    /lib/x86_64-linux-gnu/libpthread-2.19.so
7f53fe981000-7f53fe982000 r--p 00018000 08:01 4725694                    /lib/x86_64-linux-gnu/libpthread-2.19.so
7f53fe982000-7f53fe983000 rw-p 00019000 08:01 4725694                    /lib/x86_64-linux-gnu/libpthread-2.19.so
7f53fe983000-7f53fe987000 rw-p 00000000 00:00 0 
7f53fe987000-7f53fe9aa000 r-xp 00000000 08:01 4725695                    /lib/x86_64-linux-gnu/ld-2.19.so
7f53fe9aa000-7f53fe9ac000 r--s 0000c000 08:01 2359611                    /home/zlin/.gradle/caches/modules-2/files-2.1/org.jboss.logging/jboss-logging/3.1.3.GA/64499e907f19e5e1b3fdc02f81440c1832fe3545/jboss-logging-3.1.3.GA.jar
7f53fe9ac000-7f53fe9bd000 r--s 000f7000 08:01 2371091                    /home/zlin/.gradle/caches/modules-2/files-2.1/com.fasterxml.jackson.core/jackson-databind/2.4.6/3e63a25de4065697b185f523ed5e020c0db3ff0/jackson-databind-2.4.6.jar
7f53fe9bd000-7f53fea88000 rw-p 00000000 00:00 0 
7f53fea88000-7f53fea8b000 ---p 00000000 00:00 0 
7f53fea8b000-7f53feb8d000 rw-p 00000000 00:00 0                          [stack:8742]
7f53feb8d000-7f53feb8e000 r--s 00005000 08:01 2359644                    /home/zlin/.gradle/caches/modules-2/files-2.1/org.slf4j/log4j-over-slf4j/1.7.12/d2444c9c7c1923304c25f86c5ee83a79a8166205/log4j-over-slf4j-1.7.12.jar
7f53feb8e000-7f53feb8f000 r--s 00009000 08:01 2359631                    /home/zlin/.gradle/caches/modules-2/files-2.1/org.apache.tomcat.embed/tomcat-embed-logging-juli/8.0.28/315e9c3d6d93fcb482eea89ee23c9af9fd1cc4b5/tomcat-embed-logging-juli-8.0.28.jar
7f53feb8f000-7f53feb90000 r--s 00000000 08:01 2359629                    /home/zlin/.gradle/caches/modules-2/files-2.1/org.springframework.boot/spring-boot-starter-logging/1.2.7.RELEASE/5da2dd7325c5b812cc11681279c9ab0bc766e9c7/spring-boot-starter-logging-1.2.7.RELEASE.jar
7f53feb90000-7f53feb91000 r--s 00000000 08:01 2359605                    /home/zlin/.gradle/caches/modules-2/files-2.1/org.springframework.boot/spring-boot-starter-tomcat/1.2.7.RELEASE/98229baad7ab207a98c2cce5987b0d34b44dabe7/spring-boot-starter-tomcat-1.2.7.RELEASE.jar
7f53feb91000-7f53feb92000 r--s 00000000 08:01 2359604                    /home/zlin/.gradle/caches/modules-2/files-2.1/org.springframework.boot/spring-boot-starter/1.2.7.RELEASE/58ecbf80587aeb883810a4be00cab15701209437/spring-boot-starter-1.2.7.RELEASE.jar
7f53feb92000-7f53feb9b000 r--s 00094000 08:01 2359575                    /home/zlin/.gradle/caches/modules-2/files-2.1/org.apache.tomcat.embed/tomcat-embed-jasper/8.0.28/c60d1683e11aa0fbca5a916d95e1fa52b8fb20b4/tomcat-embed-jasper-8.0.28.jar
7f53feb9b000-7f53feb9c000 r--s 00000000 08:01 2359574                    /home/zlin/.gradle/caches/modules-2/files-2.1/org.springframework.boot/spring-boot-starter-web/1.2.7.RELEASE/2ac141c925462c52186db8ef2caa0b3335f41a8/spring-boot-starter-web-1.2.7.RELEASE.jar
7f53feb9c000-7f53feb9d000 r--s 00002000 08:01 5778289                    /home/zlin/src/monitor/base/build/libs/base-1.0-SNAPSHOT.jar
7f53feb9d000-7f53feba5000 rw-s 00000000 08:01 2372267                    /tmp/hsperfdata_zlin/8737
7f53feba5000-7f53feba6000 rw-p 00000000 00:00 0 
7f53feba6000-7f53feba7000 r--p 00000000 00:00 0 
7f53feba7000-7f53feba9000 rw-p 00000000 00:00 0 
7f53feba9000-7f53febaa000 r--p 00022000 08:01 4725695                    /lib/x86_64-linux-gnu/ld-2.19.so
7f53febaa000-7f53febab000 rw-p 00023000 08:01 4725695                    /lib/x86_64-linux-gnu/ld-2.19.so
7f53febab000-7f53febac000 rw-p 00000000 00:00 0 
7ffff371c000-7ffff373f000 rw-p 00000000 00:00 0                          [stack]
7ffff37f3000-7ffff37f5000 r--p 00000000 00:00 0                          [vvar]
7ffff37f5000-7ffff37f7000 r-xp 00000000 00:00 0                          [vdso]
ffffffffff600000-ffffffffff601000 r-xp 00000000 00:00 0                  [vsyscall]

VM Arguments:
jvm_args: -agentlib:jdwp=transport=dt_socket,server=n,suspend=y,address=55754 -Dfile.encoding=UTF-8 -Duser.country=US -Duser.language=en -Duser.variant 
java_command: linec.monitor.server.Application
java_class_path (initial): /home/zlin/src/monitor/server/build/classes/main:/home/zlin/src/monitor/server/build/resources/main:/home/zlin/src/monitor/base/build/libs/base-1.0-SNAPSHOT.jar:/home/zlin/.gradle/caches/modules-2/files-2.1/org.springframework.boot/spring-boot-starter-web/1.2.7.RELEASE/2ac141c925462c52186db8ef2caa0b3335f41a8/spring-boot-starter-web-1.2.7.RELEASE.jar:/home/zlin/.gradle/caches/modules-2/files-2.1/org.apache.tomcat.embed/tomcat-embed-jasper/8.0.28/c60d1683e11aa0fbca5a916d95e1fa52b8fb20b4/tomcat-embed-jasper-8.0.28.jar:/home/zlin/.gradle/caches/modules-2/files-2.1/org.springframework.boot/spring-boot-starter/1.2.7.RELEASE/58ecbf80587aeb883810a4be00cab15701209437/spring-boot-starter-1.2.7.RELEASE.jar:/home/zlin/.gradle/caches/modules-2/files-2.1/org.springframework.boot/spring-boot-starter-tomcat/1.2.7.RELEASE/98229baad7ab207a98c2cce5987b0d34b44dabe7/spring-boot-starter-tomcat-1.2.7.RELEASE.jar:/home/zlin/.gradle/caches/modules-2/files-2.1/com.fasterxml.jackson.core/jackson-databind/2.4.6/3e63a25de4065697b185f523ed5e020c0db3ff0/jackson-databind-2.4.6.jar:/home/zlin/.gradle/caches/modules-2/files-2.1/org.hibernate/hibernate-validator/5.1.3.Final/334d46a93cf095160ce06d8382594b904933c808/hibernate-validator-5.1.3.Final.jar:/home/zlin/.gradle/caches/modules-2/files-2.1/org.springframework/spring-core/4.1.8.RELEASE/f1e1d887f325e1fe9005a0c3e4e1b74520f19252/spring-core-4.1.8.RELEASE.jar:/home/zlin/.gradle/caches/modules-2/files-2.1/org.springframework/spring-webmvc/4.1.8.RELEASE/6a7904ceab9967a3b71b7b8543dd087765b17711/spring-webmvc-4.1.8.RELEASE.jar:/home/zlin/.gradle/caches/modules-2/files-2.1/org.apache.tomcat.embed/tomcat-embed-core/8.0.28/dd5f6dea56f0227f1b4e7d85ae6ad8041886fcad/tomcat-embed-core-8.0.28.jar:/home/zlin/.gradle/caches/modules-2/files-2.1/org.apache.tomcat.embed/tomcat-embed-el/8.0.28/12ff86316ae8835b410461401ce8a77d040b0c5f/tomcat-embed-el-8.0.28.jar:/home/zlin/.gradle/caches/modules-2/files-2.1/org.eclipse.jdt.core.compiler/ecj/
Launcher Type: SUN_STANDARD

Environment Variables:
JAVA_HOME=/home/zlin/java/jdk1.8.0_91
JRE_HOME=/home/zlin/java/jdk1.8.0_91/jre
PATH=/home/zlin/java/jdk1.8.0_91/bin:/home/zlin/tool/gradle-2.8/bin:/home/zlin/java/jdk1.8.0_91/bin:/home/zlin/tool/gradle-2.8/bin:/usr/local/sbin:/usr/local/bin:/usr/sbin:/usr/bin:/sbin:/bin:/usr/games:/usr/local/games
LD_LIBRARY_PATH=/home/zlin/idea-IU-162.1447.26/bin:
SHELL=/bin/bash
DISPLAY=:0

Signal Handlers:
SIGSEGV: [libjvm.so+0xabca10], sa_mask[0]=11111111011111111101111111111110, sa_flags=SA_RESTART|SA_SIGINFO
SIGBUS: [libjvm.so+0xabca10], sa_mask[0]=11111111011111111101111111111110, sa_flags=SA_RESTART|SA_SIGINFO
SIGFPE: [libjvm.so+0x919a20], sa_mask[0]=11111111011111111101111111111110, sa_flags=SA_RESTART|SA_SIGINFO
SIGPIPE: [libjvm.so+0x919a20], sa_mask[0]=11111111011111111101111111111110, sa_flags=SA_RESTART|SA_SIGINFO
SIGXFSZ: [libjvm.so+0x919a20], sa_mask[0]=11111111011111111101111111111110, sa_flags=SA_RESTART|SA_SIGINFO
SIGILL: [libjvm.so+0x919a20], sa_mask[0]=11111111011111111101111111111110, sa_flags=SA_RESTART|SA_SIGINFO
SIGUSR1: SIG_DFL, sa_mask[0]=00000000000000000000000000000000, sa_flags=none
SIGUSR2: [libjvm.so+0x91b050], sa_mask[0]=00100000000000000000000000000000, sa_flags=SA_RESTART|SA_SIGINFO
SIGHUP: [libjvm.so+0x91c450], sa_mask[0]=11111111011111111101111111111110, sa_flags=SA_RESTART|SA_SIGINFO
SIGINT: [libjvm.so+0x91c450], sa_mask[0]=11111111011111111101111111111110, sa_flags=SA_RESTART|SA_SIGINFO
SIGTERM: [libjvm.so+0x91c450], sa_mask[0]=11111111011111111101111111111110, sa_flags=SA_RESTART|SA_SIGINFO
SIGQUIT: [libjvm.so+0x91c450], sa_mask[0]=11111111011111111101111111111110, sa_flags=SA_RESTART|SA_SIGINFO


---------------  S Y S T E M  ---------------

OS:DISTRIB_ID=Ubuntu
DISTRIB_RELEASE=14.04
DISTRIB_CODENAME=trusty
DISTRIB_DESCRIPTION="Ubuntu 14.04.4 LTS"

uname:Linux 3.19.0-30-generic #34~14.04.1-Ubuntu SMP Fri Oct 2 22:09:39 UTC 2015 x86_64
libc:glibc 2.19 NPTL 2.19 
rlimit: STACK 8192k, CORE 0k, NPROC 31789, NOFILE 4096, AS infinity
load average:2.68 1.44 0.79

/proc/meminfo:
MemTotal:        8159436 kB
MemFree:         2271908 kB
MemAvailable:    2756324 kB
Buffers:           70104 kB
Cached:           570288 kB
SwapCached:       372992 kB
Active:          3850428 kB
Inactive:        1197888 kB
Active(anon):    3528732 kB
Inactive(anon):   888588 kB
Active(file):     321696 kB
Inactive(file):   309300 kB
Unevictable:         100 kB
Mlocked:             100 kB
SwapTotal:       8385532 kB
SwapFree:        6735292 kB
Dirty:              4268 kB
Writeback:             0 kB
AnonPages:       4378768 kB
Mapped:           218288 kB
Shmem:              9712 kB
Slab:             103716 kB
SReclaimable:      44696 kB
SUnreclaim:        59020 kB
KernelStack:       14592 kB
PageTables:        47600 kB
NFS_Unstable:          0 kB
Bounce:                0 kB
WritebackTmp:          0 kB
CommitLimit:    12465248 kB
Committed_AS:   10679272 kB
VmallocTotal:   34359738367 kB
VmallocUsed:      188936 kB
VmallocChunk:   34359456516 kB
HardwareCorrupted:     0 kB
AnonHugePages:   2621440 kB
CmaTotal:              0 kB
CmaFree:               0 kB
HugePages_Total:       0
HugePages_Free:        0
HugePages_Rsvd:        0
HugePages_Surp:        0
Hugepagesize:       2048 kB
DirectMap4k:      149312 kB
DirectMap2M:     6141952 kB
DirectMap1G:     4194304 kB


CPU:total 4 (1 cores per cpu, 1 threads per core) family 6 model 63 stepping 2, cmov, cx8, fxsr, mmx, sse, sse2, sse3, ssse3, sse4.1, sse4.2, popcnt, avx, avx2, aes, clmul, erms, lzcnt, tsc, tscinvbit, bmi1, bmi2

/proc/cpuinfo:
processor	: 0
vendor_id	: GenuineIntel
cpu family	: 6
model		: 63
model name	: Intel(R) Xeon(R) CPU E5-2623 v3 @ 3.00GHz
stepping	: 2
microcode	: 0x36
cpu MHz		: 2993.067
cache size	: 10240 KB
physical id	: 0
siblings	: 1
core id		: 0
cpu cores	: 1
apicid		: 0
initial apicid	: 0
fpu		: yes
fpu_exception	: yes
cpuid level	: 15
wp		: yes
flags		: fpu vme de pse tsc msr pae mce cx8 apic sep mtrr pge mca cmov pat pse36 clflush dts mmx fxsr sse sse2 ss syscall nx pdpe1gb rdtscp lm constant_tsc arch_perfmon pebs bts nopl xtopology tsc_reliable nonstop_tsc aperfmperf eagerfpu pni pclmulqdq ssse3 fma cx16 pcid sse4_1 sse4_2 x2apic movbe popcnt tsc_deadline_timer aes xsave avx f16c rdrand hypervisor lahf_lm abm ida arat epb pln pts dtherm fsgsbase tsc_adjust bmi1 avx2 smep bmi2 invpcid xsaveopt
bugs		:
bogomips	: 5986.13
clflush size	: 64
cache_alignment	: 64
address sizes	: 42 bits physical, 48 bits virtual
power management:

processor	: 1
vendor_id	: GenuineIntel
cpu family	: 6
model		: 63
model name	: Intel(R) Xeon(R) CPU E5-2623 v3 @ 3.00GHz
stepping	: 2
microcode	: 0x36
cpu MHz		: 2993.067
cache size	: 10240 KB
physical id	: 2
siblings	: 1
core id		: 0
cpu cores	: 1
apicid		: 2
initial apicid	: 2
fpu		: yes
fpu_exception	: yes
cpuid level	: 15
wp		: yes
flags		: fpu vme de pse tsc msr pae mce cx8 apic sep mtrr pge mca cmov pat pse36 clflush dts mmx fxsr sse sse2 ss syscall nx pdpe1gb rdtscp lm constant_tsc arch_perfmon pebs bts nopl xtopology tsc_reliable nonstop_tsc aperfmperf eagerfpu pni pclmulqdq ssse3 fma cx16 pcid sse4_1 sse4_2 x2apic movbe popcnt tsc_deadline_timer aes xsave avx f16c rdrand hypervisor lahf_lm abm ida arat epb pln pts dtherm fsgsbase tsc_adjust bmi1 avx2 smep bmi2 invpcid xsaveopt
bugs		:
bogomips	: 5986.13
clflush size	: 64
cache_alignment	: 64
address sizes	: 42 bits physical, 48 bits virtual
power management:

processor	: 2
vendor_id	: GenuineIntel
cpu family	: 6
model		: 63
model name	: Intel(R) Xeon(R) CPU E5-2623 v3 @ 3.00GHz
stepping	: 2
microcode	: 0x36
cpu MHz		: 2993.067
cache size	: 10240 KB
physical id	: 4
siblings	: 1
core id		: 0
cpu cores	: 1
apicid		: 4
initial apicid	: 4
fpu		: yes
fpu_exception	: yes
cpuid level	: 15
wp		: yes
flags		: fpu vme de pse tsc msr pae mce cx8 apic sep mtrr pge mca cmov pat pse36 clflush dts mmx fxsr sse sse2 ss syscall nx pdpe1gb rdtscp lm constant_tsc arch_perfmon pebs bts nopl xtopology tsc_reliable nonstop_tsc aperfmperf eagerfpu pni pclmulqdq ssse3 fma cx16 pcid sse4_1 sse4_2 x2apic movbe popcnt tsc_deadline_timer aes xsave avx f16c rdrand hypervisor lahf_lm abm ida arat epb pln pts dtherm fsgsbase tsc_adjust bmi1 avx2 smep bmi2 invpcid xsaveopt
bugs		:
bogomips	: 5986.13
clflush size	: 64
cache_alignment	: 64
address sizes	: 42 bits physical, 48 bits virtual
power management:

processor	: 3
vendor_id	: GenuineIntel
cpu family	: 6
model		: 63
model name	: Intel(R) Xeon(R) CPU E5-2623 v3 @ 3.00GHz
stepping	: 2
microcode	: 0x36
cpu MHz		: 2993.067
cache size	: 10240 KB
physical id	: 6
siblings	: 1
core id		: 0
cpu cores	: 1
apicid		: 6
initial apicid	: 6
fpu		: yes
fpu_exception	: yes
cpuid level	: 15
wp		: yes
flags		: fpu vme de pse tsc msr pae mce cx8 apic sep mtrr pge mca cmov pat pse36 clflush dts mmx fxsr sse sse2 ss syscall nx pdpe1gb rdtscp lm constant_tsc arch_perfmon pebs bts nopl xtopology tsc_reliable nonstop_tsc aperfmperf eagerfpu pni pclmulqdq ssse3 fma cx16 pcid sse4_1 sse4_2 x2apic movbe popcnt tsc_deadline_timer aes xsave avx f16c rdrand hypervisor lahf_lm abm ida arat epb pln pts dtherm fsgsbase tsc_adjust bmi1 avx2 smep bmi2 invpcid xsaveopt
bugs		:
bogomips	: 5986.13
clflush size	: 64
cache_alignment	: 64
address sizes	: 42 bits physical, 48 bits virtual
power management:



Memory: 4k page, physical 8159436k(2271908k free), swap 8385532k(6735292k free)

vm_info: Java HotSpot(TM) 64-Bit Server VM (25.91-b14) for linux-amd64 JRE (1.8.0_91-b14), built on Apr  1 2016 00:57:21 by "java_re" with gcc 4.3.0 20080428 (Red Hat 4.3.0-8)

time: Wed May 24 09:46:38 2017
elapsed time: 5391 seconds (0d 1h 29m 51s)

